#
# There is insufficient memory for the Java Runtime Environment to continue.
# Native memory allocation (malloc) failed to allocate 919792 bytes for Chunk::new
# Possible reasons:
#   The system is out of physical RAM or swap space
#   The process is running with CompressedOops enabled, and the Java Heap may be blocking the growth of the native heap
# Possible solutions:
#   Reduce memory load on the system
#   Increase physical memory or swap space
#   Check if swap backing store is full
#   Decrease Java heap size (-Xmx/-Xms)
#   Decrease number of Java threads
#   Decrease Java thread stack sizes (-Xss)
#   Set larger code cache with -XX:ReservedCodeCacheSize=
#   JVM is running with Unscaled Compressed Oops mode in which the Java heap is
#     placed in the first 4GB address space. The Java Heap base address is the
#     maximum limit for the native heap growth. Please use -XX:HeapBaseMinAddress
#     to set the Java Heap base and to place the Java Heap above 4GB virtual address.
# This output file may be truncated or incomplete.
#
#  Out of Memory Error (arena.cpp:184), pid=37060, tid=34488
#
# JRE version: Java(TM) SE Runtime Environment (20.0.2+9) (build 20.0.2+9-78)
# Java VM: Java HotSpot(TM) 64-Bit Server VM (20.0.2+9-78, mixed mode, sharing, tiered, compressed oops, compressed class ptrs, g1 gc, windows-amd64)
# No core dump will be written. Minidumps are not enabled by default on client versions of Windows
#

---------------  S U M M A R Y ------------

Command Line: -Dfile.encoding=UTF-8 -Dstdout.encoding=UTF-8 -Dstderr.encoding=UTF-8 -XX:+ShowCodeDetailsInExceptionMessages com.site3.ecommerce.ECommerceApplication

Host: Intel(R) Core(TM) i5-1035G1 CPU @ 1.00GHz, 8 cores, 7G,  Windows 10 , 64 bit Build 19041 (10.0.19041.3570)
Time: Mon Oct 30 12:22:15 2023 Paris, Madrid elapsed time: 382.394238 seconds (0d 0h 6m 22s)

---------------  T H R E A D  ---------------

Current thread (0x000002107380cde0):  JavaThread "C2 CompilerThread0" daemon [_thread_in_native, id=34488, stack(0x00000045d5100000,0x00000045d5200000)]


Current CompileTask:
C2: 382394 11618 %     4       com.mysql.cj.QueryInfo::<init> @ 448 (1618 bytes)

Stack: [0x00000045d5100000,0x00000045d5200000]
Native frames: (J=compiled Java code, j=interpreted, Vv=VM code, C=native code)
V  [jvm.dll+0x6bc25a]
V  [jvm.dll+0x84971a]
V  [jvm.dll+0x84b315]
V  [jvm.dll+0x84ba13]
V  [jvm.dll+0x280e4f]
V  [jvm.dll+0xc2ab1]
V  [jvm.dll+0xc2dd5]
V  [jvm.dll+0x3bb64c]
V  [jvm.dll+0x385b75]
V  [jvm.dll+0x384fea]
V  [jvm.dll+0x24b529]
V  [jvm.dll+0x24a921]
V  [jvm.dll+0x1ce761]
V  [jvm.dll+0x25a0eb]
V  [jvm.dll+0x2587c0]
V  [jvm.dll+0x3f2dd5]
V  [jvm.dll+0x7f5c76]
V  [jvm.dll+0x6baecb]
C  [ucrtbase.dll+0x21bb2]
C  [KERNEL32.DLL+0x17344]
C  [ntdll.dll+0x526b1]


---------------  P R O C E S S  ---------------

Threads class SMR info:
_java_thread_list=0x0000021074d27cb0, length=31, elements={
0x000002106eddc6b0, 0x000002106edde1c0, 0x000002106ede3e70, 0x000002106ede6f80,
0x000002106ede8f80, 0x000002106ede94d0, 0x000002107380cde0, 0x000002107380f8f0,
0x000002106edeaf60, 0x000002106ede8a30, 0x000002107539dfe0, 0x000002107539d540,
0x000002107539f520, 0x000002107539ffc0, 0x000002106edeb4b0, 0x0000021076687040,
0x00000210766855b0, 0x0000021076683080, 0x0000021076684070, 0x0000021076688ad0,
0x00000210766845c0, 0x0000021076685b00, 0x0000021076689020, 0x0000021076686050,
0x00000210766865a0, 0x000002107668aab0, 0x0000021076688580, 0x00000210766835d0,
0x0000021076689ac0, 0x0000021076686af0, 0x0000021076683b20
}

Java Threads: ( => current thread )
  0x000002106eddc6b0 JavaThread "Reference Handler" daemon [_thread_blocked, id=40228, stack(0x00000045d4b00000,0x00000045d4c00000)]
  0x000002106edde1c0 JavaThread "Finalizer" daemon [_thread_blocked, id=15536, stack(0x00000045d4c00000,0x00000045d4d00000)]
  0x000002106ede3e70 JavaThread "Signal Dispatcher" daemon [_thread_blocked, id=38168, stack(0x00000045d4d00000,0x00000045d4e00000)]
  0x000002106ede6f80 JavaThread "Attach Listener" daemon [_thread_blocked, id=38620, stack(0x00000045d4e00000,0x00000045d4f00000)]
  0x000002106ede8f80 JavaThread "Service Thread" daemon [_thread_blocked, id=39400, stack(0x00000045d4f00000,0x00000045d5000000)]
  0x000002106ede94d0 JavaThread "Monitor Deflation Thread" daemon [_thread_blocked, id=14360, stack(0x00000045d5000000,0x00000045d5100000)]
=>0x000002107380cde0 JavaThread "C2 CompilerThread0" daemon [_thread_in_native, id=34488, stack(0x00000045d5100000,0x00000045d5200000)]
  0x000002107380f8f0 JavaThread "C1 CompilerThread0" daemon [_thread_in_vm, id=23224, stack(0x00000045d5200000,0x00000045d5300000)]
  0x000002106edeaf60 JavaThread "Notification Thread" daemon [_thread_blocked, id=39984, stack(0x00000045d5300000,0x00000045d5400000)]
  0x000002106ede8a30 JavaThread "Common-Cleaner" daemon [_thread_blocked, id=16612, stack(0x00000045d5500000,0x00000045d5600000)]
  0x000002107539dfe0 JavaThread "mysql-cj-abandoned-connection-cleanup" daemon [_thread_blocked, id=10784, stack(0x00000045d6100000,0x00000045d6200000)]
  0x000002107539d540 JavaThread "Catalina-utility-1" [_thread_blocked, id=39172, stack(0x00000045d6200000,0x00000045d6300000)]
  0x000002107539f520 JavaThread "Catalina-utility-2" [_thread_blocked, id=40648, stack(0x00000045d6300000,0x00000045d6400000)]
  0x000002107539ffc0 JavaThread "container-0" [_thread_blocked, id=40184, stack(0x00000045d6400000,0x00000045d6500000)]
  0x000002106edeb4b0 JavaThread "HikariPool-1 housekeeper" daemon [_thread_blocked, id=27192, stack(0x00000045d6600000,0x00000045d6700000)]
  0x0000021076687040 JavaThread "File Watcher" daemon [_thread_blocked, id=36696, stack(0x00000045d6800000,0x00000045d6900000)]
  0x00000210766855b0 JavaThread "Live Reload Server" daemon [_thread_in_native, id=40476, stack(0x00000045d6a00000,0x00000045d6b00000)]
  0x0000021076683080 JavaThread "spring.cloud.inetutils" daemon [_thread_blocked, id=34288, stack(0x00000045d6900000,0x00000045d6a00000)]
  0x0000021076684070 JavaThread "http-nio-8090-exec-1" daemon [_thread_blocked, id=39648, stack(0x00000045d6700000,0x00000045d6800000)]
  0x0000021076688ad0 JavaThread "http-nio-8090-exec-2" daemon [_thread_in_Java, id=35916, stack(0x00000045d6b00000,0x00000045d6c00000)]
  0x00000210766845c0 JavaThread "http-nio-8090-exec-3" daemon [_thread_blocked, id=40092, stack(0x00000045d6c00000,0x00000045d6d00000)]
  0x0000021076685b00 JavaThread "http-nio-8090-exec-4" daemon [_thread_blocked, id=31972, stack(0x00000045d6d00000,0x00000045d6e00000)]
  0x0000021076689020 JavaThread "http-nio-8090-exec-5" daemon [_thread_blocked, id=8816, stack(0x00000045d6e00000,0x00000045d6f00000)]
  0x0000021076686050 JavaThread "http-nio-8090-exec-6" daemon [_thread_in_Java, id=41836, stack(0x00000045d6f00000,0x00000045d7000000)]
  0x00000210766865a0 JavaThread "http-nio-8090-exec-7" daemon [_thread_blocked, id=32452, stack(0x00000045d7000000,0x00000045d7100000)]
  0x000002107668aab0 JavaThread "http-nio-8090-exec-8" daemon [_thread_blocked, id=39632, stack(0x00000045d7100000,0x00000045d7200000)]
  0x0000021076688580 JavaThread "http-nio-8090-exec-9" daemon [_thread_blocked, id=14920, stack(0x00000045d7200000,0x00000045d7300000)]
  0x00000210766835d0 JavaThread "http-nio-8090-exec-10" daemon [_thread_blocked, id=29276, stack(0x00000045d7300000,0x00000045d7400000)]
  0x0000021076689ac0 JavaThread "http-nio-8090-Poller" daemon [_thread_in_native, id=12212, stack(0x00000045d7400000,0x00000045d7500000)]
  0x0000021076686af0 JavaThread "http-nio-8090-Acceptor" daemon [_thread_in_native, id=29056, stack(0x00000045d7500000,0x00000045d7600000)]
  0x0000021076683b20 JavaThread "DestroyJavaVM" [_thread_blocked, id=36156, stack(0x00000045d4400000,0x00000045d4500000)]

Other Threads:
  0x000002106edbc590 VMThread "VM Thread" [stack: 0x00000045d4a00000,0x00000045d4b00000] [id=10664]
  0x0000021073a389f0 WatcherThread "VM Periodic Task Thread" [stack: 0x00000045d5400000,0x00000045d5500000] [id=41116]
  0x0000021052b3fe20 WorkerThread "GC Thread#0" [stack: 0x00000045d4500000,0x00000045d4600000] [id=33748]
  0x00000210741bcea0 WorkerThread "GC Thread#1" [stack: 0x00000045d5700000,0x00000045d5800000] [id=29140]
  0x00000210741bd170 WorkerThread "GC Thread#2" [stack: 0x00000045d5800000,0x00000045d5900000] [id=38748]
  0x00000210741bc630 WorkerThread "GC Thread#3" [stack: 0x00000045d5900000,0x00000045d5a00000] [id=33740]
  0x00000210741bdcb0 WorkerThread "GC Thread#4" [stack: 0x00000045d5a00000,0x00000045d5b00000] [id=30884]
  0x00000210741bcbd0 WorkerThread "GC Thread#5" [stack: 0x00000045d5b00000,0x00000045d5c00000] [id=25240]
  0x00000210741bc090 WorkerThread "GC Thread#6" [stack: 0x00000045d5c00000,0x00000045d5d00000] [id=41900]
  0x00000210741bd710 WorkerThread "GC Thread#7" [stack: 0x00000045d6000000,0x00000045d6100000] [id=39460]
  0x0000021052b522a0 ConcurrentGCThread "G1 Main Marker" [stack: 0x00000045d4600000,0x00000045d4700000] [id=22784]
  0x0000021052b52be0 WorkerThread "G1 Conc#0" [stack: 0x00000045d4700000,0x00000045d4800000] [id=33160]
  0x00000210741bc360 WorkerThread "G1 Conc#1" [stack: 0x00000045d5f00000,0x00000045d6000000] [id=38404]
  0x0000021052b7e0e0 ConcurrentGCThread "G1 Refine#0" [stack: 0x00000045d4800000,0x00000045d4900000] [id=35700]
  0x0000021052b7ea90 ConcurrentGCThread "G1 Service" [stack: 0x00000045d4900000,0x00000045d4a00000] [id=26180]

Threads with active compile tasks:
C2 CompilerThread0   382616 11618 %     4       com.mysql.cj.QueryInfo::<init> @ 448 (1618 bytes)
C1 CompilerThread0   382617 11648       3       com.fasterxml.jackson.databind.ser.BasicSerializerFactory::createKeySerializer (290 bytes)

VM state: not at safepoint (normal execution)

VM Mutex/Monitor currently owned by a thread: None

Heap address: 0x0000000083600000, size: 1994 MB, Compressed Oops mode: 32-bit

CDS archive(s) mapped at: [0x0000021000000000-0x0000021000c60000-0x0000021000c60000), size 12976128, SharedBaseAddress: 0x0000021000000000, ArchiveRelocationMode: 1.
Compressed class space mapped at: 0x0000021001000000-0x0000021041000000, reserved size: 1073741824
Narrow klass base: 0x0000021000000000, Narrow klass shift: 0, Narrow klass range: 0x100000000

GC Precious Log:
 CardTable entry size: 512
 Card Set container configuration: InlinePtr #cards 5 size 8 Array Of Cards #cards 12 size 40 Howl #buckets 4 coarsen threshold 1843 Howl Bitmap #cards 512 size 80 coarsen threshold 460 Card regions per heap region 1 cards per card region 2048
 CPUs: 8 total, 8 available
 Memory: 7973M
 Large Page Support: Disabled
 NUMA Support: Disabled
 Compressed Oops: Enabled (32-bit)
 Heap Region Size: 1M
 Heap Min Capacity: 8M
 Heap Initial Capacity: 126M
 Heap Max Capacity: 1994M
 Pre-touch: Disabled
 Parallel Workers: 8
 Concurrent Workers: 2
 Concurrent Refinement Workers: 8
 Periodic GC: Disabled

Heap:
 garbage-first heap   total 102400K, used 88442K [0x0000000083600000, 0x0000000100000000)
  region size 1024K, 31 young (31744K), 2 survivors (2048K)
 Metaspace       used 78664K, committed 79552K, reserved 1179648K
  class space    used 10313K, committed 10752K, reserved 1048576K

Heap Regions: E=young(eden), S=young(survivor), O=old, HS=humongous(starts), HC=humongous(continues), CS=collection set, F=free, OA=open archive, CA=closed archive, TAMS=top-at-mark-start, PB=parsable bottom
|   0|0x0000000083600000, 0x0000000083700000, 0x0000000083700000|100%|HS|  |TAMS 0x0000000083600000| PB 0x0000000083600000| Complete 
|   1|0x0000000083700000, 0x0000000083800000, 0x0000000083800000|100%| O|  |TAMS 0x0000000083700000| PB 0x0000000083700000| Untracked 
|   2|0x0000000083800000, 0x0000000083900000, 0x0000000083900000|100%| O|  |TAMS 0x0000000083800000| PB 0x0000000083800000| Untracked 
|   3|0x0000000083900000, 0x0000000083a00000, 0x0000000083a00000|100%| O|  |TAMS 0x0000000083900000| PB 0x0000000083900000| Untracked 
|   4|0x0000000083a00000, 0x0000000083b00000, 0x0000000083b00000|100%| O|  |TAMS 0x0000000083a00000| PB 0x0000000083a00000| Untracked 
|   5|0x0000000083b00000, 0x0000000083c00000, 0x0000000083c00000|100%| O|  |TAMS 0x0000000083b00000| PB 0x0000000083b00000| Untracked 
|   6|0x0000000083c00000, 0x0000000083d00000, 0x0000000083d00000|100%| O|  |TAMS 0x0000000083c00000| PB 0x0000000083c00000| Untracked 
|   7|0x0000000083d00000, 0x0000000083e00000, 0x0000000083e00000|100%| O|  |TAMS 0x0000000083d00000| PB 0x0000000083d00000| Untracked 
|   8|0x0000000083e00000, 0x0000000083f00000, 0x0000000083f00000|100%| O|  |TAMS 0x0000000083e00000| PB 0x0000000083e00000| Untracked 
|   9|0x0000000083f00000, 0x0000000084000000, 0x0000000084000000|100%| O|  |TAMS 0x0000000083f00000| PB 0x0000000083f00000| Untracked 
|  10|0x0000000084000000, 0x00000000840fca00, 0x0000000084100000| 98%| O|  |TAMS 0x0000000084000000| PB 0x0000000084000000| Untracked 
|  11|0x0000000084100000, 0x0000000084200000, 0x0000000084200000|100%| O|  |TAMS 0x0000000084100000| PB 0x0000000084100000| Untracked 
|  12|0x0000000084200000, 0x0000000084300000, 0x0000000084300000|100%| O|  |TAMS 0x0000000084200000| PB 0x0000000084200000| Untracked 
|  13|0x0000000084300000, 0x0000000084400000, 0x0000000084400000|100%| O|  |TAMS 0x0000000084300000| PB 0x0000000084300000| Untracked 
|  14|0x0000000084400000, 0x0000000084500000, 0x0000000084500000|100%| O|  |TAMS 0x0000000084400000| PB 0x0000000084400000| Untracked 
|  15|0x0000000084500000, 0x0000000084600000, 0x0000000084600000|100%| O|  |TAMS 0x0000000084500000| PB 0x0000000084500000| Untracked 
|  16|0x0000000084600000, 0x0000000084700000, 0x0000000084700000|100%| O|  |TAMS 0x0000000084600000| PB 0x0000000084600000| Untracked 
|  17|0x0000000084700000, 0x0000000084800000, 0x0000000084800000|100%| O|  |TAMS 0x0000000084700000| PB 0x0000000084700000| Untracked 
|  18|0x0000000084800000, 0x0000000084900000, 0x0000000084900000|100%| O|  |TAMS 0x0000000084800000| PB 0x0000000084800000| Untracked 
|  19|0x0000000084900000, 0x0000000084a00000, 0x0000000084a00000|100%| O|  |TAMS 0x0000000084900000| PB 0x0000000084900000| Untracked 
|  20|0x0000000084a00000, 0x0000000084b00000, 0x0000000084b00000|100%| O|  |TAMS 0x0000000084a00000| PB 0x0000000084a00000| Untracked 
|  21|0x0000000084b00000, 0x0000000084c00000, 0x0000000084c00000|100%| O|  |TAMS 0x0000000084b00000| PB 0x0000000084b00000| Untracked 
|  22|0x0000000084c00000, 0x0000000084d00000, 0x0000000084d00000|100%| O|  |TAMS 0x0000000084c00000| PB 0x0000000084c00000| Untracked 
|  23|0x0000000084d00000, 0x0000000084e00000, 0x0000000084e00000|100%| O|  |TAMS 0x0000000084d00000| PB 0x0000000084d00000| Untracked 
|  24|0x0000000084e00000, 0x0000000084f00000, 0x0000000084f00000|100%| O|  |TAMS 0x0000000084e00000| PB 0x0000000084e00000| Untracked 
|  25|0x0000000084f00000, 0x0000000085000000, 0x0000000085000000|100%| O|  |TAMS 0x0000000084f00000| PB 0x0000000084f00000| Untracked 
|  26|0x0000000085000000, 0x0000000085100000, 0x0000000085100000|100%| O|  |TAMS 0x0000000085000000| PB 0x0000000085000000| Untracked 
|  27|0x0000000085100000, 0x0000000085200000, 0x0000000085200000|100%| O|  |TAMS 0x0000000085100000| PB 0x0000000085100000| Untracked 
|  28|0x0000000085200000, 0x0000000085300000, 0x0000000085300000|100%| O|  |TAMS 0x0000000085200000| PB 0x0000000085200000| Untracked 
|  29|0x0000000085300000, 0x0000000085400000, 0x0000000085400000|100%| O|  |TAMS 0x0000000085300000| PB 0x0000000085300000| Untracked 
|  30|0x0000000085400000, 0x0000000085500000, 0x0000000085500000|100%| O|  |TAMS 0x0000000085400000| PB 0x0000000085400000| Untracked 
|  31|0x0000000085500000, 0x0000000085600000, 0x0000000085600000|100%| O|  |TAMS 0x0000000085500000| PB 0x0000000085500000| Untracked 
|  32|0x0000000085600000, 0x0000000085700000, 0x0000000085700000|100%| O|  |TAMS 0x0000000085600000| PB 0x0000000085600000| Untracked 
|  33|0x0000000085700000, 0x0000000085800000, 0x0000000085800000|100%| O|  |TAMS 0x0000000085700000| PB 0x0000000085700000| Untracked 
|  34|0x0000000085800000, 0x00000000858ea800, 0x0000000085900000| 91%| O|  |TAMS 0x0000000085800000| PB 0x0000000085800000| Untracked 
|  35|0x0000000085900000, 0x0000000085a00000, 0x0000000085a00000|100%| O|  |TAMS 0x0000000085900000| PB 0x0000000085900000| Untracked 
|  36|0x0000000085a00000, 0x0000000085b00000, 0x0000000085b00000|100%| O|  |TAMS 0x0000000085a00000| PB 0x0000000085a00000| Untracked 
|  37|0x0000000085b00000, 0x0000000085c00000, 0x0000000085c00000|100%| O|  |TAMS 0x0000000085b00000| PB 0x0000000085b00000| Untracked 
|  38|0x0000000085c00000, 0x0000000085d00000, 0x0000000085d00000|100%| O|  |TAMS 0x0000000085c00000| PB 0x0000000085c00000| Untracked 
|  39|0x0000000085d00000, 0x0000000085e00000, 0x0000000085e00000|100%| O|  |TAMS 0x0000000085d00000| PB 0x0000000085d00000| Untracked 
|  40|0x0000000085e00000, 0x0000000085f00000, 0x0000000085f00000|100%| O|  |TAMS 0x0000000085e00000| PB 0x0000000085e00000| Untracked 
|  41|0x0000000085f00000, 0x0000000086000000, 0x0000000086000000|100%| O|  |TAMS 0x0000000085f00000| PB 0x0000000085f00000| Untracked 
|  42|0x0000000086000000, 0x0000000086100000, 0x0000000086100000|100%| O|  |TAMS 0x0000000086000000| PB 0x0000000086000000| Complete 
|  43|0x0000000086100000, 0x0000000086200000, 0x0000000086200000|100%| O|  |TAMS 0x0000000086100000| PB 0x0000000086100000| Untracked 
|  44|0x0000000086200000, 0x0000000086300000, 0x0000000086300000|100%| O|  |TAMS 0x0000000086200000| PB 0x0000000086200000| Complete 
|  45|0x0000000086300000, 0x0000000086300000, 0x0000000086400000|  0%| F|  |TAMS 0x0000000086300000| PB 0x0000000086300000| Untracked 
|  46|0x0000000086400000, 0x0000000086500000, 0x0000000086500000|100%| O|  |TAMS 0x0000000086400000| PB 0x0000000086400000| Untracked 
|  47|0x0000000086500000, 0x0000000086500000, 0x0000000086600000|  0%| F|  |TAMS 0x0000000086500000| PB 0x0000000086500000| Untracked 
|  48|0x0000000086600000, 0x0000000086700000, 0x0000000086700000|100%| O|  |TAMS 0x0000000086600000| PB 0x0000000086600000| Untracked 
|  49|0x0000000086700000, 0x0000000086800000, 0x0000000086800000|100%| O|  |TAMS 0x0000000086700000| PB 0x0000000086700000| Untracked 
|  50|0x0000000086800000, 0x0000000086800000, 0x0000000086900000|  0%| F|  |TAMS 0x0000000086800000| PB 0x0000000086800000| Untracked 
|  51|0x0000000086900000, 0x0000000086a00000, 0x0000000086a00000|100%| O|  |TAMS 0x0000000086900000| PB 0x0000000086900000| Untracked 
|  52|0x0000000086a00000, 0x0000000086b00000, 0x0000000086b00000|100%| O|  |TAMS 0x0000000086a00000| PB 0x0000000086a00000| Untracked 
|  53|0x0000000086b00000, 0x0000000086c00000, 0x0000000086c00000|100%| O|  |TAMS 0x0000000086b00000| PB 0x0000000086b00000| Untracked 
|  54|0x0000000086c00000, 0x0000000086d00000, 0x0000000086d00000|100%| O|  |TAMS 0x0000000086c00000| PB 0x0000000086c00000| Untracked 
|  55|0x0000000086d00000, 0x0000000086e00000, 0x0000000086e00000|100%| O|  |TAMS 0x0000000086d00000| PB 0x0000000086d00000| Complete 
|  56|0x0000000086e00000, 0x0000000086f00000, 0x0000000086f00000|100%| O|  |TAMS 0x0000000086e00000| PB 0x0000000086e00000| Untracked 
|  57|0x0000000086f00000, 0x0000000087000000, 0x0000000087000000|100%| O|  |TAMS 0x0000000086f00000| PB 0x0000000086f00000| Untracked 
|  58|0x0000000087000000, 0x0000000087000000, 0x0000000087100000|  0%| F|  |TAMS 0x0000000087000000| PB 0x0000000087000000| Untracked 
|  59|0x0000000087100000, 0x0000000087100000, 0x0000000087200000|  0%| F|  |TAMS 0x0000000087100000| PB 0x0000000087100000| Untracked 
|  60|0x0000000087200000, 0x0000000087200000, 0x0000000087300000|  0%| F|  |TAMS 0x0000000087200000| PB 0x0000000087200000| Untracked 
|  61|0x0000000087300000, 0x0000000087300000, 0x0000000087400000|  0%| F|  |TAMS 0x0000000087300000| PB 0x0000000087300000| Untracked 
|  62|0x0000000087400000, 0x0000000087400000, 0x0000000087500000|  0%| F|  |TAMS 0x0000000087400000| PB 0x0000000087400000| Untracked 
|  63|0x0000000087500000, 0x0000000087500000, 0x0000000087600000|  0%| F|  |TAMS 0x0000000087500000| PB 0x0000000087500000| Untracked 
|  64|0x0000000087600000, 0x0000000087677960, 0x0000000087700000| 46%| S|CS|TAMS 0x0000000087600000| PB 0x0000000087600000| Complete 
|  65|0x0000000087700000, 0x0000000087800000, 0x0000000087800000|100%| S|CS|TAMS 0x0000000087700000| PB 0x0000000087700000| Complete 
|  66|0x0000000087800000, 0x0000000087800000, 0x0000000087900000|  0%| F|  |TAMS 0x0000000087800000| PB 0x0000000087800000| Untracked 
|  67|0x0000000087900000, 0x0000000087900000, 0x0000000087a00000|  0%| F|  |TAMS 0x0000000087900000| PB 0x0000000087900000| Untracked 
|  68|0x0000000087a00000, 0x0000000087a00000, 0x0000000087b00000|  0%| F|  |TAMS 0x0000000087a00000| PB 0x0000000087a00000| Untracked 
|  69|0x0000000087b00000, 0x0000000087b1c718, 0x0000000087c00000| 11%| E|  |TAMS 0x0000000087b00000| PB 0x0000000087b00000| Complete 
|  70|0x0000000087c00000, 0x0000000087d00000, 0x0000000087d00000|100%| E|CS|TAMS 0x0000000087c00000| PB 0x0000000087c00000| Complete 
|  71|0x0000000087d00000, 0x0000000087e00000, 0x0000000087e00000|100%| E|CS|TAMS 0x0000000087d00000| PB 0x0000000087d00000| Complete 
|  72|0x0000000087e00000, 0x0000000087f00000, 0x0000000087f00000|100%| E|CS|TAMS 0x0000000087e00000| PB 0x0000000087e00000| Complete 
|  73|0x0000000087f00000, 0x0000000088000000, 0x0000000088000000|100%| E|CS|TAMS 0x0000000087f00000| PB 0x0000000087f00000| Complete 
|  74|0x0000000088000000, 0x0000000088100000, 0x0000000088100000|100%| E|CS|TAMS 0x0000000088000000| PB 0x0000000088000000| Complete 
|  75|0x0000000088100000, 0x0000000088200000, 0x0000000088200000|100%| E|CS|TAMS 0x0000000088100000| PB 0x0000000088100000| Complete 
|  76|0x0000000088200000, 0x0000000088300000, 0x0000000088300000|100%| E|CS|TAMS 0x0000000088200000| PB 0x0000000088200000| Complete 
|  77|0x0000000088300000, 0x0000000088400000, 0x0000000088400000|100%| E|CS|TAMS 0x0000000088300000| PB 0x0000000088300000| Complete 
|  78|0x0000000088400000, 0x0000000088500000, 0x0000000088500000|100%| E|CS|TAMS 0x0000000088400000| PB 0x0000000088400000| Complete 
|  79|0x0000000088500000, 0x0000000088600000, 0x0000000088600000|100%| E|CS|TAMS 0x0000000088500000| PB 0x0000000088500000| Complete 
|  80|0x0000000088600000, 0x0000000088700000, 0x0000000088700000|100%| E|CS|TAMS 0x0000000088600000| PB 0x0000000088600000| Complete 
|  81|0x0000000088700000, 0x0000000088800000, 0x0000000088800000|100%| E|CS|TAMS 0x0000000088700000| PB 0x0000000088700000| Complete 
|  82|0x0000000088800000, 0x0000000088900000, 0x0000000088900000|100%| E|CS|TAMS 0x0000000088800000| PB 0x0000000088800000| Complete 
|  83|0x0000000088900000, 0x0000000088a00000, 0x0000000088a00000|100%| E|CS|TAMS 0x0000000088900000| PB 0x0000000088900000| Complete 
|  84|0x0000000088a00000, 0x0000000088b00000, 0x0000000088b00000|100%| E|CS|TAMS 0x0000000088a00000| PB 0x0000000088a00000| Complete 
|  85|0x0000000088b00000, 0x0000000088c00000, 0x0000000088c00000|100%| E|CS|TAMS 0x0000000088b00000| PB 0x0000000088b00000| Complete 
|  86|0x0000000088c00000, 0x0000000088d00000, 0x0000000088d00000|100%| E|CS|TAMS 0x0000000088c00000| PB 0x0000000088c00000| Complete 
|  87|0x0000000088d00000, 0x0000000088e00000, 0x0000000088e00000|100%| E|CS|TAMS 0x0000000088d00000| PB 0x0000000088d00000| Complete 
|  88|0x0000000088e00000, 0x0000000088f00000, 0x0000000088f00000|100%| E|CS|TAMS 0x0000000088e00000| PB 0x0000000088e00000| Complete 
|  89|0x0000000088f00000, 0x0000000089000000, 0x0000000089000000|100%| E|CS|TAMS 0x0000000088f00000| PB 0x0000000088f00000| Complete 
|  90|0x0000000089000000, 0x0000000089100000, 0x0000000089100000|100%| E|CS|TAMS 0x0000000089000000| PB 0x0000000089000000| Complete 
|  91|0x0000000089100000, 0x0000000089200000, 0x0000000089200000|100%| E|CS|TAMS 0x0000000089100000| PB 0x0000000089100000| Complete 
|  92|0x0000000089200000, 0x0000000089300000, 0x0000000089300000|100%| E|CS|TAMS 0x0000000089200000| PB 0x0000000089200000| Complete 
|  93|0x0000000089300000, 0x0000000089400000, 0x0000000089400000|100%| E|CS|TAMS 0x0000000089300000| PB 0x0000000089300000| Complete 
|  94|0x0000000089400000, 0x0000000089500000, 0x0000000089500000|100%| E|CS|TAMS 0x0000000089400000| PB 0x0000000089400000| Complete 
|  95|0x0000000089500000, 0x0000000089600000, 0x0000000089600000|100%| E|CS|TAMS 0x0000000089500000| PB 0x0000000089500000| Complete 
|  96|0x0000000089600000, 0x0000000089700000, 0x0000000089700000|100%| E|CS|TAMS 0x0000000089600000| PB 0x0000000089600000| Complete 
| 125|0x000000008b300000, 0x000000008b400000, 0x000000008b400000|100%| E|CS|TAMS 0x000000008b300000| PB 0x000000008b300000| Complete 
|1992|0x00000000ffe00000, 0x00000000fff00000, 0x00000000fff00000|100%| O|  |TAMS 0x00000000ffe00000| PB 0x00000000ffe00000| Untracked 
|1993|0x00000000fff00000, 0x0000000100000000, 0x0000000100000000|100%| O|  |TAMS 0x00000000fff00000| PB 0x00000000fff00000| Untracked 

Card table byte_map: [0x000002106a2b0000,0x000002106a6a0000] _byte_map_base: 0x0000021069e95000

Marking Bits: (CMBitMap*) 0x0000021052b41370
 Bits: [0x000002106aa90000, 0x000002106c9b8000)

Polling page: 0x0000021052280000

Metaspace:

Usage:
  Non-class:     66.75 MB used.
      Class:     10.07 MB used.
       Both:     76.83 MB used.

Virtual space:
  Non-class space:      128.00 MB reserved,      67.19 MB ( 52%) committed,  2 nodes.
      Class space:        1.00 GB reserved,      10.50 MB (  1%) committed,  1 nodes.
             Both:        1.12 GB reserved,      77.69 MB (  7%) committed. 

Chunk freelists:
   Non-Class:  256.00 KB
       Class:  1.41 MB
        Both:  1.66 MB

MaxMetaspaceSize: unlimited
CompressedClassSpaceSize: 1.00 GB
Initial GC threshold: 21.00 MB
Current GC threshold: 129.31 MB
CDS: on
MetaspaceReclaimPolicy: balanced
 - commit_granule_bytes: 65536.
 - commit_granule_words: 8192.
 - virtual_space_node_default_size: 8388608.
 - enlarge_chunks_in_place: 1.
 - new_chunks_are_fully_committed: 0.
 - uncommit_free_chunks: 1.
 - use_allocation_guard: 0.


Internal statistics:

num_allocs_failed_limit: 6.
num_arena_births: 1302.
num_arena_deaths: 2.
num_vsnodes_births: 3.
num_vsnodes_deaths: 0.
num_space_committed: 1243.
num_space_uncommitted: 0.
num_chunks_returned_to_freelist: 9.
num_chunks_taken_from_freelist: 4295.
num_chunk_merges: 3.
num_chunk_splits: 2966.
num_chunks_enlarged: 2264.
num_inconsistent_stats: 0.

CodeHeap 'non-profiled nmethods': size=120000Kb used=5411Kb max_used=5485Kb free=114588Kb
 bounds [0x0000021062660000, 0x0000021062bc0000, 0x0000021069b90000]
CodeHeap 'profiled nmethods': size=120000Kb used=19784Kb max_used=20201Kb free=100215Kb
 bounds [0x000002105ab90000, 0x000002105bf50000, 0x00000210620c0000]
CodeHeap 'non-nmethods': size=5760Kb used=1879Kb max_used=1923Kb free=3880Kb
 bounds [0x00000210620c0000, 0x0000021062330000, 0x0000021062660000]
 total_blobs=10807 nmethods=10114 adapters=602
 compilation: enabled
              stopped_count=0, restarted_count=0
 full_count=0

Compilation events (20 events):
Event: 382.224 Thread 0x000002107380f8f0 11612       3       org.hibernate.jpa.event.internal.CallbackRegistryImpl::postLoad (20 bytes)
Event: 382.235 Thread 0x000002107380f8f0 nmethod 11612 0x000002105b2a7810 code [0x000002105b2a79c0, 0x000002105b2a7d48]
Event: 382.242 Thread 0x000002107380f8f0 11624       3       org.springframework.hateoas.server.mvc.RepresentationModelProcessorInvoker::access$000 (5 bytes)
Event: 382.296 Thread 0x000002107380f8f0 nmethod 11624 0x000002105b49b990 code [0x000002105b49bb40, 0x000002105b49be68]
Event: 382.296 Thread 0x000002107380f8f0 11628       3       org.springframework.hateoas.server.mvc.RepresentationModelProcessorInvoker::invokeProcessorsFor (61 bytes)
Event: 382.332 Thread 0x000002107380f8f0 nmethod 11628 0x000002105b7f2c90 code [0x000002105b7f2f80, 0x000002105b7f4320]
Event: 382.333 Thread 0x000002107380f8f0 11626       3       org.springframework.hateoas.server.mvc.RepresentationModelProcessorInvoker::isRawTypeAssignable (15 bytes)
Event: 382.334 Thread 0x000002107380f8f0 nmethod 11626 0x000002105b2ad290 code [0x000002105b2ad460, 0x000002105b2ad8e0]
Event: 382.334 Thread 0x000002107380f8f0 11625       3       org.springframework.hateoas.server.mvc.RepresentationModelProcessorInvoker$DefaultProcessorWrapper::supports (12 bytes)
Event: 382.335 Thread 0x000002107380f8f0 nmethod 11625 0x000002105b21ac90 code [0x000002105b21aea0, 0x000002105b21b668]
Event: 382.335 Thread 0x000002107380f8f0 11627       3       org.springframework.hateoas.server.mvc.RepresentationModelProcessorInvoker::access$100 (6 bytes)
Event: 382.336 Thread 0x000002107380f8f0 nmethod 11627 0x000002105b508310 code [0x000002105b5084e0, 0x000002105b5089d0]
Event: 382.336 Thread 0x000002107380f8f0 11630       3       org.springframework.http.HttpHeaders::getContentType (23 bytes)
Event: 382.338 Thread 0x000002107380f8f0 nmethod 11630 0x000002105ae16790 code [0x000002105ae16960, 0x000002105ae16d98]
Event: 382.340 Thread 0x000002107380f8f0 11631       1       org.apache.coyote.Response::getCharacterEncoding (5 bytes)
Event: 382.341 Thread 0x000002107380f8f0 nmethod 11631 0x0000021062856e90 code [0x0000021062857000, 0x00000210628570c8]
Event: 382.342 Thread 0x000002107380f8f0 11629       1       org.springframework.http.converter.AbstractHttpMessageConverter::getDefaultCharset (5 bytes)
Event: 382.342 Thread 0x000002107380f8f0 nmethod 11629 0x0000021062856b90 code [0x0000021062856d00, 0x0000021062856dc8]
Event: 382.350 Thread 0x000002107380f8f0 11633       3       java.util.Spliterators$IteratorSpliterator::<init> (39 bytes)
Event: 382.351 Thread 0x000002107380f8f0 nmethod 11633 0x000002105b570710 code [0x000002105b5708a0, 0x000002105b570af8]

GC Heap History (20 events):
Event: 10.850 GC heap before
{Heap before GC invocations=18 (full 0):
 garbage-first heap   total 70656K, used 60881K [0x0000000083600000, 0x0000000100000000)
  region size 1024K, 24 young (24576K), 4 survivors (4096K)
 Metaspace       used 62637K, committed 63168K, reserved 1114112K
  class space    used 8266K, committed 8512K, reserved 1048576K
}
Event: 10.855 GC heap after
{Heap after GC invocations=19 (full 0):
 garbage-first heap   total 70656K, used 42712K [0x0000000083600000, 0x0000000100000000)
  region size 1024K, 3 young (3072K), 3 survivors (3072K)
 Metaspace       used 62637K, committed 63168K, reserved 1114112K
  class space    used 8266K, committed 8512K, reserved 1048576K
}
Event: 11.375 GC heap before
{Heap before GC invocations=20 (full 0):
 garbage-first heap   total 76800K, used 61144K [0x0000000083600000, 0x0000000100000000)
  region size 1024K, 21 young (21504K), 3 survivors (3072K)
 Metaspace       used 64427K, committed 65024K, reserved 1114112K
  class space    used 8538K, committed 8832K, reserved 1048576K
}
Event: 11.379 GC heap after
{Heap after GC invocations=21 (full 0):
 garbage-first heap   total 76800K, used 44726K [0x0000000083600000, 0x0000000100000000)
  region size 1024K, 2 young (2048K), 2 survivors (2048K)
 Metaspace       used 64427K, committed 65024K, reserved 1114112K
  class space    used 8538K, committed 8832K, reserved 1048576K
}
Event: 11.855 GC heap before
{Heap before GC invocations=21 (full 0):
 garbage-first heap   total 76800K, used 69302K [0x0000000083600000, 0x0000000100000000)
  region size 1024K, 26 young (26624K), 2 survivors (2048K)
 Metaspace       used 66284K, committed 66944K, reserved 1114112K
  class space    used 8789K, committed 9088K, reserved 1048576K
}
Event: 11.860 GC heap after
{Heap after GC invocations=22 (full 0):
 garbage-first heap   total 76800K, used 46755K [0x0000000083600000, 0x0000000100000000)
  region size 1024K, 4 young (4096K), 4 survivors (4096K)
 Metaspace       used 66284K, committed 66944K, reserved 1114112K
  class space    used 8789K, committed 9088K, reserved 1048576K
}
Event: 12.213 GC heap before
{Heap before GC invocations=22 (full 0):
 garbage-first heap   total 76800K, used 67235K [0x0000000083600000, 0x0000000100000000)
  region size 1024K, 24 young (24576K), 4 survivors (4096K)
 Metaspace       used 67333K, committed 68032K, reserved 1114112K
  class space    used 8963K, committed 9280K, reserved 1048576K
}
Event: 12.218 GC heap after
{Heap after GC invocations=23 (full 0):
 garbage-first heap   total 76800K, used 49439K [0x0000000083600000, 0x0000000100000000)
  region size 1024K, 3 young (3072K), 3 survivors (3072K)
 Metaspace       used 67333K, committed 68032K, reserved 1114112K
  class space    used 8963K, committed 9280K, reserved 1048576K
}
Event: 12.604 GC heap before
{Heap before GC invocations=24 (full 0):
 garbage-first heap   total 87040K, used 67871K [0x0000000083600000, 0x0000000100000000)
  region size 1024K, 21 young (21504K), 3 survivors (3072K)
 Metaspace       used 68576K, committed 69312K, reserved 1114112K
  class space    used 9130K, committed 9472K, reserved 1048576K
}
Event: 12.608 GC heap after
{Heap after GC invocations=25 (full 0):
 garbage-first heap   total 87040K, used 52193K [0x0000000083600000, 0x0000000100000000)
  region size 1024K, 3 young (3072K), 3 survivors (3072K)
 Metaspace       used 68576K, committed 69312K, reserved 1114112K
  class space    used 9130K, committed 9472K, reserved 1048576K
}
Event: 13.237 GC heap before
{Heap before GC invocations=25 (full 0):
 garbage-first heap   total 87040K, used 77793K [0x0000000083600000, 0x0000000100000000)
  region size 1024K, 28 young (28672K), 3 survivors (3072K)
 Metaspace       used 69687K, committed 70464K, reserved 1114112K
  class space    used 9307K, committed 9664K, reserved 1048576K
}
Event: 13.244 GC heap after
{Heap after GC invocations=26 (full 0):
 garbage-first heap   total 87040K, used 55398K [0x0000000083600000, 0x0000000100000000)
  region size 1024K, 4 young (4096K), 4 survivors (4096K)
 Metaspace       used 69687K, committed 70464K, reserved 1114112K
  class space    used 9307K, committed 9664K, reserved 1048576K
}
Event: 14.659 GC heap before
{Heap before GC invocations=26 (full 0):
 garbage-first heap   total 87040K, used 76902K [0x0000000083600000, 0x0000000100000000)
  region size 1024K, 25 young (25600K), 4 survivors (4096K)
 Metaspace       used 73207K, committed 74048K, reserved 1114112K
  class space    used 9722K, committed 10112K, reserved 1048576K
}
Event: 14.664 GC heap after
{Heap after GC invocations=27 (full 0):
 garbage-first heap   total 87040K, used 57565K [0x0000000083600000, 0x0000000100000000)
  region size 1024K, 3 young (3072K), 3 survivors (3072K)
 Metaspace       used 73207K, committed 74048K, reserved 1114112K
  class space    used 9722K, committed 10112K, reserved 1048576K
}
Event: 22.661 GC heap before
{Heap before GC invocations=28 (full 0):
 garbage-first heap   total 99328K, used 75997K [0x0000000083600000, 0x0000000100000000)
  region size 1024K, 22 young (22528K), 3 survivors (3072K)
 Metaspace       used 76093K, committed 76864K, reserved 1179648K
  class space    used 10124K, committed 10496K, reserved 1048576K
}
Event: 22.669 GC heap after
{Heap after GC invocations=29 (full 0):
 garbage-first heap   total 99328K, used 59284K [0x0000000083600000, 0x0000000100000000)
  region size 1024K, 2 young (2048K), 2 survivors (2048K)
 Metaspace       used 76093K, committed 76864K, reserved 1179648K
  class space    used 10124K, committed 10496K, reserved 1048576K
}
Event: 50.256 GC heap before
{Heap before GC invocations=29 (full 0):
 garbage-first heap   total 99328K, used 90004K [0x0000000083600000, 0x0000000100000000)
  region size 1024K, 32 young (32768K), 2 survivors (2048K)
 Metaspace       used 77821K, committed 78720K, reserved 1179648K
  class space    used 10306K, committed 10752K, reserved 1048576K
}
Event: 50.270 GC heap after
{Heap after GC invocations=30 (full 0):
 garbage-first heap   total 99328K, used 59492K [0x0000000083600000, 0x0000000100000000)
  region size 1024K, 3 young (3072K), 3 survivors (3072K)
 Metaspace       used 77821K, committed 78720K, reserved 1179648K
  class space    used 10306K, committed 10752K, reserved 1048576K
}
Event: 136.968 GC heap before
{Heap before GC invocations=30 (full 0):
 garbage-first heap   total 99328K, used 89188K [0x0000000083600000, 0x0000000100000000)
  region size 1024K, 32 young (32768K), 3 survivors (3072K)
 Metaspace       used 78570K, committed 79424K, reserved 1179648K
  class space    used 10313K, committed 10752K, reserved 1048576K
}
Event: 137.020 GC heap after
{Heap after GC invocations=31 (full 0):
 garbage-first heap   total 99328K, used 59770K [0x0000000083600000, 0x0000000100000000)
  region size 1024K, 2 young (2048K), 2 survivors (2048K)
 Metaspace       used 78570K, committed 79424K, reserved 1179648K
  class space    used 10313K, committed 10752K, reserved 1048576K
}

Dll operation events (11 events):
Event: 0.013 Loaded shared library C:\Program Files\Java\jdk-20\bin\java.dll
Event: 0.034 Loaded shared library C:\Program Files\Java\jdk-20\bin\jsvml.dll
Event: 0.206 Loaded shared library C:\Program Files\Java\jdk-20\bin\net.dll
Event: 0.209 Loaded shared library C:\Program Files\Java\jdk-20\bin\nio.dll
Event: 0.213 Loaded shared library C:\Program Files\Java\jdk-20\bin\zip.dll
Event: 0.393 Loaded shared library C:\Program Files\Java\jdk-20\bin\verify.dll
Event: 0.398 Loaded shared library C:\Program Files\Java\jdk-20\bin\jimage.dll
Event: 0.758 Loaded shared library C:\Program Files\Java\jdk-20\bin\management.dll
Event: 0.760 Loaded shared library C:\Program Files\Java\jdk-20\bin\management_ext.dll
Event: 5.844 Loaded shared library C:\Program Files\Java\jdk-20\bin\sunmscapi.dll
Event: 7.871 Loaded shared library C:\Program Files\Java\jdk-20\bin\extnet.dll

Deoptimization events (20 events):
Event: 76.697 Thread 0x00000210766845c0 DEOPT PACKING pc=0x000002105b92f5ba sp=0x00000045d6cf9d40
Event: 76.697 Thread 0x00000210766845c0 DEOPT UNPACKING pc=0x000002106212e462 sp=0x00000045d6cf9200 mode 0
Event: 76.838 Thread 0x0000021076688ad0 DEOPT PACKING pc=0x000002105ba2d3f0 sp=0x00000045d6bfebc0
Event: 76.838 Thread 0x0000021076688ad0 DEOPT UNPACKING pc=0x000002106212e462 sp=0x00000045d6bfe100 mode 0
Event: 380.872 Thread 0x0000021076685b00 Uncommon trap: trap_request=0xffffff45 fr.pc=0x0000021062b872d0 relative=0x00000000000012f0
Event: 380.872 Thread 0x0000021076686050 Uncommon trap: trap_request=0xffffff45 fr.pc=0x0000021062b872d0 relative=0x00000000000012f0
Event: 380.872 Thread 0x0000021076688580 Uncommon trap: trap_request=0xffffff45 fr.pc=0x0000021062b872d0 relative=0x00000000000012f0
Event: 380.872 Thread 0x0000021076688ad0 Uncommon trap: trap_request=0xffffff45 fr.pc=0x0000021062b872d0 relative=0x00000000000012f0
Event: 380.876 Thread 0x0000021076685b00 Uncommon trap: reason=unstable_if action=reinterpret pc=0x0000021062b872d0 method=org.springframework.core.annotation.TypeMappedAnnotation.getValue(IZZ)Ljava/lang/Object; @ 60 c2
Event: 380.876 Thread 0x0000021076688580 Uncommon trap: reason=unstable_if action=reinterpret pc=0x0000021062b872d0 method=org.springframework.core.annotation.TypeMappedAnnotation.getValue(IZZ)Ljava/lang/Object; @ 60 c2
Event: 380.876 Thread 0x0000021076688ad0 Uncommon trap: reason=unstable_if action=reinterpret pc=0x0000021062b872d0 method=org.springframework.core.annotation.TypeMappedAnnotation.getValue(IZZ)Ljava/lang/Object; @ 60 c2
Event: 380.876 Thread 0x0000021076686050 Uncommon trap: reason=unstable_if action=reinterpret pc=0x0000021062b872d0 method=org.springframework.core.annotation.TypeMappedAnnotation.getValue(IZZ)Ljava/lang/Object; @ 60 c2
Event: 380.877 Thread 0x0000021076688ad0 DEOPT PACKING pc=0x0000021062b872d0 sp=0x00000045d6bfc2b0
Event: 380.877 Thread 0x0000021076685b00 DEOPT PACKING pc=0x0000021062b872d0 sp=0x00000045d6dfc1e0
Event: 380.877 Thread 0x0000021076688580 DEOPT PACKING pc=0x0000021062b872d0 sp=0x00000045d72fc560
Event: 380.877 Thread 0x0000021076686050 DEOPT PACKING pc=0x0000021062b872d0 sp=0x00000045d6ffc2a0
Event: 380.880 Thread 0x0000021076688580 DEOPT UNPACKING pc=0x00000210620dd2a2 sp=0x00000045d72fc538 mode 2
Event: 380.884 Thread 0x0000021076685b00 DEOPT UNPACKING pc=0x00000210620dd2a2 sp=0x00000045d6dfc1b8 mode 2
Event: 380.885 Thread 0x0000021076686050 DEOPT UNPACKING pc=0x00000210620dd2a2 sp=0x00000045d6ffc278 mode 2
Event: 380.892 Thread 0x0000021076688ad0 DEOPT UNPACKING pc=0x00000210620dd2a2 sp=0x00000045d6bfc288 mode 2

Classes loaded (20 events):
Event: 22.858 Loading class java/lang/ObjectCustomizer
Event: 22.858 Loading class java/lang/ObjectCustomizer done
Event: 22.860 Loading class java/lang/ObjectCustomizer
Event: 22.860 Loading class java/lang/ObjectCustomizer done
Event: 22.927 Loading class java/lang/ObjectCustomizer
Event: 22.927 Loading class java/lang/ObjectCustomizer done
Event: 22.929 Loading class java/lang/ObjectCustomizer
Event: 22.929 Loading class java/lang/ObjectCustomizer done
Event: 22.929 Loading class java/lang/ObjectCustomizer
Event: 22.929 Loading class java/lang/ObjectCustomizer done
Event: 22.932 Loading class java/lang/ObjectCustomizer
Event: 22.932 Loading class java/lang/ObjectCustomizer done
Event: 22.932 Loading class java/lang/ObjectCustomizer
Event: 22.932 Loading class java/lang/ObjectCustomizer done
Event: 22.934 Loading class java/lang/ObjectCustomizer
Event: 22.934 Loading class java/lang/ObjectCustomizer done
Event: 22.935 Loading class java/lang/ObjectCustomizer
Event: 22.935 Loading class java/lang/ObjectCustomizer done
Event: 22.936 Loading class java/lang/ObjectCustomizer
Event: 22.936 Loading class java/lang/ObjectCustomizer done

Classes unloaded (1 events):
Event: 14.701 Thread 0x000002106edbc590 Unloading class 0x0000021001858000 'jdk/internal/reflect/GeneratedSerializationConstructorAccessor1'

Classes redefined (0 events):
No events

Internal exceptions (20 events):
Event: 22.954 Thread 0x0000021076684070 Exception <a 'java/lang/ClassNotFoundException'{0x0000000088bb46b8}: com/fasterxml/jackson/databind/ser/std/StdScalarSerializerCustomizer> (0x0000000088bb46b8) 
thrown [s\open\src\hotspot\share\classfile\systemDictionary.cpp, line 305]
Event: 22.956 Thread 0x0000021076685b00 Exception <a 'java/lang/ClassNotFoundException'{0x0000000088be8048}: com/fasterxml/jackson/databind/jsonFormatVisitors/JsonFormatVisitableCustomizer> (0x0000000088be8048) 
thrown [s\open\src\hotspot\share\classfile\systemDictionary.cpp, line 305]
Event: 22.956 Thread 0x0000021076688ad0 Exception <a 'java/lang/ClassNotFoundException'{0x0000000088bd7f48}: org/springframework/hateoas/mediatype/hal/Jackson2HalModule$TrueOnlyBooleanSerializerCustomizer> (0x0000000088bd7f48) 
thrown [s\open\src\hotspot\share\classfile\systemDictionary.cpp, line 305]
Event: 22.956 Thread 0x00000210766845c0 Exception <a 'java/lang/ClassNotFoundException'{0x0000000088be0990}: com/fasterxml/jackson/databind/ser/std/StdScalarSerializerCustomizer> (0x0000000088be0990) 
thrown [s\open\src\hotspot\share\classfile\systemDictionary.cpp, line 305]
Event: 22.959 Thread 0x0000021076684070 Exception <a 'java/lang/ClassNotFoundException'{0x0000000088a07ab8}: org/springframework/hateoas/mediatype/hal/Jackson2HalModule$TrueOnlyBooleanSerializerCustomizer> (0x0000000088a07ab8) 
thrown [s\open\src\hotspot\share\classfile\systemDictionary.cpp, line 305]
Event: 22.960 Thread 0x0000021076685b00 Exception <a 'java/lang/ClassNotFoundException'{0x0000000088bf2900}: com/fasterxml/jackson/databind/jsonschema/SchemaAwareCustomizer> (0x0000000088bf2900) 
thrown [s\open\src\hotspot\share\classfile\systemDictionary.cpp, line 305]
Event: 22.960 Thread 0x0000021076688ad0 Exception <a 'java/lang/ClassNotFoundException'{0x0000000088a1a118}: com/fasterxml/jackson/databind/jsonFormatVisitors/JsonFormatVisitableCustomizer> (0x0000000088a1a118) 
thrown [s\open\src\hotspot\share\classfile\systemDictionary.cpp, line 305]
Event: 22.962 Thread 0x0000021076684070 Exception <a 'java/lang/ClassNotFoundException'{0x0000000088a39b00}: com/fasterxml/jackson/databind/jsonFormatVisitors/JsonFormatVisitableCustomizer> (0x0000000088a39b00) 
thrown [s\open\src\hotspot\share\classfile\systemDictionary.cpp, line 305]
Event: 22.962 Thread 0x0000021076688ad0 Exception <a 'java/lang/ClassNotFoundException'{0x0000000088a51328}: com/fasterxml/jackson/databind/jsonschema/SchemaAwareCustomizer> (0x0000000088a51328) 
thrown [s\open\src\hotspot\share\classfile\systemDictionary.cpp, line 305]
Event: 22.965 Thread 0x00000210766845c0 Exception <a 'java/lang/ClassNotFoundException'{0x0000000088a2b118}: org/springframework/hateoas/mediatype/hal/Jackson2HalModule$TrueOnlyBooleanSerializerCustomizer> (0x0000000088a2b118) 
thrown [s\open\src\hotspot\share\classfile\systemDictionary.cpp, line 305]
Event: 22.966 Thread 0x0000021076685b00 Exception <a 'java/lang/ClassNotFoundException'{0x0000000088a493c8}: com/fasterxml/jackson/databind/jsonFormatVisitors/JsonFormatVisitableCustomizer> (0x0000000088a493c8) 
thrown [s\open\src\hotspot\share\classfile\systemDictionary.cpp, line 305]
Event: 22.966 Thread 0x0000021076684070 Exception <a 'java/lang/ClassNotFoundException'{0x0000000088a61358}: com/fasterxml/jackson/databind/jsonschema/SchemaAwareCustomizer> (0x0000000088a61358) 
thrown [s\open\src\hotspot\share\classfile\systemDictionary.cpp, line 305]
Event: 22.967 Thread 0x0000021076688ad0 Exception <a 'java/lang/ClassNotFoundException'{0x0000000088a96ed0}: com/fasterxml/jackson/databind/jsonFormatVisitors/JsonFormatVisitableCustomizer> (0x0000000088a96ed0) 
thrown [s\open\src\hotspot\share\classfile\systemDictionary.cpp, line 305]
Event: 22.969 Thread 0x00000210766845c0 Exception <a 'java/lang/ClassNotFoundException'{0x0000000088aa93e8}: com/fasterxml/jackson/databind/jsonFormatVisitors/JsonFormatVisitableCustomizer> (0x0000000088aa93e8) 
thrown [s\open\src\hotspot\share\classfile\systemDictionary.cpp, line 305]
Event: 22.971 Thread 0x0000021076684070 Exception <a 'java/lang/ClassNotFoundException'{0x0000000088a6ce10}: com/fasterxml/jackson/databind/jsonFormatVisitors/JsonFormatVisitableCustomizer> (0x0000000088a6ce10) 
thrown [s\open\src\hotspot\share\classfile\systemDictionary.cpp, line 305]
Event: 22.972 Thread 0x00000210766845c0 Exception <a 'java/lang/ClassNotFoundException'{0x0000000088ae1910}: com/fasterxml/jackson/databind/jsonschema/SchemaAwareCustomizer> (0x0000000088ae1910) 
thrown [s\open\src\hotspot\share\classfile\systemDictionary.cpp, line 305]
Event: 22.974 Thread 0x00000210766845c0 Exception <a 'java/lang/ClassNotFoundException'{0x0000000088aed3c8}: com/fasterxml/jackson/databind/jsonFormatVisitors/JsonFormatVisitableCustomizer> (0x0000000088aed3c8) 
thrown [s\open\src\hotspot\share\classfile\systemDictionary.cpp, line 305]
Event: 22.993 Thread 0x0000021076684070 Exception <a 'java/lang/NoSuchMethodError'{0x000000008882fbd8}: 'void java.lang.invoke.DirectMethodHandle$Holder.invokeSpecial(java.lang.Object, java.lang.Object, java.lang.Object, java.lang.Object, java.lang.Object, java.lang.Object, java.lang.Object, java.lang.Object)'> (0x000000008882fbd8) 
thrown [s\open\src\hotspot\share\interpreter\linkResolver.cpp, line 773]
Event: 23.101 Thread 0x00000210766865a0 Exception <a 'java/lang/NoSuchMethodError'{0x000000008866f118}: 'java.lang.Object java.lang.invoke.DirectMethodHandle$Holder.invokeInterface(java.lang.Object, java.lang.Object, java.lang.Object, java.lang.Object, java.lang.Object)'> (0x000000008866f118) 
thrown [s\open\src\hotspot\share\interpreter\linkResolver.cpp, line 773]
Event: 23.101 Thread 0x0000021076689020 Exception <a 'java/lang/NoSuchMethodError'{0x000000008868c9c8}: 'java.lang.Object java.lang.invoke.DirectMethodHandle$Holder.invokeInterface(java.lang.Object, java.lang.Object, java.lang.Object, java.lang.Object, java.lang.Object)'> (0x000000008868c9c8) 
thrown [s\open\src\hotspot\share\interpreter\linkResolver.cpp, line 773]

VM Operations (20 events):
Event: 256.436 Executing VM operation: Cleanup
Event: 256.436 Executing VM operation: Cleanup done
Event: 257.438 Executing VM operation: Cleanup
Event: 257.438 Executing VM operation: Cleanup done
Event: 280.622 Executing VM operation: Cleanup
Event: 280.622 Executing VM operation: Cleanup done
Event: 292.711 Executing VM operation: Cleanup
Event: 292.711 Executing VM operation: Cleanup done
Event: 297.754 Executing VM operation: Cleanup
Event: 297.754 Executing VM operation: Cleanup done
Event: 310.856 Executing VM operation: Cleanup
Event: 310.856 Executing VM operation: Cleanup done
Event: 313.873 Executing VM operation: Cleanup
Event: 313.874 Executing VM operation: Cleanup done
Event: 357.241 Executing VM operation: Cleanup
Event: 357.243 Executing VM operation: Cleanup done
Event: 380.441 Executing VM operation: Cleanup
Event: 380.456 Executing VM operation: Cleanup done
Event: 381.459 Executing VM operation: Cleanup
Event: 381.474 Executing VM operation: Cleanup done

Events (20 events):
Event: 137.440 Thread 0x000002106edbc590 flushing nmethod 0x000002105abe4d90
Event: 137.440 Thread 0x000002106edbc590 flushing nmethod 0x000002105abce110
Event: 137.440 Thread 0x000002106edbc590 flushing nmethod 0x000002105abbac90
Event: 137.440 Thread 0x000002106edbc590 flushing nmethod 0x000002105ab93a10
Event: 137.440 Thread 0x000002106edbc590 flushing nmethod 0x0000021062929f10
Event: 137.440 Thread 0x000002106edbc590 flushing nmethod 0x0000021062a2ae10
Event: 137.440 Thread 0x000002106edbc590 flushing nmethod 0x000002106298cf10
Event: 137.441 Thread 0x000002106edbc590 flushing nmethod 0x00000210628d1790
Event: 137.441 Thread 0x000002106edbc590 flushing nmethod 0x00000210628be390
Event: 137.441 Thread 0x000002106edbc590 flushing nmethod 0x0000021062855b90
Event: 137.441 Thread 0x000002106edbc590 flushing nmethod 0x00000210627e7b90
Event: 137.441 Thread 0x000002106edbc590 flushing nmethod 0x00000210627ef810
Event: 137.441 Thread 0x000002106edbc590 flushing nmethod 0x000002106280ce10
Event: 137.441 Thread 0x000002106edbc590 flushing nmethod 0x00000210627e6c10
Event: 137.441 Thread 0x000002106edbc590 flushing nmethod 0x00000210627bcf90
Event: 137.441 Thread 0x000002106edbc590 flushing nmethod 0x00000210627aaa10
Event: 137.441 Thread 0x000002106edbc590 flushing nmethod 0x000002106271a010
Event: 137.441 Thread 0x000002106edbc590 flushing nmethod 0x0000021062706890
Event: 137.441 Thread 0x000002106edbc590 flushing nmethod 0x0000021062698a90
Event: 137.441 Thread 0x000002106edbc590 flushing nmethod 0x0000021062675210


Dynamic libraries:
0x00007ff6a2060000 - 0x00007ff6a2070000 	C:\Program Files\Java\jdk-20\bin\javaw.exe
0x00007ffc2d9b0000 - 0x00007ffc2dba7000 	C:\WINDOWS\SYSTEM32\ntdll.dll
0x00007ffc2bb40000 - 0x00007ffc2bbfd000 	C:\WINDOWS\System32\KERNEL32.DLL
0x00007ffc2b100000 - 0x00007ffc2b3f6000 	C:\WINDOWS\System32\KERNELBASE.dll
0x000000006a150000 - 0x000000006a1ff000 	C:\ProgramData\Symantec\Symantec Endpoint Protection\14.3.5413.3000.105\Data\Sysfer\x64\sysfer.dll
0x00007ffc2b550000 - 0x00007ffc2b650000 	C:\WINDOWS\System32\ucrtbase.dll
0x00007ffc21390000 - 0x00007ffc213ab000 	C:\Program Files\Java\jdk-20\bin\VCRUNTIME140.dll
0x00007ffc20430000 - 0x00007ffc20449000 	C:\Program Files\Java\jdk-20\bin\jli.dll
0x00007ffc2c1a0000 - 0x00007ffc2c24e000 	C:\WINDOWS\System32\ADVAPI32.dll
0x00007ffc2c780000 - 0x00007ffc2c81e000 	C:\WINDOWS\System32\msvcrt.dll
0x00007ffc2d730000 - 0x00007ffc2d7cc000 	C:\WINDOWS\System32\sechost.dll
0x00007ffc2ba10000 - 0x00007ffc2bb36000 	C:\WINDOWS\System32\RPCRT4.dll
0x00007ffc2d7d0000 - 0x00007ffc2d96e000 	C:\WINDOWS\System32\USER32.dll
0x00007ffc2b930000 - 0x00007ffc2b952000 	C:\WINDOWS\System32\win32u.dll
0x00007ffc2d3c0000 - 0x00007ffc2d3ec000 	C:\WINDOWS\System32\GDI32.dll
0x00007ffc15080000 - 0x00007ffc1531a000 	C:\WINDOWS\WinSxS\amd64_microsoft.windows.common-controls_6595b64144ccf1df_6.0.19041.3570_none_60bb2a3971f3e41a\COMCTL32.dll
0x00007ffc2b430000 - 0x00007ffc2b54a000 	C:\WINDOWS\System32\gdi32full.dll
0x00007ffc2b650000 - 0x00007ffc2b6ed000 	C:\WINDOWS\System32\msvcp_win.dll
0x00007ffc23370000 - 0x00007ffc2337a000 	C:\WINDOWS\SYSTEM32\VERSION.dll
0x00007ffc2d390000 - 0x00007ffc2d3c0000 	C:\WINDOWS\System32\IMM32.DLL
0x00007ffc21380000 - 0x00007ffc2138c000 	C:\Program Files\Java\jdk-20\bin\vcruntime140_1.dll
0x00007ffc17d40000 - 0x00007ffc17dce000 	C:\Program Files\Java\jdk-20\bin\msvcp140.dll
0x00007ffb998d0000 - 0x00007ffb9a568000 	C:\Program Files\Java\jdk-20\bin\server\jvm.dll
0x00007ffba55c0000 - 0x00007ffba55c9000 	C:\WINDOWS\SYSTEM32\WSOCK32.dll
0x00007ffc2d590000 - 0x00007ffc2d5fb000 	C:\WINDOWS\System32\WS2_32.dll
0x00007ffc084f0000 - 0x00007ffc08517000 	C:\WINDOWS\SYSTEM32\WINMM.dll
0x00007ffc29910000 - 0x00007ffc29922000 	C:\WINDOWS\SYSTEM32\kernel.appcore.dll
0x00007ffc21340000 - 0x00007ffc2134a000 	C:\Program Files\Java\jdk-20\bin\jimage.dll
0x00007ffc252f0000 - 0x00007ffc254d4000 	C:\WINDOWS\SYSTEM32\DBGHELP.DLL
0x00007ffc18840000 - 0x00007ffc18874000 	C:\WINDOWS\SYSTEM32\dbgcore.DLL
0x00007ffc2b8a0000 - 0x00007ffc2b922000 	C:\WINDOWS\System32\bcryptPrimitives.dll
0x00007ffc17d10000 - 0x00007ffc17d36000 	C:\Program Files\Java\jdk-20\bin\java.dll
0x00007ffc17a80000 - 0x00007ffc17b57000 	C:\Program Files\Java\jdk-20\bin\jsvml.dll
0x00007ffc2c880000 - 0x00007ffc2cfc4000 	C:\WINDOWS\System32\SHELL32.dll
0x00007ffc290e0000 - 0x00007ffc2987b000 	C:\WINDOWS\SYSTEM32\windows.storage.dll
0x00007ffc2c250000 - 0x00007ffc2c5a4000 	C:\WINDOWS\System32\combase.dll
0x00007ffc2aa00000 - 0x00007ffc2aa2d000 	C:\WINDOWS\SYSTEM32\Wldp.dll
0x00007ffc2bc80000 - 0x00007ffc2bd2d000 	C:\WINDOWS\System32\SHCORE.dll
0x00007ffc2d6d0000 - 0x00007ffc2d725000 	C:\WINDOWS\System32\shlwapi.dll
0x00007ffc2afc0000 - 0x00007ffc2afe5000 	C:\WINDOWS\SYSTEM32\profapi.dll
0x00007ffc17a60000 - 0x00007ffc17a73000 	C:\Program Files\Java\jdk-20\bin\net.dll
0x00007ffc1c070000 - 0x00007ffc1c17a000 	C:\WINDOWS\SYSTEM32\WINHTTP.dll
0x00007ffc2a760000 - 0x00007ffc2a7ca000 	C:\WINDOWS\system32\mswsock.dll
0x00007ffc17a40000 - 0x00007ffc17a56000 	C:\Program Files\Java\jdk-20\bin\nio.dll
0x00007ffc17cf0000 - 0x00007ffc17d08000 	C:\Program Files\Java\jdk-20\bin\zip.dll
0x00007ffc21110000 - 0x00007ffc21120000 	C:\Program Files\Java\jdk-20\bin\verify.dll
0x00007ffc17930000 - 0x00007ffc1793a000 	C:\Program Files\Java\jdk-20\bin\management.dll
0x00007ffc15990000 - 0x00007ffc1599b000 	C:\Program Files\Java\jdk-20\bin\management_ext.dll
0x00007ffc2d290000 - 0x00007ffc2d298000 	C:\WINDOWS\System32\PSAPI.DLL
0x00007ffc2a450000 - 0x00007ffc2a48b000 	C:\WINDOWS\SYSTEM32\IPHLPAPI.DLL
0x00007ffc2c5b0000 - 0x00007ffc2c5b8000 	C:\WINDOWS\System32\NSI.dll
0x00007ffc1df40000 - 0x00007ffc1df57000 	C:\WINDOWS\SYSTEM32\dhcpcsvc6.DLL
0x00007ffc1e140000 - 0x00007ffc1e15d000 	C:\WINDOWS\SYSTEM32\dhcpcsvc.DLL
0x00007ffc2a4a0000 - 0x00007ffc2a56a000 	C:\WINDOWS\SYSTEM32\DNSAPI.dll
0x00007ffc202f0000 - 0x00007ffc202fa000 	C:\Windows\System32\rasadhlp.dll
0x00007ffc13fb0000 - 0x00007ffc14032000 	C:\WINDOWS\System32\fwpuclnt.dll
0x00007ffc2b400000 - 0x00007ffc2b427000 	C:\WINDOWS\System32\bcrypt.dll
0x00007ffbeaa00000 - 0x00007ffbeaa17000 	C:\WINDOWS\system32\napinsp.dll
0x00007ffbb1c40000 - 0x00007ffbb1c5b000 	C:\WINDOWS\system32\pnrpnsp.dll
0x00007ffc242b0000 - 0x00007ffc242c5000 	C:\WINDOWS\system32\wshbth.dll
0x00007ffc202c0000 - 0x00007ffc202dd000 	C:\WINDOWS\system32\NLAapi.dll
0x00007ffbb1c20000 - 0x00007ffbb1c32000 	C:\WINDOWS\System32\winrnr.dll
0x00007ffc2a950000 - 0x00007ffc2a968000 	C:\WINDOWS\SYSTEM32\CRYPTSP.dll
0x00007ffc2a070000 - 0x00007ffc2a0a4000 	C:\WINDOWS\system32\rsaenh.dll
0x00007ffc2af80000 - 0x00007ffc2afae000 	C:\WINDOWS\SYSTEM32\USERENV.dll
0x00007ffc2a970000 - 0x00007ffc2a97c000 	C:\WINDOWS\SYSTEM32\CRYPTBASE.dll
0x00007ffc20010000 - 0x00007ffc2001e000 	C:\Program Files\Java\jdk-20\bin\sunmscapi.dll
0x00007ffc2b6f0000 - 0x00007ffc2b84d000 	C:\WINDOWS\System32\CRYPT32.dll
0x00007ffc2aa70000 - 0x00007ffc2aa97000 	C:\WINDOWS\SYSTEM32\ncrypt.dll
0x00007ffc2aa30000 - 0x00007ffc2aa6b000 	C:\WINDOWS\SYSTEM32\NTASN1.dll
0x00007ffc15980000 - 0x00007ffc15987000 	C:\Program Files\Java\jdk-20\bin\extnet.dll
0x00007ffba5c80000 - 0x00007ffba5c87000 	C:\WINDOWS\system32\wshunix.dll

dbghelp: loaded successfully - version: 4.0.5 - missing functions: none
symbol engine: initialized successfully - sym options: 0x614 - pdb path: .;C:\Program Files\Java\jdk-20\bin;C:\WINDOWS\SYSTEM32;C:\ProgramData\Symantec\Symantec Endpoint Protection\14.3.5413.3000.105\Data\Sysfer\x64;C:\WINDOWS\WinSxS\amd64_microsoft.windows.common-controls_6595b64144ccf1df_6.0.19041.3570_none_60bb2a3971f3e41a;C:\Program Files\Java\jdk-20\bin\server

VM Arguments:
jvm_args: -Dfile.encoding=UTF-8 -Dstdout.encoding=UTF-8 -Dstderr.encoding=UTF-8 -XX:+ShowCodeDetailsInExceptionMessages 
java_command: com.site3.ecommerce.ECommerceApplication
java_class_path (initial): C:\Users\HP\Documents\1- Dev Info\Git_Repos\Ecom-App-BackEnd\e-commerce\target\classes;C:\Users\HP\.m2\repository\org\springframework\boot\spring-boot-starter-actuator\2.7.16\spring-boot-starter-actuator-2.7.16.jar;C:\Users\HP\.m2\repository\org\springframework\boot\spring-boot-starter\2.7.16\spring-boot-starter-2.7.16.jar;C:\Users\HP\.m2\repository\org\springframework\boot\spring-boot-starter-logging\2.7.16\spring-boot-starter-logging-2.7.16.jar;C:\Users\HP\.m2\repository\ch\qos\logback\logback-classic\1.2.12\logback-classic-1.2.12.jar;C:\Users\HP\.m2\repository\ch\qos\logback\logback-core\1.2.12\logback-core-1.2.12.jar;C:\Users\HP\.m2\repository\org\apache\logging\log4j\log4j-to-slf4j\2.17.2\log4j-to-slf4j-2.17.2.jar;C:\Users\HP\.m2\repository\org\apache\logging\log4j\log4j-api\2.17.2\log4j-api-2.17.2.jar;C:\Users\HP\.m2\repository\org\slf4j\jul-to-slf4j\1.7.36\jul-to-slf4j-1.7.36.jar;C:\Users\HP\.m2\repository\jakarta\annotation\jakarta.annotation-api\1.3.5\jakarta.annotation-api-1.3.5.jar;C:\Users\HP\.m2\repository\org\yaml\snakeyaml\1.30\snakeyaml-1.30.jar;C:\Users\HP\.m2\repository\org\springframework\boot\spring-boot-actuator-autoconfigure\2.7.16\spring-boot-actuator-autoconfigure-2.7.16.jar;C:\Users\HP\.m2\repository\org\springframework\boot\spring-boot-actuator\2.7.16\spring-boot-actuator-2.7.16.jar;C:\Users\HP\.m2\repository\com\fasterxml\jackson\datatype\jackson-datatype-jsr310\2.13.5\jackson-datatype-jsr310-2.13.5.jar;C:\Users\HP\.m2\repository\io\micrometer\micrometer-core\1.9.15\micrometer-core-1.9.15.jar;C:\Users\HP\.m2\repository\org\hdrhistogram\HdrHistogram\2.1.12\HdrHistogram-2.1.12.jar;C:\Users\HP\.m2\repository\org\latencyutils\LatencyUtils\2.0.3\LatencyUtils-2.0.3.jar;C:\Users\HP\.m2\repository\org\springframework\boot\spring-boot-starter-data-jpa\2.7.16\spring-boot-starter-data-jpa-2.7.16.jar;C:\Users\HP\.m2\repository\org\springframework\boot\spring-boot-starter-aop\2.7.16\spring-boot-starter-aop-2.7.16.jar;C:\Users\HP\.m2\repository\org\aspectj\aspectjweaver\1.9.7\aspectjweaver-1.9.7.jar;C:\Users\HP\.m2\repository\org\springframework\boot\spring-boot-starter-jdbc\2.7.16\spring-boot-starter-jdbc-2.7.16.jar;C:\Users\HP\.m2\repository\com\zaxxer\HikariCP\4.0.3\HikariCP-4.0.3.jar;C:\Users\HP\.m2\repository\org\springframework\spring-jdbc\5.3.30\spring-jdbc-5.3.30.jar;C:\Users\HP\.m2\repository\jakarta\transaction\jakarta.transaction-api\1.3.3\jakarta.transaction-api-1.3.3.jar;C:\Users\HP\.m2\repository\jakarta\persistence\jakarta.persistence-api\2.2.3\jakarta.persistence-api-2.2.3.jar;C:\Users\HP\.m2\repository\org\hibernate\hibernate-core\5.6.15.Final\hibernate-core-5.6.15.Final.jar;C:\Users\HP\.m2\repository\org\jboss\logging\jboss-logging\3.4.3.Final\jboss-logging-3.4.3.Final.jar;C:\Users\HP\.m2\repository\net\bytebuddy\byte-buddy\1.12.23\byte-buddy-1.12.23.jar;C:\Users\HP\.m2\repository\antlr\antlr\2.7.7\antlr-2.7.7.jar;C:\Users\HP\.m2\repository\org\jboss\jandex\2.4.2.Final\jandex-2.4.2.Final.jar;C:\Users\HP\.m2\repository\com\fasterxml\classmate\1.5.1\classmate-1.5.1.jar;C:\Users\HP\.m2\repository\org\hibernate\common\hibernate-commons-annotations\5.1.2.Final\hibernate-commons-annotations-5.1.2.Final.jar;C:\Users\HP\.m2\repository\org\glassfish\jaxb\jaxb-runtime\2.3.8\jaxb-runtime-2.3.8.jar;C:\Users\HP\.m2\repository\org\glassfish\jaxb\txw2\2.3.8\txw2-2.3.8.jar;C:\Users\HP\.m2\repository\com\sun\istack\istack-commons-runtime\3.0.12\istack-commons-runtime-3.0.12.jar;C:\Users\HP\.m2\repository\com\sun\activation\jakarta.activation\1.2.2\jakarta.activation-1.2.2.jar;C:\Users\HP\.m2\repository\org\springframework\data\spring-data-jpa\2.7.16\spring-data-jpa-2.7.16.jar;C:\Users\HP\.m2\repository\org\springframework\data\spring-data-commons\2.7.16\spring-data-commons-2.7.16.jar;C:\Users\HP\.m2\repository\org\springframework\spring-orm\5.3.30\spring-orm-5.3.30.jar;C:\Users\HP\.m2\repository\org\springframework\spring-context\5.3.30\spring-context-5.3.30.jar;C:\Users\HP\.m2\repository\org\springframework\spring-tx\5.3.30\spring-tx-5.3.30.jar;C:\Users\HP\.m2\repository\org\springframework\spring-beans\5.3.30\spring-beans-5.3.30.jar;C:\Users\HP\.m2\repository\org\slf4j\slf4j-api\1.7.36\slf4j-api-1.7.36.jar;C:\Users\HP\.m2\repository\org\springframework\spring-aspects\5.3.30\spring-aspects-5.3.30.jar;C:\Users\HP\.m2\repository\org\springframework\boot\spring-boot-starter-data-rest\2.7.16\spring-boot-starter-data-rest-2.7.16.jar;C:\Users\HP\.m2\repository\org\springframework\boot\spring-boot-starter-web\2.7.16\spring-boot-starter-web-2.7.16.jar;C:\Users\HP\.m2\repository\org\springframework\boot\spring-boot-starter-json\2.7.16\spring-boot-starter-json-2.7.16.jar;C:\Users\HP\.m2\repository\com\fasterxml\jackson\datatype\jackson-datatype-jdk8\2.13.5\jackson-datatype-jdk8-2.13.5.jar;C:\Users\HP\.m2\repository\com\fasterxml\jackson\module\jackson-module-parameter-names\2.13.5\jackson-module-parameter-names-2.13.5.jar;C:\Users\HP\.m2\repository\org\springframework\boot\spring-boot-starter-tomcat\2.7.16\spring-boot-starter-tomcat-2.7.16.jar;C:\Users\HP\.m2\repository\org\apache\tomcat\embed\tomcat-embed-core\9.0.80\tomcat-embed-core-9.0.80.jar;C:\Users\HP\.m2\repository\org\apache\tomcat\embed\tomcat-embed-el\9.0.80\tomcat-embed-el-9.0.80.jar;C:\Users\HP\.m2\repository\org\apache\tomcat\embed\tomcat-embed-websocket\9.0.80\tomcat-embed-websocket-9.0.80.jar;C:\Users\HP\.m2\repository\org\springframework\spring-web\5.3.30\spring-web-5.3.30.jar;C:\Users\HP\.m2\repository\org\springframework\spring-webmvc\5.3.30\spring-webmvc-5.3.30.jar;C:\Users\HP\.m2\repository\org\springframework\data\spring-data-rest-webmvc\3.7.16\spring-data-rest-webmvc-3.7.16.jar;C:\Users\HP\.m2\repository\org\springframework\data\spring-data-rest-core\3.7.16\spring-data-rest-core-3.7.16.jar;C:\Users\HP\.m2\repository\org\springframework\hateoas\spring-hateoas\1.5.5\spring-hateoas-1.5.5.jar;C:\Users\HP\.m2\repository\org\springframework\plugin\spring-plugin-core\2.0.0.RELEASE\spring-plugin-core-2.0.0.RELEASE.jar;C:\Users\HP\.m2\repository\org\atteo\evo-inflector\1.3\evo-inflector-1.3.jar;C:\Users\HP\.m2\repository\com\fasterxml\jackson\core\jackson-annotations\2.13.5\jackson-annotations-2.13.5.jar;C:\Users\HP\.m2\repository\org\springframework\cloud\spring-cloud-starter-netflix-eureka-client\3.1.7\spring-cloud-starter-netflix-eureka-client-3.1.7.jar;C:\Users\HP\.m2\repository\org\springframework\cloud\spring-cloud-starter\3.1.7\spring-cloud-starter-3.1.7.jar;C:\Users\HP\.m2\repository\org\springframework\cloud\spring-cloud-context\3.1.7\spring-cloud-context-3.1.7.jar;C:\Users\HP\.m2\repository\org\springframework\security\spring-security-crypto\5.7.11\spring-security-crypto-5.7.11.jar;C:\Users\HP\.m2\repository\org\springframework\cloud\spring-cloud-commons\3.1.7\spring-cloud-commons-3.1.7.jar;C:\Users\HP\.m2\repository\org\springframework\security\spring-security-rsa\1.0.11.RELEASE\spring-security-rsa-1.0.11.RELEASE.jar;C:\Users\HP\.m2\repository\org\bouncycastle\bcpkix-jdk15on\1.69\bcpkix-jdk15on-1.69.jar;C:\Users\HP\.m2\repository\org\bouncycastle\bcprov-jdk15on\1.69\bcprov-jdk15on-1.69.jar;C:\Users\HP\.m2\repository\org\bouncycastle\bcutil-jdk15on\1.69\bcutil-jdk15on-1.69.jar;C:\Users\HP\.m2\repository\org\springframework\cloud\spring-cloud-netflix-eureka-client\3.1.7\spring-cloud-netflix-eureka-client-3.1.7.jar;C:\Users\HP\.m2\repository\com\netflix\eureka\eureka-client\1.10.17\eureka-client-1.10.17.jar;C:\Users\HP\.m2\repository\com\netflix\netflix-commons\netflix-eventbus\0.3.0\netflix-eventbus-0.3.0.jar;C:\Users\HP\.m2\repository\com\netflix\netflix-commons\netflix-infix\0.3.0\netflix-infix-0.3.0.jar;C:\Users\HP\.m2\repository\commons-jxpath\commons-jxpath\1.3\commons-jxpath-1.3.jar;C:\Users\HP\.m2\repository\joda-time\joda-time\2.3\joda-time-2.3.jar;C:\Users\HP\.m2\repository\org\antlr\antlr-runtime\3.4\antlr-runtime-3.4.jar;C:\Users\HP\.m2\repository\org\antlr\stringtemplate\3.2.1\stringtemplate-3.2.1.jar;C:\Users\HP\.m2\repository\com\google\code\gson\gson\2.9.1\gson-2.9.1.jar;C:\Users\HP\.m2\repository\org\apache\commons\commons-math\2.2\commons-math-2.2.jar;C:\Users\HP\.m2\repository\com\thoughtworks\xstream\xstream\1.4.18\xstream-1.4.18.jar;C:\Users\HP\.m2\repository\io\github\x-stream\mxparser\1.2.2\mxparser-1.2.2.jar;C:\Users\HP\.m2\repository\xmlpull\xmlpull\1.1.3.1\xmlpull-1.1.3.1.jar;C:\Users\HP\.m2\repository\javax\ws\rs\jsr311-api\1.1.1\jsr311-api-1.1.1.jar;C:\Users\HP\.m2\repository\com\netflix\servo\servo-core\0.12.21\servo-core-0.12.21.jar;C:\Users\HP\.m2\repository\com\google\guava\guava\19.0\guava-19.0.jar;C:\Users\HP\.m2\repository\org\apache\httpcomponents\httpclient\4.5.14\httpclient-4.5.14.jar;C:\Users\HP\.m2\repository\org\apache\httpcomponents\httpcore\4.4.16\httpcore-4.4.16.jar;C:\Users\HP\.m2\repository\commons-codec\commons-codec\1.15\commons-codec-1.15.jar;C:\Users\HP\.m2\repository\commons-configuration\commons-configuration\1.10\commons-configuration-1.10.jar;C:\Users\HP\.m2\repository\commons-lang\commons-lang\2.6\commons-lang-2.6.jar;C:\Users\HP\.m2\repository\com\google\inject\guice\4.1.0\guice-4.1.0.jar;C:\Users\HP\.m2\repository\javax\inject\javax.inject\1\javax.inject-1.jar;C:\Users\HP\.m2\repository\com\fasterxml\jackson\core\jackson-core\2.13.5\jackson-core-2.13.5.jar;C:\Users\HP\.m2\repository\org\codehaus\jettison\jettison\1.4.0\jettison-1.4.0.jar;C:\Users\HP\.m2\repository\com\netflix\eureka\eureka-core\1.10.17\eureka-core-1.10.17.jar;C:\Users\HP\.m2\repository\com\fasterxml\woodstox\woodstox-core\6.2.1\woodstox-core-6.2.1.jar;C:\Users\HP\.m2\repository\org\codehaus\woodstox\stax2-api\4.2.1\stax2-api-4.2.1.jar;C:\Users\HP\.m2\repository\org\springframework\cloud\spring-cloud-starter-loadbalancer\3.1.7\spring-cloud-starter-loadbalancer-3.1.7.jar;C:\Users\HP\.m2\repository\org\springframework\cloud\spring-cloud-loadbalancer\3.1.7\spring-cloud-loadbalancer-3.1.7.jar;C:\Users\HP\.m2\repository\io\projectreactor\reactor-core\3.4.32\reactor-core-3.4.32.jar;C:\Users\HP\.m2\repository\org\reactivestreams\reactive-streams\1.0.4\reactive-streams-1.0.4.jar;C:\Users\HP\.m2\repository\io\projectreactor\addons\reactor-extra\3.4.10\reactor-extra-3.4.10.jar;C:\Users\HP\.m2\repository\org\springframework\boot\spring-boot-starter-cache\2.7.16\spring-boot-starter-cache-2.7.16.jar;C:\Users\HP\.m2\repository\org\springframework\spring-context-support\5.3.30\spring-context-support-5.3.30.jar;C:\Users\HP\.m2\repository\com\stoyanr\evictor\1.0.0\evictor-1.0.0.jar;C:\Users\HP\.m2\repository\org\springframework\boot\spring-boot-devtools\2.7.16\spring-boot-devtools-2.7.16.jar;C:\Users\HP\.m2\repository\org\springframework\boot\spring-boot\2.7.16\spring-boot-2.7.16.jar;C:\Users\HP\.m2\repository\org\springframework\boot\spring-boot-autoconfigure\2.7.16\spring-boot-autoconfigure-2.7.16.jar;C:\Users\HP\.m2\repository\com\mysql\mysql-connector-j\8.0.33\mysql-connector-j-8.0.33.jar;C:\Users\HP\.m2\repository\org\projectlombok\lombok\1.18.30\lombok-1.18.30.jar;C:\Users\HP\.m2\repository\com\jayway\jsonpath\json-path\2.7.0\json-path-2.7.0.jar;C:\Users\HP\.m2\repository\net\minidev\json-smart\2.4.11\json-smart-2.4.11.jar;C:\Users\HP\.m2\repository\net\minidev\accessors-smart\2.4.11\accessors-smart-2.4.11.jar;C:\Users\HP\.m2\repository\org\ow2\asm\asm\9.3\asm-9.3.jar;C:\Users\HP\.m2\repository\jakarta\xml\bind\jakarta.xml.bind-api\2.3.3\jakarta.xml.bind-api-2.3.3.jar;C:\Users\HP\.m2\repository\jakarta\activation\jakarta.activation-api\1.2.2\jakarta.activation-api-1.2.2.jar;C:\Users\HP\.m2\repository\org\springframework\spring-core\5.3.30\spring-core-5.3.30.jar;C:\Users\HP\.m2\repository\org\springframework\spring-jcl\5.3.30\spring-jcl-5.3.30.jar;C:\Users\HP\.m2\repository\org\springdoc\springdoc-openapi-ui\1.7.0\springdoc-openapi-ui-1.7.0.jar;C:\Users\HP\.m2\repository\org\springdoc\springdoc-openapi-webmvc-core\1.7.0\springdoc-openapi-webmvc-core-1.7.0.jar;C:\Users\HP\.m2\repository\org\springdoc\springdoc-openapi-common\1.7.0\springdoc-openapi-common-1.7.0.jar;C:\Users\HP\.m2\repository\io\swagger\core\v3\swagger-core\2.2.9\swagger-core-2.2.9.jar;C:\Users\HP\.m2\repository\org\apache\commons\commons-lang3\3.12.0\commons-lang3-3.12.0.jar;C:\Users\HP\.m2\repository\com\fasterxml\jackson\dataformat\jackson-dataformat-yaml\2.13.5\jackson-dataformat-yaml-2.13.5.jar;C:\Users\HP\.m2\repository\io\swagger\core\v3\swagger-annotations\2.2.9\swagger-annotations-2.2.9.jar;C:\Users\HP\.m2\repository\io\swagger\core\v3\swagger-models\2.2.9\swagger-models-2.2.9.jar;C:\Users\HP\.m2\repository\jakarta\validation\jakarta.validation-api\2.0.2\jakarta.validation-api-2.0.2.jar;C:\Users\HP\.m2\repository\org\webjars\swagger-ui\4.18.2\swagger-ui-4.18.2.jar;C:\Users\HP\.m2\repository\org\springframework\boot\spring-boot-starter-security\2.7.16\spring-boot-starter-security-2.7.16.jar;C:\Users\HP\.m2\repository\org\springframework\spring-aop\5.3.30\spring-aop-5.3.30.jar;C:\Users\HP\.m2\repository\org\springframework\security\spring-security-config\5.7.11\spring-security-config-5.7.11.jar;C:\Users\HP\.m2\repository\org\springframework\security\spring-security-core\5.7.11\spring-security-core-5.7.11.jar;C:\Users\HP\.m2\repository\org\springframework\security\spring-security-web\5.7.11\spring-security-web-5.7.11.jar;C:\Users\HP\.m2\repository\org\springframework\spring-expression\5.3.30\spring-expression-5.3.30.jar;C:\Users\HP\.m2\repository\io\jsonwebtoken\jjwt\0.9.1\jjwt-0.9.1.jar;C:\Users\HP\.m2\repository\com\fasterxml\jackson\core\jackson-databind\2.13.5\jackson-databind-2.13.5.jar;C:\Users\HP\.m2\repository\org\modelmapper\modelmapper\3.0.0\modelmapper-3.0.0.jar
Launcher Type: SUN_STANDARD

[Global flags]
     intx CICompilerCount                          = 4                                         {product} {ergonomic}
     uint ConcGCThreads                            = 2                                         {product} {ergonomic}
     uint G1ConcRefinementThreads                  = 8                                         {product} {ergonomic}
   size_t G1HeapRegionSize                         = 1048576                                   {product} {ergonomic}
    uintx GCDrainStackTargetSize                   = 64                                        {product} {ergonomic}
   size_t InitialHeapSize                          = 132120576                                 {product} {ergonomic}
   size_t MarkStackSize                            = 4194304                                   {product} {ergonomic}
   size_t MaxHeapSize                              = 2090860544                                {product} {ergonomic}
   size_t MaxNewSize                               = 1254096896                                {product} {ergonomic}
   size_t MinHeapDeltaBytes                        = 1048576                                   {product} {ergonomic}
   size_t MinHeapSize                              = 8388608                                   {product} {ergonomic}
    uintx NonNMethodCodeHeapSize                   = 5839372                                {pd product} {ergonomic}
    uintx NonProfiledCodeHeapSize                  = 122909434                              {pd product} {ergonomic}
    uintx ProfiledCodeHeapSize                     = 122909434                              {pd product} {ergonomic}
    uintx ReservedCodeCacheSize                    = 251658240                              {pd product} {ergonomic}
     bool SegmentedCodeCache                       = true                                      {product} {ergonomic}
     bool ShowCodeDetailsInExceptionMessages       = true                                   {manageable} {command line}
   size_t SoftMaxHeapSize                          = 2090860544                             {manageable} {ergonomic}
     bool UseCompressedClassPointers               = true                           {product lp64_product} {ergonomic}
     bool UseCompressedOops                        = true                           {product lp64_product} {ergonomic}
     bool UseG1GC                                  = true                                      {product} {ergonomic}
     bool UseLargePagesIndividualAllocation        = false                                  {pd product} {ergonomic}

Logging:
Log output configuration:
 #0: stdout all=warning uptime,level,tags foldmultilines=false
 #1: stderr all=off uptime,level,tags foldmultilines=false

Environment Variables:
JAVA_HOME=C:\Program Files\Java\jdk-20
PATH=C:\Program Files\Common Files\Oracle\Java\javapath;C:\Python311\Scripts\;C:\Python311\;C:\WINDOWS\system32;C:\WINDOWS;C:\WINDOWS\System32\Wbem;C:\WINDOWS\System32\WindowsPowerShell\v1.0\;C:\WINDOWS\System32\OpenSSH\;C:\xampp\php;C:\ProgramData\ComposerSetup\bin;C:\Program Files\nodejs\;C:\ProgramData\chocolatey\bin;C:\Program Files\Microsoft SQL Server\150\Tools\Binn\;C:\Program Files\Microsoft SQL Server\Client SDK\ODBC\170\Tools\Binn\;C:\Program Files\dotnet\;C:\Program Files\Java\jdk-20\bin;C:\Users\HP\Documents\1- Dev Info\Runtime Env\apache-maven-3.9.4-bin\apache-maven-3.9.4\bin;C:\Program Files\Git\cmd;C:\Users\HP\AppData\Local\Microsoft\WindowsApps;C:\Users\HP\AppData\Local\Programs\Microsoft VS Code\bin;C:\Users\HP\AppData\Roaming\Composer\vendor\bin;C:\Users\HP\AppData\Roaming\npm;C:\Users\HP\.dotnet\tools;C:\Program Files\Java\jdk-20\bin;
USERNAME=HP
OS=Windows_NT
PROCESSOR_IDENTIFIER=Intel64 Family 6 Model 126 Stepping 5, GenuineIntel
TMP=C:\Users\HP\AppData\Local\Temp
TEMP=C:\Users\HP\AppData\Local\Temp




---------------  S Y S T E M  ---------------

OS:
 Windows 10 , 64 bit Build 19041 (10.0.19041.3570)
OS uptime: 17 days 8:39 hours

CPU: total 8 (initial active 8) (4 cores per cpu, 2 threads per core) family 6 model 126 stepping 5 microcode 0xa0, cx8, cmov, fxsr, ht, mmx, 3dnowpref, sse, sse2, sse3, ssse3, sse4.1, sse4.2, popcnt, lzcnt, tsc, tscinvbit, avx, avx2, aes, erms, clmul, bmi1, bmi2, adx, avx512f, avx512dq, avx512cd, avx512bw, avx512vl, sha, fma, vzeroupper, avx512_vpopcntdq, avx512_vpclmulqdq, avx512_vaes, avx512_vnni, clflush, clflushopt, avx512_vbmi2, avx512_vbmi, rdtscp, rdpid, fsrm, gfni, avx512_bitalg, f16c, pku, avx512_ifma

Memory: 4k page, system-wide physical 7973M (12M free)
TotalPageFile size 32549M (AvailPageFile size 1M)
current process WorkingSet (physical memory assigned to process): 92M, peak: 310M
current process commit charge ("private bytes"): 341M, peak: 352M

vm_info: Java HotSpot(TM) 64-Bit Server VM (20.0.2+9-78) for windows-amd64 JRE (20.0.2+9-78), built on 2023-06-14T10:08:48Z by "mach5one" with MS VC++ 17.1 (VS2022)

END.
