#
# There is insufficient memory for the Java Runtime Environment to continue.
# Native memory allocation (malloc) failed to allocate 1139216 bytes for Chunk::new
# Possible reasons:
#   The system is out of physical RAM or swap space
#   The process is running with CompressedOops enabled, and the Java Heap may be blocking the growth of the native heap
# Possible solutions:
#   Reduce memory load on the system
#   Increase physical memory or swap space
#   Check if swap backing store is full
#   Decrease Java heap size (-Xmx/-Xms)
#   Decrease number of Java threads
#   Decrease Java thread stack sizes (-Xss)
#   Set larger code cache with -XX:ReservedCodeCacheSize=
#   JVM is running with Unscaled Compressed Oops mode in which the Java heap is
#     placed in the first 4GB address space. The Java Heap base address is the
#     maximum limit for the native heap growth. Please use -XX:HeapBaseMinAddress
#     to set the Java Heap base and to place the Java Heap above 4GB virtual address.
# This output file may be truncated or incomplete.
#
#  Out of Memory Error (arena.cpp:184), pid=12048, tid=26848
#
# JRE version: Java(TM) SE Runtime Environment (20.0.2+9) (build 20.0.2+9-78)
# Java VM: Java HotSpot(TM) 64-Bit Server VM (20.0.2+9-78, mixed mode, sharing, tiered, compressed oops, compressed class ptrs, g1 gc, windows-amd64)
# No core dump will be written. Minidumps are not enabled by default on client versions of Windows
#

---------------  S U M M A R Y ------------

Command Line: -Dfile.encoding=UTF-8 -Dstdout.encoding=UTF-8 -Dstderr.encoding=UTF-8 -XX:+ShowCodeDetailsInExceptionMessages com.site3.ecommerce.ECommerceApplication

Host: Intel(R) Core(TM) i5-1035G1 CPU @ 1.00GHz, 8 cores, 7G,  Windows 10 , 64 bit Build 19041 (10.0.19041.3570)
Time: Mon Oct 30 12:14:31 2023 Paris, Madrid elapsed time: 9937.066582 seconds (0d 2h 45m 37s)

---------------  T H R E A D  ---------------

Current thread (0x000001b36b80c930):  JavaThread "C2 CompilerThread0" daemon [_thread_in_native, id=26848, stack(0x0000000d7f700000,0x0000000d7f800000)]


Current CompileTask:
C2:9937066 15833       4       org.hibernate.loader.Loader::getRowFromResultSet (202 bytes)

Stack: [0x0000000d7f700000,0x0000000d7f800000]
Native frames: (J=compiled Java code, j=interpreted, Vv=VM code, C=native code)
V  [jvm.dll+0x6bc25a]
V  [jvm.dll+0x84971a]
V  [jvm.dll+0x84b315]
V  [jvm.dll+0x84ba13]
V  [jvm.dll+0x280e4f]
V  [jvm.dll+0xc2ab1]
V  [jvm.dll+0xc2dd5]
V  [jvm.dll+0x3bb612]
V  [jvm.dll+0x1e7109]
V  [jvm.dll+0x24b67b]
V  [jvm.dll+0x24a921]
V  [jvm.dll+0x1ce761]
V  [jvm.dll+0x25a0eb]
V  [jvm.dll+0x2587c0]
V  [jvm.dll+0x3f2dd5]
V  [jvm.dll+0x7f5c76]
V  [jvm.dll+0x6baecb]
C  [ucrtbase.dll+0x21bb2]
C  [KERNEL32.DLL+0x17344]
C  [ntdll.dll+0x526b1]


---------------  P R O C E S S  ---------------

Threads class SMR info:
_java_thread_list=0x000001b36ec93400, length=31, elements={
0x000001b366fb45b0, 0x000001b366fb5550, 0x000001b366fb8f90, 0x000001b366fbbc50,
0x000001b366fbe9e0, 0x000001b36b802c30, 0x000001b36b80c930, 0x000001b36b82d2c0,
0x000001b36b983d30, 0x000001b36b984280, 0x000001b36e584bb0, 0x000001b36e580bf0,
0x000001b36e580150, 0x000001b36e5806a0, 0x000001b36e582130, 0x000001b36e585ba0,
0x000001b36e583120, 0x000001b36e5860f0, 0x000001b36e581690, 0x000001b36e587630,
0x000001b36e581be0, 0x000001b36e586b90, 0x000001b36e582680, 0x000001b36e582bd0,
0x000001b36e583bc0, 0x000001b36e5870e0, 0x000001b36b984d20, 0x000001b36b9847d0,
0x000001b36b985d10, 0x000001b36b982d40, 0x000001b36e583670
}

Java Threads: ( => current thread )
  0x000001b366fb45b0 JavaThread "Reference Handler" daemon [_thread_blocked, id=39204, stack(0x0000000d7f100000,0x0000000d7f200000)]
  0x000001b366fb5550 JavaThread "Finalizer" daemon [_thread_blocked, id=34736, stack(0x0000000d7f200000,0x0000000d7f300000)]
  0x000001b366fb8f90 JavaThread "Signal Dispatcher" daemon [_thread_blocked, id=36268, stack(0x0000000d7f300000,0x0000000d7f400000)]
  0x000001b366fbbc50 JavaThread "Attach Listener" daemon [_thread_blocked, id=28140, stack(0x0000000d7f400000,0x0000000d7f500000)]
  0x000001b366fbe9e0 JavaThread "Service Thread" daemon [_thread_blocked, id=19600, stack(0x0000000d7f500000,0x0000000d7f600000)]
  0x000001b36b802c30 JavaThread "Monitor Deflation Thread" daemon [_thread_blocked, id=35752, stack(0x0000000d7f600000,0x0000000d7f700000)]
=>0x000001b36b80c930 JavaThread "C2 CompilerThread0" daemon [_thread_in_native, id=26848, stack(0x0000000d7f700000,0x0000000d7f800000)]
  0x000001b36b82d2c0 JavaThread "C1 CompilerThread0" daemon [_thread_blocked, id=7176, stack(0x0000000d7f800000,0x0000000d7f900000)]
  0x000001b36b983d30 JavaThread "Notification Thread" daemon [_thread_blocked, id=36868, stack(0x0000000d7f900000,0x0000000d7fa00000)]
  0x000001b36b984280 JavaThread "Common-Cleaner" daemon [_thread_blocked, id=39712, stack(0x0000000d7fb00000,0x0000000d7fc00000)]
  0x000001b36e584bb0 JavaThread "mysql-cj-abandoned-connection-cleanup" daemon [_thread_blocked, id=40708, stack(0x0000000d00800000,0x0000000d00900000)]
  0x000001b36e580bf0 JavaThread "Catalina-utility-1" [_thread_blocked, id=36416, stack(0x0000000d00900000,0x0000000d00a00000)]
  0x000001b36e580150 JavaThread "Catalina-utility-2" [_thread_blocked, id=29912, stack(0x0000000d00a00000,0x0000000d00b00000)]
  0x000001b36e5806a0 JavaThread "container-0" [_thread_blocked, id=16544, stack(0x0000000d00b00000,0x0000000d00c00000)]
  0x000001b36e582130 JavaThread "HikariPool-1 housekeeper" daemon [_thread_blocked, id=8956, stack(0x0000000d00500000,0x0000000d00600000)]
  0x000001b36e585ba0 JavaThread "File Watcher" daemon [_thread_in_native, id=33760, stack(0x0000000d00d00000,0x0000000d00e00000)]
  0x000001b36e583120 JavaThread "Live Reload Server" daemon [_thread_in_native, id=41428, stack(0x0000000d01000000,0x0000000d01100000)]
  0x000001b36e5860f0 JavaThread "spring.cloud.inetutils" daemon [_thread_blocked, id=21176, stack(0x0000000d00f00000,0x0000000d01000000)]
  0x000001b36e581690 JavaThread "http-nio-8090-exec-2" daemon [_thread_blocked, id=33876, stack(0x0000000d01200000,0x0000000d01300000)]
  0x000001b36e587630 JavaThread "http-nio-8090-exec-3" daemon [_thread_blocked, id=28968, stack(0x0000000d01300000,0x0000000d01400000)]
  0x000001b36e581be0 JavaThread "http-nio-8090-exec-4" daemon [_thread_blocked, id=1612, stack(0x0000000d01400000,0x0000000d01500000)]
  0x000001b36e586b90 JavaThread "http-nio-8090-exec-5" daemon [_thread_blocked, id=39684, stack(0x0000000d01500000,0x0000000d01600000)]
  0x000001b36e582680 JavaThread "http-nio-8090-exec-6" daemon [_thread_blocked, id=15436, stack(0x0000000d01600000,0x0000000d01700000)]
  0x000001b36e582bd0 JavaThread "http-nio-8090-exec-7" daemon [_thread_blocked, id=28752, stack(0x0000000d01700000,0x0000000d01800000)]
  0x000001b36e583bc0 JavaThread "http-nio-8090-exec-8" daemon [_thread_blocked, id=8856, stack(0x0000000d01800000,0x0000000d01900000)]
  0x000001b36e5870e0 JavaThread "http-nio-8090-exec-9" daemon [_thread_blocked, id=11340, stack(0x0000000d01900000,0x0000000d01a00000)]
  0x000001b36b984d20 JavaThread "http-nio-8090-exec-10" daemon [_thread_blocked, id=38632, stack(0x0000000d01a00000,0x0000000d01b00000)]
  0x000001b36b9847d0 JavaThread "http-nio-8090-Poller" daemon [_thread_in_native, id=30080, stack(0x0000000d01b00000,0x0000000d01c00000)]
  0x000001b36b985d10 JavaThread "http-nio-8090-Acceptor" daemon [_thread_in_native, id=10452, stack(0x0000000d01c00000,0x0000000d01d00000)]
  0x000001b36b982d40 JavaThread "DestroyJavaVM" [_thread_blocked, id=1648, stack(0x0000000d7ea00000,0x0000000d7eb00000)]
  0x000001b36e583670 JavaThread "http-nio-8090-exec-11" daemon [_thread_blocked, id=6452, stack(0x0000000d00300000,0x0000000d00400000)]

Other Threads:
  0x000001b366f92c20 VMThread "VM Thread" [stack: 0x0000000d7f000000,0x0000000d7f100000] [id=41000]
  0x000001b36b98a130 WatcherThread "VM Periodic Task Thread" [stack: 0x0000000d7fa00000,0x0000000d7fb00000] [id=38676]
  0x000001b34ad21b90 WorkerThread "GC Thread#0" [stack: 0x0000000d7eb00000,0x0000000d7ec00000] [id=18584]
  0x000001b366f91e10 WorkerThread "GC Thread#1" [stack: 0x0000000d7fd00000,0x0000000d7fe00000] [id=33912]
  0x000001b366f920e0 WorkerThread "GC Thread#2" [stack: 0x0000000d7fe00000,0x0000000d7ff00000] [id=26708]
  0x000001b366f923b0 WorkerThread "GC Thread#3" [stack: 0x0000000d7ff00000,0x0000000d80000000] [id=31864]
  0x000001b366f92680 WorkerThread "GC Thread#4" [stack: 0x0000000d00000000,0x0000000d00100000] [id=39600]
  0x000001b36c831d70 WorkerThread "GC Thread#5" [stack: 0x0000000d00100000,0x0000000d00200000] [id=20572]
  0x000001b36c834d40 WorkerThread "GC Thread#6" [stack: 0x0000000d00200000,0x0000000d00300000] [id=35952]
  0x000001b36c833c60 WorkerThread "GC Thread#7" [stack: 0x0000000d00700000,0x0000000d00800000] [id=36016]
  0x000001b34ad33300 ConcurrentGCThread "G1 Main Marker" [stack: 0x0000000d7ec00000,0x0000000d7ed00000] [id=27984]
  0x000001b34ad34250 WorkerThread "G1 Conc#0" [stack: 0x0000000d7ed00000,0x0000000d7ee00000] [id=22052]
  0x000001b36c832310 WorkerThread "G1 Conc#1" [stack: 0x0000000d00600000,0x0000000d00700000] [id=37040]
  0x000001b34ad5e410 ConcurrentGCThread "G1 Refine#0" [stack: 0x0000000d7ee00000,0x0000000d7ef00000] [id=41080]
  0x000001b366e4ed10 ConcurrentGCThread "G1 Service" [stack: 0x0000000d7ef00000,0x0000000d7f000000] [id=36984]

Threads with active compile tasks:
C2 CompilerThread0  9937147 15833       4       org.hibernate.loader.Loader::getRowFromResultSet (202 bytes)

VM state: not at safepoint (normal execution)

VM Mutex/Monitor currently owned by a thread: None

Heap address: 0x0000000083600000, size: 1994 MB, Compressed Oops mode: 32-bit

CDS archive(s) mapped at: [0x000001b300000000-0x000001b300c60000-0x000001b300c60000), size 12976128, SharedBaseAddress: 0x000001b300000000, ArchiveRelocationMode: 1.
Compressed class space mapped at: 0x000001b301000000-0x000001b341000000, reserved size: 1073741824
Narrow klass base: 0x000001b300000000, Narrow klass shift: 0, Narrow klass range: 0x100000000

GC Precious Log:
 CardTable entry size: 512
 Card Set container configuration: InlinePtr #cards 5 size 8 Array Of Cards #cards 12 size 40 Howl #buckets 4 coarsen threshold 1843 Howl Bitmap #cards 512 size 80 coarsen threshold 460 Card regions per heap region 1 cards per card region 2048
 CPUs: 8 total, 8 available
 Memory: 7973M
 Large Page Support: Disabled
 NUMA Support: Disabled
 Compressed Oops: Enabled (32-bit)
 Heap Region Size: 1M
 Heap Min Capacity: 8M
 Heap Initial Capacity: 126M
 Heap Max Capacity: 1994M
 Pre-touch: Disabled
 Parallel Workers: 8
 Concurrent Workers: 2
 Concurrent Refinement Workers: 8
 Periodic GC: Disabled

Heap:
 garbage-first heap   total 108544K, used 95991K [0x0000000083600000, 0x0000000100000000)
  region size 1024K, 44 young (45056K), 1 survivors (1024K)
 Metaspace       used 80847K, committed 81472K, reserved 1179648K
  class space    used 10290K, committed 10624K, reserved 1048576K

Heap Regions: E=young(eden), S=young(survivor), O=old, HS=humongous(starts), HC=humongous(continues), CS=collection set, F=free, OA=open archive, CA=closed archive, TAMS=top-at-mark-start, PB=parsable bottom
|   0|0x0000000083600000, 0x0000000083700000, 0x0000000083700000|100%|HS|  |TAMS 0x0000000083600000| PB 0x0000000083600000| Complete 
|   1|0x0000000083700000, 0x0000000083800000, 0x0000000083800000|100%| O|  |TAMS 0x0000000083700000| PB 0x0000000083700000| Untracked 
|   2|0x0000000083800000, 0x0000000083900000, 0x0000000083900000|100%| O|  |TAMS 0x0000000083800000| PB 0x0000000083800000| Untracked 
|   3|0x0000000083900000, 0x0000000083a00000, 0x0000000083a00000|100%| O|  |TAMS 0x0000000083900000| PB 0x0000000083900000| Untracked 
|   4|0x0000000083a00000, 0x0000000083b00000, 0x0000000083b00000|100%| O|  |TAMS 0x0000000083a00000| PB 0x0000000083a00000| Untracked 
|   5|0x0000000083b00000, 0x0000000083c00000, 0x0000000083c00000|100%| O|  |TAMS 0x0000000083b00000| PB 0x0000000083b00000| Untracked 
|   6|0x0000000083c00000, 0x0000000083d00000, 0x0000000083d00000|100%| O|  |TAMS 0x0000000083c00000| PB 0x0000000083c00000| Untracked 
|   7|0x0000000083d00000, 0x0000000083e00000, 0x0000000083e00000|100%| O|  |TAMS 0x0000000083d00000| PB 0x0000000083d00000| Untracked 
|   8|0x0000000083e00000, 0x0000000083f00000, 0x0000000083f00000|100%| O|  |TAMS 0x0000000083e00000| PB 0x0000000083e00000| Untracked 
|   9|0x0000000083f00000, 0x0000000084000000, 0x0000000084000000|100%| O|  |TAMS 0x0000000083f00000| PB 0x0000000083f00000| Untracked 
|  10|0x0000000084000000, 0x0000000084100000, 0x0000000084100000|100%| O|  |TAMS 0x0000000084000000| PB 0x0000000084000000| Untracked 
|  11|0x0000000084100000, 0x0000000084200000, 0x0000000084200000|100%| O|  |TAMS 0x0000000084100000| PB 0x0000000084100000| Untracked 
|  12|0x0000000084200000, 0x0000000084300000, 0x0000000084300000|100%| O|  |TAMS 0x0000000084200000| PB 0x0000000084200000| Untracked 
|  13|0x0000000084300000, 0x0000000084400000, 0x0000000084400000|100%| O|  |TAMS 0x0000000084300000| PB 0x0000000084300000| Untracked 
|  14|0x0000000084400000, 0x0000000084400000, 0x0000000084500000|  0%| F|  |TAMS 0x0000000084400000| PB 0x0000000084400000| Untracked 
|  15|0x0000000084500000, 0x0000000084600000, 0x0000000084600000|100%| O|  |TAMS 0x0000000084500000| PB 0x0000000084500000| Untracked 
|  16|0x0000000084600000, 0x0000000084700000, 0x0000000084700000|100%| O|  |TAMS 0x0000000084600000| PB 0x0000000084600000| Untracked 
|  17|0x0000000084700000, 0x00000000847f9a00, 0x0000000084800000| 97%| O|  |TAMS 0x0000000084700000| PB 0x0000000084700000| Untracked 
|  18|0x0000000084800000, 0x0000000084900000, 0x0000000084900000|100%| O|  |TAMS 0x0000000084800000| PB 0x0000000084800000| Untracked 
|  19|0x0000000084900000, 0x0000000084a00000, 0x0000000084a00000|100%| O|  |TAMS 0x0000000084900000| PB 0x0000000084900000| Untracked 
|  20|0x0000000084a00000, 0x0000000084b00000, 0x0000000084b00000|100%| O|  |TAMS 0x0000000084a00000| PB 0x0000000084a00000| Untracked 
|  21|0x0000000084b00000, 0x0000000084c00000, 0x0000000084c00000|100%| O|  |TAMS 0x0000000084b00000| PB 0x0000000084b00000| Untracked 
|  22|0x0000000084c00000, 0x0000000084d00000, 0x0000000084d00000|100%| O|  |TAMS 0x0000000084c00000| PB 0x0000000084c00000| Untracked 
|  23|0x0000000084d00000, 0x0000000084e00000, 0x0000000084e00000|100%| O|  |TAMS 0x0000000084d00000| PB 0x0000000084d00000| Untracked 
|  24|0x0000000084e00000, 0x0000000084f00000, 0x0000000084f00000|100%| O|  |TAMS 0x0000000084e00000| PB 0x0000000084e00000| Untracked 
|  25|0x0000000084f00000, 0x0000000085000000, 0x0000000085000000|100%| O|  |TAMS 0x0000000084f00000| PB 0x0000000084f00000| Untracked 
|  26|0x0000000085000000, 0x0000000085100000, 0x0000000085100000|100%| O|  |TAMS 0x0000000085000000| PB 0x0000000085000000| Untracked 
|  27|0x0000000085100000, 0x0000000085200000, 0x0000000085200000|100%| O|  |TAMS 0x0000000085100000| PB 0x0000000085100000| Untracked 
|  28|0x0000000085200000, 0x0000000085300000, 0x0000000085300000|100%| O|  |TAMS 0x0000000085200000| PB 0x0000000085200000| Untracked 
|  29|0x0000000085300000, 0x0000000085400000, 0x0000000085400000|100%| O|  |TAMS 0x0000000085300000| PB 0x0000000085300000| Untracked 
|  30|0x0000000085400000, 0x0000000085500000, 0x0000000085500000|100%| O|  |TAMS 0x0000000085400000| PB 0x0000000085400000| Untracked 
|  31|0x0000000085500000, 0x0000000085600000, 0x0000000085600000|100%| O|  |TAMS 0x0000000085500000| PB 0x0000000085500000| Untracked 
|  32|0x0000000085600000, 0x0000000085700000, 0x0000000085700000|100%| O|  |TAMS 0x0000000085600000| PB 0x0000000085600000| Untracked 
|  33|0x0000000085700000, 0x0000000085800000, 0x0000000085800000|100%| O|  |TAMS 0x0000000085700000| PB 0x0000000085700000| Untracked 
|  34|0x0000000085800000, 0x0000000085900000, 0x0000000085900000|100%| O|  |TAMS 0x0000000085800000| PB 0x0000000085800000| Untracked 
|  35|0x0000000085900000, 0x0000000085900000, 0x0000000085a00000|  0%| F|  |TAMS 0x0000000085900000| PB 0x0000000085900000| Untracked 
|  36|0x0000000085a00000, 0x0000000085b00000, 0x0000000085b00000|100%| O|  |TAMS 0x0000000085a00000| PB 0x0000000085a00000| Untracked 
|  37|0x0000000085b00000, 0x0000000085c00000, 0x0000000085c00000|100%| O|  |TAMS 0x0000000085b00000| PB 0x0000000085b00000| Untracked 
|  38|0x0000000085c00000, 0x0000000085d00000, 0x0000000085d00000|100%| O|  |TAMS 0x0000000085c00000| PB 0x0000000085c00000| Untracked 
|  39|0x0000000085d00000, 0x0000000085e00000, 0x0000000085e00000|100%| O|  |TAMS 0x0000000085d00000| PB 0x0000000085d00000| Untracked 
|  40|0x0000000085e00000, 0x0000000085f00000, 0x0000000085f00000|100%| O|  |TAMS 0x0000000085e00000| PB 0x0000000085e00000| Untracked 
|  41|0x0000000085f00000, 0x0000000086000000, 0x0000000086000000|100%| O|  |TAMS 0x0000000085f00000| PB 0x0000000085f00000| Untracked 
|  42|0x0000000086000000, 0x0000000086100000, 0x0000000086100000|100%| O|  |TAMS 0x0000000086000000| PB 0x0000000086000000| Untracked 
|  43|0x0000000086100000, 0x0000000086200000, 0x0000000086200000|100%| O|  |TAMS 0x0000000086100000| PB 0x0000000086100000| Untracked 
|  44|0x0000000086200000, 0x0000000086200000, 0x0000000086300000|  0%| F|  |TAMS 0x0000000086200000| PB 0x0000000086200000| Untracked 
|  45|0x0000000086300000, 0x0000000086300000, 0x0000000086400000|  0%| F|  |TAMS 0x0000000086300000| PB 0x0000000086300000| Untracked 
|  46|0x0000000086400000, 0x0000000086400000, 0x0000000086500000|  0%| F|  |TAMS 0x0000000086400000| PB 0x0000000086400000| Untracked 
|  47|0x0000000086500000, 0x0000000086600000, 0x0000000086600000|100%| O|  |TAMS 0x0000000086500000| PB 0x0000000086500000| Untracked 
|  48|0x0000000086600000, 0x0000000086600000, 0x0000000086700000|  0%| F|  |TAMS 0x0000000086600000| PB 0x0000000086600000| Untracked 
|  49|0x0000000086700000, 0x0000000086800000, 0x0000000086800000|100%| O|  |TAMS 0x0000000086700000| PB 0x0000000086700000| Untracked 
|  50|0x0000000086800000, 0x0000000086800000, 0x0000000086900000|  0%| F|  |TAMS 0x0000000086800000| PB 0x0000000086800000| Untracked 
|  51|0x0000000086900000, 0x0000000086a00000, 0x0000000086a00000|100%| O|  |TAMS 0x0000000086900000| PB 0x0000000086900000| Untracked 
|  52|0x0000000086a00000, 0x0000000086a00000, 0x0000000086b00000|  0%| F|  |TAMS 0x0000000086a00000| PB 0x0000000086a00000| Untracked 
|  53|0x0000000086b00000, 0x0000000086bc4590, 0x0000000086c00000| 76%| S|CS|TAMS 0x0000000086b00000| PB 0x0000000086b00000| Complete 
|  54|0x0000000086c00000, 0x0000000086d00000, 0x0000000086d00000|100%| O|  |TAMS 0x0000000086c00000| PB 0x0000000086c00000| Untracked 
|  55|0x0000000086d00000, 0x0000000086d00000, 0x0000000086e00000|  0%| F|  |TAMS 0x0000000086d00000| PB 0x0000000086d00000| Untracked 
|  56|0x0000000086e00000, 0x0000000086f00000, 0x0000000086f00000|100%| O|  |TAMS 0x0000000086e00000| PB 0x0000000086e00000| Untracked 
|  57|0x0000000086f00000, 0x0000000087000000, 0x0000000087000000|100%| O|  |TAMS 0x0000000086f00000| PB 0x0000000086f00000| Untracked 
|  58|0x0000000087000000, 0x0000000087100000, 0x0000000087100000|100%| O|  |TAMS 0x0000000087000000| PB 0x0000000087000000| Untracked 
|  59|0x0000000087100000, 0x0000000087100000, 0x0000000087200000|  0%| F|  |TAMS 0x0000000087100000| PB 0x0000000087100000| Untracked 
|  60|0x0000000087200000, 0x0000000087200000, 0x0000000087300000|  0%| F|  |TAMS 0x0000000087200000| PB 0x0000000087200000| Untracked 
|  61|0x0000000087300000, 0x00000000873fe1d0, 0x0000000087400000| 99%| E|  |TAMS 0x0000000087300000| PB 0x0000000087300000| Complete 
|  62|0x0000000087400000, 0x0000000087500000, 0x0000000087500000|100%| E|CS|TAMS 0x0000000087400000| PB 0x0000000087400000| Complete 
|  63|0x0000000087500000, 0x0000000087600000, 0x0000000087600000|100%| E|CS|TAMS 0x0000000087500000| PB 0x0000000087500000| Complete 
|  64|0x0000000087600000, 0x0000000087700000, 0x0000000087700000|100%| E|CS|TAMS 0x0000000087600000| PB 0x0000000087600000| Complete 
|  65|0x0000000087700000, 0x0000000087800000, 0x0000000087800000|100%| E|CS|TAMS 0x0000000087700000| PB 0x0000000087700000| Complete 
|  66|0x0000000087800000, 0x0000000087900000, 0x0000000087900000|100%| E|CS|TAMS 0x0000000087800000| PB 0x0000000087800000| Complete 
|  67|0x0000000087900000, 0x0000000087a00000, 0x0000000087a00000|100%| E|CS|TAMS 0x0000000087900000| PB 0x0000000087900000| Complete 
|  68|0x0000000087a00000, 0x0000000087b00000, 0x0000000087b00000|100%| E|CS|TAMS 0x0000000087a00000| PB 0x0000000087a00000| Complete 
|  69|0x0000000087b00000, 0x0000000087c00000, 0x0000000087c00000|100%| E|CS|TAMS 0x0000000087b00000| PB 0x0000000087b00000| Complete 
|  70|0x0000000087c00000, 0x0000000087d00000, 0x0000000087d00000|100%| E|CS|TAMS 0x0000000087c00000| PB 0x0000000087c00000| Complete 
|  71|0x0000000087d00000, 0x0000000087e00000, 0x0000000087e00000|100%| E|CS|TAMS 0x0000000087d00000| PB 0x0000000087d00000| Complete 
|  72|0x0000000087e00000, 0x0000000087f00000, 0x0000000087f00000|100%| E|CS|TAMS 0x0000000087e00000| PB 0x0000000087e00000| Complete 
|  73|0x0000000087f00000, 0x0000000088000000, 0x0000000088000000|100%| E|CS|TAMS 0x0000000087f00000| PB 0x0000000087f00000| Complete 
|  74|0x0000000088000000, 0x0000000088100000, 0x0000000088100000|100%| E|CS|TAMS 0x0000000088000000| PB 0x0000000088000000| Complete 
|  75|0x0000000088100000, 0x0000000088200000, 0x0000000088200000|100%| E|CS|TAMS 0x0000000088100000| PB 0x0000000088100000| Complete 
|  76|0x0000000088200000, 0x0000000088300000, 0x0000000088300000|100%| E|CS|TAMS 0x0000000088200000| PB 0x0000000088200000| Complete 
|  77|0x0000000088300000, 0x0000000088400000, 0x0000000088400000|100%| E|CS|TAMS 0x0000000088300000| PB 0x0000000088300000| Complete 
|  78|0x0000000088400000, 0x0000000088500000, 0x0000000088500000|100%| E|CS|TAMS 0x0000000088400000| PB 0x0000000088400000| Complete 
|  79|0x0000000088500000, 0x0000000088600000, 0x0000000088600000|100%| E|CS|TAMS 0x0000000088500000| PB 0x0000000088500000| Complete 
|  80|0x0000000088600000, 0x0000000088700000, 0x0000000088700000|100%| E|CS|TAMS 0x0000000088600000| PB 0x0000000088600000| Complete 
|  81|0x0000000088700000, 0x0000000088800000, 0x0000000088800000|100%| E|CS|TAMS 0x0000000088700000| PB 0x0000000088700000| Complete 
|  82|0x0000000088800000, 0x0000000088900000, 0x0000000088900000|100%| E|CS|TAMS 0x0000000088800000| PB 0x0000000088800000| Complete 
|  83|0x0000000088900000, 0x0000000088a00000, 0x0000000088a00000|100%| E|CS|TAMS 0x0000000088900000| PB 0x0000000088900000| Complete 
|  84|0x0000000088a00000, 0x0000000088b00000, 0x0000000088b00000|100%| E|CS|TAMS 0x0000000088a00000| PB 0x0000000088a00000| Complete 
|  85|0x0000000088b00000, 0x0000000088c00000, 0x0000000088c00000|100%| E|CS|TAMS 0x0000000088b00000| PB 0x0000000088b00000| Complete 
|  86|0x0000000088c00000, 0x0000000088d00000, 0x0000000088d00000|100%| E|CS|TAMS 0x0000000088c00000| PB 0x0000000088c00000| Complete 
|  87|0x0000000088d00000, 0x0000000088e00000, 0x0000000088e00000|100%| E|CS|TAMS 0x0000000088d00000| PB 0x0000000088d00000| Complete 
|  88|0x0000000088e00000, 0x0000000088f00000, 0x0000000088f00000|100%| E|CS|TAMS 0x0000000088e00000| PB 0x0000000088e00000| Complete 
|  89|0x0000000088f00000, 0x0000000089000000, 0x0000000089000000|100%| E|CS|TAMS 0x0000000088f00000| PB 0x0000000088f00000| Complete 
|  90|0x0000000089000000, 0x0000000089100000, 0x0000000089100000|100%| E|CS|TAMS 0x0000000089000000| PB 0x0000000089000000| Complete 
|  91|0x0000000089100000, 0x0000000089200000, 0x0000000089200000|100%| E|CS|TAMS 0x0000000089100000| PB 0x0000000089100000| Complete 
|  92|0x0000000089200000, 0x0000000089300000, 0x0000000089300000|100%| E|CS|TAMS 0x0000000089200000| PB 0x0000000089200000| Complete 
|  93|0x0000000089300000, 0x0000000089400000, 0x0000000089400000|100%| E|CS|TAMS 0x0000000089300000| PB 0x0000000089300000| Complete 
|  94|0x0000000089400000, 0x0000000089500000, 0x0000000089500000|100%| E|CS|TAMS 0x0000000089400000| PB 0x0000000089400000| Complete 
|  95|0x0000000089500000, 0x0000000089600000, 0x0000000089600000|100%| E|CS|TAMS 0x0000000089500000| PB 0x0000000089500000| Complete 
|  96|0x0000000089600000, 0x0000000089700000, 0x0000000089700000|100%| E|CS|TAMS 0x0000000089600000| PB 0x0000000089600000| Complete 
|  97|0x0000000089700000, 0x0000000089800000, 0x0000000089800000|100%| E|CS|TAMS 0x0000000089700000| PB 0x0000000089700000| Complete 
|  98|0x0000000089800000, 0x0000000089900000, 0x0000000089900000|100%| E|CS|TAMS 0x0000000089800000| PB 0x0000000089800000| Complete 
|  99|0x0000000089900000, 0x0000000089a00000, 0x0000000089a00000|100%| E|CS|TAMS 0x0000000089900000| PB 0x0000000089900000| Complete 
| 125|0x000000008b300000, 0x000000008b400000, 0x000000008b400000|100%| E|CS|TAMS 0x000000008b300000| PB 0x000000008b300000| Complete 
|1989|0x00000000ffb00000, 0x00000000ffc00000, 0x00000000ffc00000|100%| E|CS|TAMS 0x00000000ffb00000| PB 0x00000000ffb00000| Complete 
|1990|0x00000000ffc00000, 0x00000000ffd00000, 0x00000000ffd00000|100%| O|  |TAMS 0x00000000ffc00000| PB 0x00000000ffc00000| Untracked 
|1991|0x00000000ffd00000, 0x00000000ffe00000, 0x00000000ffe00000|100%| O|  |TAMS 0x00000000ffd00000| PB 0x00000000ffd00000| Untracked 
|1992|0x00000000ffe00000, 0x00000000fff00000, 0x00000000fff00000|100%| E|CS|TAMS 0x00000000ffe00000| PB 0x00000000ffe00000| Complete 
|1993|0x00000000fff00000, 0x0000000100000000, 0x0000000100000000|100%| E|CS|TAMS 0x00000000fff00000| PB 0x00000000fff00000| Complete 

Card table byte_map: [0x000001b362490000,0x000001b362880000] _byte_map_base: 0x000001b362075000

Marking Bits: (CMBitMap*) 0x000001b34ad230e0
 Bits: [0x000001b362c70000, 0x000001b364b98000)

Polling page: 0x000001b348ca0000

Metaspace:

Usage:
  Non-class:     68.90 MB used.
      Class:     10.05 MB used.
       Both:     78.95 MB used.

Virtual space:
  Non-class space:      128.00 MB reserved,      69.19 MB ( 54%) committed,  2 nodes.
      Class space:        1.00 GB reserved,      10.38 MB (  1%) committed,  1 nodes.
             Both:        1.12 GB reserved,      79.56 MB (  7%) committed. 

Chunk freelists:
   Non-Class:  2.58 MB
       Class:  1.54 MB
        Both:  4.13 MB

MaxMetaspaceSize: unlimited
CompressedClassSpaceSize: 1.00 GB
Initial GC threshold: 21.00 MB
Current GC threshold: 132.50 MB
CDS: on
MetaspaceReclaimPolicy: balanced
 - commit_granule_bytes: 65536.
 - commit_granule_words: 8192.
 - virtual_space_node_default_size: 8388608.
 - enlarge_chunks_in_place: 1.
 - new_chunks_are_fully_committed: 0.
 - uncommit_free_chunks: 1.
 - use_allocation_guard: 0.


Internal statistics:

num_allocs_failed_limit: 6.
num_arena_births: 1434.
num_arena_deaths: 586.
num_vsnodes_births: 3.
num_vsnodes_deaths: 0.
num_space_committed: 1273.
num_space_uncommitted: 0.
num_chunks_returned_to_freelist: 660.
num_chunks_taken_from_freelist: 4913.
num_chunk_merges: 163.
num_chunk_splits: 3076.
num_chunks_enlarged: 2318.
num_inconsistent_stats: 0.

CodeHeap 'non-profiled nmethods': size=120000Kb used=6744Kb max_used=7003Kb free=113255Kb
 bounds [0x000001b35a840000, 0x000001b35af60000, 0x000001b361d70000]
CodeHeap 'profiled nmethods': size=120000Kb used=12800Kb max_used=20959Kb free=107199Kb
 bounds [0x000001b352d70000, 0x000001b354220000, 0x000001b35a2a0000]
CodeHeap 'non-nmethods': size=5760Kb used=1881Kb max_used=1944Kb free=3879Kb
 bounds [0x000001b35a2a0000, 0x000001b35a510000, 0x000001b35a840000]
 total_blobs=6652 nmethods=5958 adapters=602
 compilation: enabled
              stopped_count=0, restarted_count=0
 full_count=0

Compilation events (20 events):
Event: 9936.477 Thread 0x000001b36b82d2c0 15825       3       org.springframework.data.rest.webmvc.RepositoryRestHandlerMapping::access$000 (5 bytes)
Event: 9936.477 Thread 0x000001b36b80c930 nmethod 15824 0x000001b35aa5ff90 code [0x000001b35aa60120, 0x000001b35aa60450]
Event: 9936.478 Thread 0x000001b36b82d2c0 nmethod 15825 0x000001b35301f710 code [0x000001b35301f8a0, 0x000001b35301f9b0]
Event: 9936.478 Thread 0x000001b36b82d2c0 15830       3       org.springframework.web.util.UriTemplate::<init> (51 bytes)
Event: 9936.491 Thread 0x000001b36b82d2c0 nmethod 15830 0x000001b352ee9190 code [0x000001b352ee93e0, 0x000001b352ee9da0]
Event: 9936.491 Thread 0x000001b36b82d2c0 15826       3       org.springframework.data.rest.webmvc.RepositoryRestHandlerMapping$RepositoryCorsConfigurationAccessor::lambda$null$0 (11 bytes)
Event: 9936.494 Thread 0x000001b36b80c930 15831       4       org.hibernate.loader.Loader::extractKeysFromResultSet (424 bytes)
Event: 9936.509 Thread 0x000001b36b82d2c0 nmethod 15826 0x000001b353822510 code [0x000001b353822740, 0x000001b353822fd0]
Event: 9936.510 Thread 0x000001b36b82d2c0 15836       3       org.springframework.http.converter.json.AbstractJackson2HttpMessageConverter::selectObjectMapper (156 bytes)
Event: 9936.527 Thread 0x000001b36b82d2c0 nmethod 15836 0x000001b3531b8010 code [0x000001b3531b8340, 0x000001b3531b99f8]
Event: 9936.527 Thread 0x000001b36b82d2c0 15835       3       com.fasterxml.jackson.databind.ser.DefaultSerializerProvider$Impl::createInstance (7 bytes)
Event: 9936.531 Thread 0x000001b36b82d2c0 nmethod 15835 0x000001b353052810 code [0x000001b3530529a0, 0x000001b353052ad8]
Event: 9936.531 Thread 0x000001b36b82d2c0 15838   !   3       jdk.proxy2.$Proxy206::contentUsing (29 bytes)
Event: 9936.538 Thread 0x000001b36b82d2c0 nmethod 15838 0x000001b35363b210 code [0x000001b35363b3c0, 0x000001b35363b7b0]
Event: 9936.540 Thread 0x000001b36b82d2c0 15837       3       org.springframework.hateoas.mediatype.hal.Jackson2HalModule$EmbeddedMapper$$Lambda$1994/0x000001b301a4f6b0::test (8 bytes)
Event: 9936.542 Thread 0x000001b36b82d2c0 nmethod 15837 0x000001b353512b10 code [0x000001b353512ca0, 0x000001b353512f80]
Event: 9936.706 Thread 0x000001b36b80c930 nmethod 15831 0x000001b35af55f10 code [0x000001b35af561e0, 0x000001b35af57bb0]
Event: 9936.707 Thread 0x000001b36b80c930 15832       4       org.hibernate.loader.Loader::registerNonExists (126 bytes)
Event: 9936.720 Thread 0x000001b36b80c930 nmethod 15832 0x000001b35a8ef790 code [0x000001b35a8ef920, 0x000001b35a8efad0]
Event: 9936.720 Thread 0x000001b36b80c930 15833       4       org.hibernate.loader.Loader::getRowFromResultSet (202 bytes)

GC Heap History (20 events):
Event: 6355.492 GC heap before
{Heap before GC invocations=56 (full 0):
 garbage-first heap   total 108544K, used 96210K [0x0000000083600000, 0x0000000100000000)
  region size 1024K, 46 young (47104K), 4 survivors (4096K)
 Metaspace       used 80727K, committed 81344K, reserved 1179648K
  class space    used 10304K, committed 10624K, reserved 1048576K
}
Event: 6355.674 GC heap after
{Heap after GC invocations=57 (full 0):
 garbage-first heap   total 108544K, used 54293K [0x0000000083600000, 0x0000000100000000)
  region size 1024K, 2 young (2048K), 2 survivors (2048K)
 Metaspace       used 80727K, committed 81344K, reserved 1179648K
  class space    used 10304K, committed 10624K, reserved 1048576K
}
Event: 6761.041 GC heap before
{Heap before GC invocations=58 (full 0):
 garbage-first heap   total 108544K, used 99349K [0x0000000083600000, 0x0000000100000000)
  region size 1024K, 46 young (47104K), 2 survivors (2048K)
 Metaspace       used 80736K, committed 81344K, reserved 1179648K
  class space    used 10305K, committed 10624K, reserved 1048576K
}
Event: 6761.170 GC heap after
{Heap after GC invocations=59 (full 0):
 garbage-first heap   total 108544K, used 54256K [0x0000000083600000, 0x0000000100000000)
  region size 1024K, 2 young (2048K), 2 survivors (2048K)
 Metaspace       used 80736K, committed 81344K, reserved 1179648K
  class space    used 10305K, committed 10624K, reserved 1048576K
}
Event: 7067.027 GC heap before
{Heap before GC invocations=59 (full 0):
 garbage-first heap   total 108544K, used 99312K [0x0000000083600000, 0x0000000100000000)
  region size 1024K, 46 young (47104K), 2 survivors (2048K)
 Metaspace       used 80750K, committed 81344K, reserved 1179648K
  class space    used 10305K, committed 10624K, reserved 1048576K
}
Event: 7067.108 GC heap after
{Heap after GC invocations=60 (full 0):
 garbage-first heap   total 108544K, used 54000K [0x0000000083600000, 0x0000000100000000)
  region size 1024K, 2 young (2048K), 2 survivors (2048K)
 Metaspace       used 80750K, committed 81344K, reserved 1179648K
  class space    used 10305K, committed 10624K, reserved 1048576K
}
Event: 7445.701 GC heap before
{Heap before GC invocations=60 (full 0):
 garbage-first heap   total 108544K, used 99056K [0x0000000083600000, 0x0000000100000000)
  region size 1024K, 46 young (47104K), 2 survivors (2048K)
 Metaspace       used 80777K, committed 81408K, reserved 1179648K
  class space    used 10305K, committed 10624K, reserved 1048576K
}
Event: 7446.174 GC heap after
{Heap after GC invocations=61 (full 0):
 garbage-first heap   total 108544K, used 54396K [0x0000000083600000, 0x0000000100000000)
  region size 1024K, 2 young (2048K), 2 survivors (2048K)
 Metaspace       used 80777K, committed 81408K, reserved 1179648K
  class space    used 10305K, committed 10624K, reserved 1048576K
}
Event: 7970.137 GC heap before
{Heap before GC invocations=62 (full 0):
 garbage-first heap   total 108544K, used 99452K [0x0000000083600000, 0x0000000100000000)
  region size 1024K, 46 young (47104K), 2 survivors (2048K)
 Metaspace       used 80733K, committed 81408K, reserved 1179648K
  class space    used 10290K, committed 10624K, reserved 1048576K
}
Event: 7970.341 GC heap after
{Heap after GC invocations=63 (full 0):
 garbage-first heap   total 108544K, used 54184K [0x0000000083600000, 0x0000000100000000)
  region size 1024K, 1 young (1024K), 1 survivors (1024K)
 Metaspace       used 80733K, committed 81408K, reserved 1179648K
  class space    used 10290K, committed 10624K, reserved 1048576K
}
Event: 8416.025 GC heap before
{Heap before GC invocations=63 (full 0):
 garbage-first heap   total 108544K, used 101288K [0x0000000083600000, 0x0000000100000000)
  region size 1024K, 47 young (48128K), 1 survivors (1024K)
 Metaspace       used 80741K, committed 81408K, reserved 1179648K
  class space    used 10290K, committed 10624K, reserved 1048576K
}
Event: 8416.258 GC heap after
{Heap after GC invocations=64 (full 0):
 garbage-first heap   total 108544K, used 53432K [0x0000000083600000, 0x0000000100000000)
  region size 1024K, 1 young (1024K), 1 survivors (1024K)
 Metaspace       used 80741K, committed 81408K, reserved 1179648K
  class space    used 10290K, committed 10624K, reserved 1048576K
}
Event: 8568.056 GC heap before
{Heap before GC invocations=64 (full 0):
 garbage-first heap   total 108544K, used 100536K [0x0000000083600000, 0x0000000100000000)
  region size 1024K, 47 young (48128K), 1 survivors (1024K)
 Metaspace       used 80778K, committed 81472K, reserved 1179648K
  class space    used 10291K, committed 10624K, reserved 1048576K
}
Event: 8568.188 GC heap after
{Heap after GC invocations=65 (full 0):
 garbage-first heap   total 108544K, used 53700K [0x0000000083600000, 0x0000000100000000)
  region size 1024K, 2 young (2048K), 2 survivors (2048K)
 Metaspace       used 80778K, committed 81472K, reserved 1179648K
  class space    used 10291K, committed 10624K, reserved 1048576K
}
Event: 8886.034 GC heap before
{Heap before GC invocations=66 (full 0):
 garbage-first heap   total 108544K, used 98756K [0x0000000083600000, 0x0000000100000000)
  region size 1024K, 46 young (47104K), 2 survivors (2048K)
 Metaspace       used 80801K, committed 81472K, reserved 1179648K
  class space    used 10289K, committed 10624K, reserved 1048576K
}
Event: 8886.143 GC heap after
{Heap after GC invocations=67 (full 0):
 garbage-first heap   total 108544K, used 53615K [0x0000000083600000, 0x0000000100000000)
  region size 1024K, 1 young (1024K), 1 survivors (1024K)
 Metaspace       used 80801K, committed 81472K, reserved 1179648K
  class space    used 10289K, committed 10624K, reserved 1048576K
}
Event: 9319.004 GC heap before
{Heap before GC invocations=67 (full 0):
 garbage-first heap   total 108544K, used 100719K [0x0000000083600000, 0x0000000100000000)
  region size 1024K, 47 young (48128K), 1 survivors (1024K)
 Metaspace       used 80805K, committed 81472K, reserved 1179648K
  class space    used 10290K, committed 10624K, reserved 1048576K
}
Event: 9319.255 GC heap after
{Heap after GC invocations=68 (full 0):
 garbage-first heap   total 108544K, used 53423K [0x0000000083600000, 0x0000000100000000)
  region size 1024K, 1 young (1024K), 1 survivors (1024K)
 Metaspace       used 80805K, committed 81472K, reserved 1179648K
  class space    used 10290K, committed 10624K, reserved 1048576K
}
Event: 9753.645 GC heap before
{Heap before GC invocations=68 (full 0):
 garbage-first heap   total 108544K, used 100527K [0x0000000083600000, 0x0000000100000000)
  region size 1024K, 47 young (48128K), 1 survivors (1024K)
 Metaspace       used 80824K, committed 81472K, reserved 1179648K
  class space    used 10290K, committed 10624K, reserved 1048576K
}
Event: 9753.732 GC heap after
{Heap after GC invocations=69 (full 0):
 garbage-first heap   total 108544K, used 52983K [0x0000000083600000, 0x0000000100000000)
  region size 1024K, 1 young (1024K), 1 survivors (1024K)
 Metaspace       used 80824K, committed 81472K, reserved 1179648K
  class space    used 10290K, committed 10624K, reserved 1048576K
}

Dll operation events (11 events):
Event: 0.053 Loaded shared library C:\Program Files\Java\jdk-20\bin\java.dll
Event: 0.123 Loaded shared library C:\Program Files\Java\jdk-20\bin\jsvml.dll
Event: 0.286 Loaded shared library C:\Program Files\Java\jdk-20\bin\net.dll
Event: 0.306 Loaded shared library C:\Program Files\Java\jdk-20\bin\nio.dll
Event: 0.325 Loaded shared library C:\Program Files\Java\jdk-20\bin\zip.dll
Event: 0.699 Loaded shared library C:\Program Files\Java\jdk-20\bin\verify.dll
Event: 0.712 Loaded shared library C:\Program Files\Java\jdk-20\bin\jimage.dll
Event: 1.257 Loaded shared library C:\Program Files\Java\jdk-20\bin\management.dll
Event: 1.275 Loaded shared library C:\Program Files\Java\jdk-20\bin\management_ext.dll
Event: 6.477 Loaded shared library C:\Program Files\Java\jdk-20\bin\sunmscapi.dll
Event: 8.861 Loaded shared library C:\Program Files\Java\jdk-20\bin\extnet.dll

Deoptimization events (20 events):
Event: 9805.647 Thread 0x000001b36e582bd0 Uncommon trap: trap_request=0xffffff76 fr.pc=0x000001b35ad9bdf0 relative=0x0000000000000270
Event: 9805.648 Thread 0x000001b36e582bd0 Uncommon trap: reason=predicate action=maybe_recompile pc=0x000001b35ad9bdf0 method=java.util.LinkedHashMap.keysToArray([Ljava/lang/Object;)[Ljava/lang/Object; @ 12 c2
Event: 9805.648 Thread 0x000001b36e582bd0 DEOPT PACKING pc=0x000001b35ad9bdf0 sp=0x0000000d017fc520
Event: 9805.650 Thread 0x000001b36e582bd0 DEOPT UNPACKING pc=0x000001b35a2bd2a2 sp=0x0000000d017fc4d8 mode 2
Event: 9936.152 Thread 0x000001b36e587630 Uncommon trap: trap_request=0xffffffbe fr.pc=0x000001b35a8bdbf4 relative=0x0000000000000274
Event: 9936.154 Thread 0x000001b36e587630 Uncommon trap: reason=profile_predicate action=maybe_recompile pc=0x000001b35a8bdbf4 method=java.util.LinkedHashMap.keysToArray([Ljava/lang/Object;)[Ljava/lang/Object; @ 12 c2
Event: 9936.155 Thread 0x000001b36e587630 DEOPT PACKING pc=0x000001b35a8bdbf4 sp=0x0000000d013fcb80
Event: 9936.164 Thread 0x000001b36e587630 DEOPT UNPACKING pc=0x000001b35a2bd2a2 sp=0x0000000d013fcb38 mode 2
Event: 9936.170 Thread 0x000001b36e587630 Uncommon trap: trap_request=0xffffffbe fr.pc=0x000001b35a8bdbf4 relative=0x0000000000000274
Event: 9936.171 Thread 0x000001b36e587630 Uncommon trap: reason=profile_predicate action=maybe_recompile pc=0x000001b35a8bdbf4 method=java.util.LinkedHashMap.keysToArray([Ljava/lang/Object;)[Ljava/lang/Object; @ 12 c2
Event: 9936.171 Thread 0x000001b36e587630 DEOPT PACKING pc=0x000001b35a8bdbf4 sp=0x0000000d013fba60
Event: 9936.171 Thread 0x000001b36e587630 DEOPT UNPACKING pc=0x000001b35a2bd2a2 sp=0x0000000d013fba18 mode 2
Event: 9936.450 Thread 0x000001b36e586b90 Uncommon trap: trap_request=0xffffffbe fr.pc=0x000001b35a8bdbf4 relative=0x0000000000000274
Event: 9936.451 Thread 0x000001b36e586b90 Uncommon trap: reason=profile_predicate action=maybe_recompile pc=0x000001b35a8bdbf4 method=java.util.LinkedHashMap.keysToArray([Ljava/lang/Object;)[Ljava/lang/Object; @ 12 c2
Event: 9936.451 Thread 0x000001b36e586b90 DEOPT PACKING pc=0x000001b35a8bdbf4 sp=0x0000000d015fc530
Event: 9936.452 Thread 0x000001b36e586b90 DEOPT UNPACKING pc=0x000001b35a2bd2a2 sp=0x0000000d015fc4e8 mode 2
Event: 9936.453 Thread 0x000001b36b984d20 Uncommon trap: trap_request=0xffffffbe fr.pc=0x000001b35a8bdbf4 relative=0x0000000000000274
Event: 9936.453 Thread 0x000001b36b984d20 Uncommon trap: reason=profile_predicate action=maybe_recompile pc=0x000001b35a8bdbf4 method=java.util.LinkedHashMap.keysToArray([Ljava/lang/Object;)[Ljava/lang/Object; @ 12 c2
Event: 9936.453 Thread 0x000001b36b984d20 DEOPT PACKING pc=0x000001b35a8bdbf4 sp=0x0000000d01afcb70
Event: 9936.453 Thread 0x000001b36b984d20 DEOPT UNPACKING pc=0x000001b35a2bd2a2 sp=0x0000000d01afcb28 mode 2

Classes loaded (20 events):
Event: 2835.545 Loading class java/lang/ObjectCustomizer
Event: 2835.545 Loading class java/lang/ObjectCustomizer done
Event: 2835.548 Loading class java/lang/ObjectCustomizer
Event: 2835.548 Loading class java/lang/ObjectCustomizer done
Event: 2835.548 Loading class java/lang/ObjectCustomizer
Event: 2835.548 Loading class java/lang/ObjectCustomizer done
Event: 2835.550 Loading class java/lang/ObjectCustomizer
Event: 2835.550 Loading class java/lang/ObjectCustomizer done
Event: 2835.551 Loading class java/lang/ObjectCustomizer
Event: 2835.551 Loading class java/lang/ObjectCustomizer done
Event: 2835.552 Loading class java/lang/ObjectCustomizer
Event: 2835.552 Loading class java/lang/ObjectCustomizer done
Event: 3776.030 Loading class sun/reflect/Reflection
Event: 3776.036 Loading class sun/reflect/Reflection done
Event: 3776.428 Loading class jdk/internal/loader/BootLoader$PackageHelper
Event: 3776.454 Loading class jdk/internal/loader/BootLoader$PackageHelper done
Event: 3776.563 Loading class java/security/AllPermissionCollection
Event: 3776.704 Loading class java/security/AllPermissionCollection done
Event: 6092.986 Loading class sun/util/locale/LocaleExtensions
Event: 6093.088 Loading class sun/util/locale/LocaleExtensions done

Classes unloaded (20 events):
Event: 7446.893 Thread 0x000001b366f92c20 Unloading class 0x000001b301a4d800 'java/lang/invoke/LambdaForm$DMH+0x000001b301a4d800'
Event: 7446.893 Thread 0x000001b366f92c20 Unloading class 0x000001b301a4cc00 'java/lang/invoke/LambdaForm$DMH+0x000001b301a4cc00'
Event: 7446.893 Thread 0x000001b366f92c20 Unloading class 0x000001b301a4c800 'java/lang/invoke/LambdaForm$DMH+0x000001b301a4c800'
Event: 7446.893 Thread 0x000001b366f92c20 Unloading class 0x000001b301a4c000 'java/lang/invoke/LambdaForm$DMH+0x000001b301a4c000'
Event: 7446.893 Thread 0x000001b366f92c20 Unloading class 0x000001b301a3c800 'java/lang/invoke/LambdaForm$MH+0x000001b301a3c800'
Event: 7446.893 Thread 0x000001b366f92c20 Unloading class 0x000001b301a3c400 'java/lang/invoke/LambdaForm$MH+0x000001b301a3c400'
Event: 7446.894 Thread 0x000001b366f92c20 Unloading class 0x000001b301a3c000 'java/lang/invoke/LambdaForm$MH+0x000001b301a3c000'
Event: 7446.894 Thread 0x000001b366f92c20 Unloading class 0x000001b301a36000 'java/lang/invoke/LambdaForm$MH+0x000001b301a36000'
Event: 7446.894 Thread 0x000001b366f92c20 Unloading class 0x000001b301a35c00 'java/lang/invoke/LambdaForm$MH+0x000001b301a35c00'
Event: 7446.894 Thread 0x000001b366f92c20 Unloading class 0x000001b301a35800 'java/lang/invoke/LambdaForm$MH+0x000001b301a35800'
Event: 7446.894 Thread 0x000001b366f92c20 Unloading class 0x000001b301a35000 'java/lang/invoke/LambdaForm$MH+0x000001b301a35000'
Event: 7446.894 Thread 0x000001b366f92c20 Unloading class 0x000001b301a35400 'java/lang/invoke/LambdaForm$MH+0x000001b301a35400'
Event: 7446.894 Thread 0x000001b366f92c20 Unloading class 0x000001b301a34c00 'java/lang/invoke/LambdaForm$MH+0x000001b301a34c00'
Event: 7446.894 Thread 0x000001b366f92c20 Unloading class 0x000001b301a34800 'java/lang/invoke/LambdaForm$MH+0x000001b301a34800'
Event: 8569.285 Thread 0x000001b366f92c20 Unloading class 0x000001b301038400 'java/lang/invoke/LambdaForm$MH+0x000001b301038400'
Event: 8569.285 Thread 0x000001b366f92c20 Unloading class 0x000001b301a14400 'java/lang/invoke/LambdaForm$MH+0x000001b301a14400'
Event: 8569.285 Thread 0x000001b366f92c20 Unloading class 0x000001b301a15000 'java/lang/invoke/LambdaForm$MH+0x000001b301a15000'
Event: 8569.285 Thread 0x000001b366f92c20 Unloading class 0x000001b301a2c800 'java/lang/invoke/LambdaForm$MH+0x000001b301a2c800'
Event: 8569.285 Thread 0x000001b366f92c20 Unloading class 0x000001b301a16800 'java/lang/invoke/LambdaForm$MH+0x000001b301a16800'
Event: 8569.285 Thread 0x000001b366f92c20 Unloading class 0x000001b301a2c400 'java/lang/invoke/LambdaForm$MH+0x000001b301a2c400'

Classes redefined (0 events):
No events

Internal exceptions (20 events):
Event: 3773.910 Thread 0x000001b36e583bc0 Exception <a 'java/io/IOException'{0x0000000088d4ba60}> (0x0000000088d4ba60) 
thrown [s\open\src\hotspot\share\prims\jni.cpp, line 519]
Event: 3773.972 Thread 0x000001b36e582680 Exception <a 'java/io/IOException'{0x0000000088b39000}> (0x0000000088b39000) 
thrown [s\open\src\hotspot\share\prims\jni.cpp, line 519]
Event: 3774.042 Thread 0x000001b36e582680 Exception <a 'java/io/IOException'{0x0000000088b3ad78}> (0x0000000088b3ad78) 
thrown [s\open\src\hotspot\share\prims\jni.cpp, line 519]
Event: 3774.941 Thread 0x000001b36e5870e0 Implicit null exception at 0x000001b35ad9a915 to 0x000001b35ad9b1a0
Event: 3774.941 Thread 0x000001b36e582680 Implicit null exception at 0x000001b35ad9a915 to 0x000001b35ad9b1a0
Event: 3775.230 Thread 0x000001b36e5870e0 Exception <a 'java/io/IOException'{0x0000000088ba66f8}> (0x0000000088ba66f8) 
thrown [s\open\src\hotspot\share\prims\jni.cpp, line 519]
Event: 3775.230 Thread 0x000001b36e582bd0 Exception <a 'java/io/IOException'{0x0000000088bb2480}> (0x0000000088bb2480) 
thrown [s\open\src\hotspot\share\prims\jni.cpp, line 519]
Event: 3775.232 Thread 0x000001b36e582680 Exception <a 'java/io/IOException'{0x0000000088bb0ae8}> (0x0000000088bb0ae8) 
thrown [s\open\src\hotspot\share\prims\jni.cpp, line 519]
Event: 3776.038 Thread 0x000001b36e582bd0 Exception <a 'java/lang/NoClassDefFoundError'{0x0000000088a11698}: sun/reflect/Reflection> (0x0000000088a11698) 
thrown [s\open\src\hotspot\share\classfile\systemDictionary.cpp, line 294]
Event: 3777.559 Thread 0x000001b36e5870e0 Exception <a 'java/io/IOException'{0x000000008851c850}> (0x000000008851c850) 
thrown [s\open\src\hotspot\share\prims\jni.cpp, line 519]
Event: 3777.561 Thread 0x000001b36e582680 Exception <a 'java/io/IOException'{0x0000000088528318}> (0x0000000088528318) 
thrown [s\open\src\hotspot\share\prims\jni.cpp, line 519]
Event: 3777.578 Thread 0x000001b36e582bd0 Exception <a 'java/io/IOException'{0x0000000088582ad0}> (0x0000000088582ad0) 
thrown [s\open\src\hotspot\share\prims\jni.cpp, line 519]
Event: 5392.981 Thread 0x000001b36e580150 Implicit null exception at 0x000001b35ab710a6 to 0x000001b35ab71334
Event: 5393.985 Thread 0x000001b36e580150 Implicit null exception at 0x000001b35ab710a6 to 0x000001b35ab71334
Event: 5394.995 Thread 0x000001b36e580150 Implicit null exception at 0x000001b35ab710a6 to 0x000001b35ab71334
Event: 5395.994 Thread 0x000001b36e580150 Implicit null exception at 0x000001b35ab710a6 to 0x000001b35ab71334
Event: 5673.441 Thread 0x000001b36e582bd0 Implicit null exception at 0x000001b35aece6d0 to 0x000001b35aecec50
Event: 5673.442 Thread 0x000001b36e582bd0 Implicit null exception at 0x000001b35adfe969 to 0x000001b35adff154
Event: 5673.442 Thread 0x000001b36e582bd0 Implicit null exception at 0x000001b35ae5574f to 0x000001b35ae57634
Event: 5673.444 Thread 0x000001b36e582bd0 Implicit null exception at 0x000001b35a874b2e to 0x000001b35a874f1c

VM Operations (20 events):
Event: 9565.319 Executing VM operation: Cleanup
Event: 9565.323 Executing VM operation: Cleanup done
Event: 9753.126 Executing VM operation: Cleanup
Event: 9753.130 Executing VM operation: Cleanup done
Event: 9753.640 Executing VM operation: G1CollectForAllocation
Event: 9753.733 Executing VM operation: G1CollectForAllocation done
Event: 9800.886 Executing VM operation: HandshakeAllThreads
Event: 9800.886 Executing VM operation: HandshakeAllThreads done
Event: 9805.927 Executing VM operation: Cleanup
Event: 9805.946 Executing VM operation: Cleanup done
Event: 9806.958 Executing VM operation: Cleanup
Event: 9806.958 Executing VM operation: Cleanup done
Event: 9860.946 Executing VM operation: HandshakeAllThreads
Event: 9860.946 Executing VM operation: HandshakeAllThreads done
Event: 9912.398 Executing VM operation: Cleanup
Event: 9912.399 Executing VM operation: Cleanup done
Event: 9913.400 Executing VM operation: Cleanup
Event: 9913.400 Executing VM operation: Cleanup done
Event: 9920.972 Executing VM operation: HandshakeAllThreads
Event: 9920.972 Executing VM operation: HandshakeAllThreads done

Events (20 events):
Event: 8891.286 Thread 0x000001b36fe70610 Thread exited: 0x000001b36fe70610
Event: 8891.301 Thread 0x000001b36fe74b20 Thread exited: 0x000001b36fe74b20
Event: 8891.554 Thread 0x000001b36fe70610 Thread added: 0x000001b36fe70610
Event: 8891.555 Thread 0x000001b36fe74b20 Thread added: 0x000001b36fe74b20
Event: 8902.714 Thread 0x000001b36fe70610 Thread exited: 0x000001b36fe70610
Event: 8902.775 Thread 0x000001b36fe74b20 Thread exited: 0x000001b36fe74b20
Event: 8906.545 Thread 0x000001b36fe74b20 Thread added: 0x000001b36fe74b20
Event: 8906.546 Thread 0x000001b36fe71600 Thread added: 0x000001b36fe71600
Event: 8911.589 Thread 0x000001b36fe74b20 Thread exited: 0x000001b36fe74b20
Event: 8911.589 Thread 0x000001b36fe71600 Thread exited: 0x000001b36fe71600
Event: 8920.857 Thread 0x000001b36fe71600 Thread added: 0x000001b36fe71600
Event: 8920.858 Thread 0x000001b36fe70610 Thread added: 0x000001b36fe70610
Event: 8925.873 Thread 0x000001b36fe71600 Thread exited: 0x000001b36fe71600
Event: 8925.905 Thread 0x000001b36fe70610 Thread exited: 0x000001b36fe70610
Event: 8939.418 Thread 0x000001b36fe70610 Thread added: 0x000001b36fe70610
Event: 8939.419 Thread 0x000001b36fe71600 Thread added: 0x000001b36fe71600
Event: 8944.464 Thread 0x000001b36fe70610 Thread exited: 0x000001b36fe70610
Event: 8944.464 Thread 0x000001b36fe71600 Thread exited: 0x000001b36fe71600
Event: 9806.422 Thread 0x000001b36fe74b20 Thread added: 0x000001b36fe74b20
Event: 9811.451 Thread 0x000001b36fe74b20 Thread exited: 0x000001b36fe74b20


Dynamic libraries:
0x00007ff6a2060000 - 0x00007ff6a2070000 	C:\Program Files\Java\jdk-20\bin\javaw.exe
0x00007ffc2d9b0000 - 0x00007ffc2dba7000 	C:\WINDOWS\SYSTEM32\ntdll.dll
0x00007ffc2bb40000 - 0x00007ffc2bbfd000 	C:\WINDOWS\System32\KERNEL32.DLL
0x00007ffc2b100000 - 0x00007ffc2b3f6000 	C:\WINDOWS\System32\KERNELBASE.dll
0x000000006a150000 - 0x000000006a1ff000 	C:\ProgramData\Symantec\Symantec Endpoint Protection\14.3.5413.3000.105\Data\Sysfer\x64\sysfer.dll
0x00007ffc2b550000 - 0x00007ffc2b650000 	C:\WINDOWS\System32\ucrtbase.dll
0x00007ffc21390000 - 0x00007ffc213ab000 	C:\Program Files\Java\jdk-20\bin\VCRUNTIME140.dll
0x00007ffc20430000 - 0x00007ffc20449000 	C:\Program Files\Java\jdk-20\bin\jli.dll
0x00007ffc2c1a0000 - 0x00007ffc2c24e000 	C:\WINDOWS\System32\ADVAPI32.dll
0x00007ffc2c780000 - 0x00007ffc2c81e000 	C:\WINDOWS\System32\msvcrt.dll
0x00007ffc2d730000 - 0x00007ffc2d7cc000 	C:\WINDOWS\System32\sechost.dll
0x00007ffc2ba10000 - 0x00007ffc2bb36000 	C:\WINDOWS\System32\RPCRT4.dll
0x00007ffc2d7d0000 - 0x00007ffc2d96e000 	C:\WINDOWS\System32\USER32.dll
0x00007ffc2b930000 - 0x00007ffc2b952000 	C:\WINDOWS\System32\win32u.dll
0x00007ffc2d3c0000 - 0x00007ffc2d3ec000 	C:\WINDOWS\System32\GDI32.dll
0x00007ffc15080000 - 0x00007ffc1531a000 	C:\WINDOWS\WinSxS\amd64_microsoft.windows.common-controls_6595b64144ccf1df_6.0.19041.3570_none_60bb2a3971f3e41a\COMCTL32.dll
0x00007ffc2b430000 - 0x00007ffc2b54a000 	C:\WINDOWS\System32\gdi32full.dll
0x00007ffc2b650000 - 0x00007ffc2b6ed000 	C:\WINDOWS\System32\msvcp_win.dll
0x00007ffc23370000 - 0x00007ffc2337a000 	C:\WINDOWS\SYSTEM32\VERSION.dll
0x00007ffc2d390000 - 0x00007ffc2d3c0000 	C:\WINDOWS\System32\IMM32.DLL
0x00007ffc21380000 - 0x00007ffc2138c000 	C:\Program Files\Java\jdk-20\bin\vcruntime140_1.dll
0x00007ffc17d40000 - 0x00007ffc17dce000 	C:\Program Files\Java\jdk-20\bin\msvcp140.dll
0x00007ffb998d0000 - 0x00007ffb9a568000 	C:\Program Files\Java\jdk-20\bin\server\jvm.dll
0x00007ffba55c0000 - 0x00007ffba55c9000 	C:\WINDOWS\SYSTEM32\WSOCK32.dll
0x00007ffc2d590000 - 0x00007ffc2d5fb000 	C:\WINDOWS\System32\WS2_32.dll
0x00007ffc084f0000 - 0x00007ffc08517000 	C:\WINDOWS\SYSTEM32\WINMM.dll
0x00007ffc29910000 - 0x00007ffc29922000 	C:\WINDOWS\SYSTEM32\kernel.appcore.dll
0x00007ffc21340000 - 0x00007ffc2134a000 	C:\Program Files\Java\jdk-20\bin\jimage.dll
0x00007ffc252f0000 - 0x00007ffc254d4000 	C:\WINDOWS\SYSTEM32\DBGHELP.DLL
0x00007ffc18840000 - 0x00007ffc18874000 	C:\WINDOWS\SYSTEM32\dbgcore.DLL
0x00007ffc2b8a0000 - 0x00007ffc2b922000 	C:\WINDOWS\System32\bcryptPrimitives.dll
0x00007ffc17d10000 - 0x00007ffc17d36000 	C:\Program Files\Java\jdk-20\bin\java.dll
0x00007ffc17a80000 - 0x00007ffc17b57000 	C:\Program Files\Java\jdk-20\bin\jsvml.dll
0x00007ffc2c880000 - 0x00007ffc2cfc4000 	C:\WINDOWS\System32\SHELL32.dll
0x00007ffc290e0000 - 0x00007ffc2987b000 	C:\WINDOWS\SYSTEM32\windows.storage.dll
0x00007ffc2c250000 - 0x00007ffc2c5a4000 	C:\WINDOWS\System32\combase.dll
0x00007ffc2aa00000 - 0x00007ffc2aa2d000 	C:\WINDOWS\SYSTEM32\Wldp.dll
0x00007ffc2bc80000 - 0x00007ffc2bd2d000 	C:\WINDOWS\System32\SHCORE.dll
0x00007ffc2d6d0000 - 0x00007ffc2d725000 	C:\WINDOWS\System32\shlwapi.dll
0x00007ffc2afc0000 - 0x00007ffc2afe5000 	C:\WINDOWS\SYSTEM32\profapi.dll
0x00007ffc17a60000 - 0x00007ffc17a73000 	C:\Program Files\Java\jdk-20\bin\net.dll
0x00007ffc1c070000 - 0x00007ffc1c17a000 	C:\WINDOWS\SYSTEM32\WINHTTP.dll
0x00007ffc2a760000 - 0x00007ffc2a7ca000 	C:\WINDOWS\system32\mswsock.dll
0x00007ffc17a40000 - 0x00007ffc17a56000 	C:\Program Files\Java\jdk-20\bin\nio.dll
0x00007ffc17cf0000 - 0x00007ffc17d08000 	C:\Program Files\Java\jdk-20\bin\zip.dll
0x00007ffc21110000 - 0x00007ffc21120000 	C:\Program Files\Java\jdk-20\bin\verify.dll
0x00007ffc17930000 - 0x00007ffc1793a000 	C:\Program Files\Java\jdk-20\bin\management.dll
0x00007ffc15990000 - 0x00007ffc1599b000 	C:\Program Files\Java\jdk-20\bin\management_ext.dll
0x00007ffc2d290000 - 0x00007ffc2d298000 	C:\WINDOWS\System32\PSAPI.DLL
0x00007ffc2a450000 - 0x00007ffc2a48b000 	C:\WINDOWS\SYSTEM32\IPHLPAPI.DLL
0x00007ffc2c5b0000 - 0x00007ffc2c5b8000 	C:\WINDOWS\System32\NSI.dll
0x00007ffc1df40000 - 0x00007ffc1df57000 	C:\WINDOWS\SYSTEM32\dhcpcsvc6.DLL
0x00007ffc1e140000 - 0x00007ffc1e15d000 	C:\WINDOWS\SYSTEM32\dhcpcsvc.DLL
0x00007ffc2a4a0000 - 0x00007ffc2a56a000 	C:\WINDOWS\SYSTEM32\DNSAPI.dll
0x00007ffc202f0000 - 0x00007ffc202fa000 	C:\Windows\System32\rasadhlp.dll
0x00007ffc13fb0000 - 0x00007ffc14032000 	C:\WINDOWS\System32\fwpuclnt.dll
0x00007ffc2b400000 - 0x00007ffc2b427000 	C:\WINDOWS\System32\bcrypt.dll
0x00007ffbeaa00000 - 0x00007ffbeaa17000 	C:\WINDOWS\system32\napinsp.dll
0x00007ffbb1c40000 - 0x00007ffbb1c5b000 	C:\WINDOWS\system32\pnrpnsp.dll
0x00007ffc242b0000 - 0x00007ffc242c5000 	C:\WINDOWS\system32\wshbth.dll
0x00007ffc202c0000 - 0x00007ffc202dd000 	C:\WINDOWS\system32\NLAapi.dll
0x00007ffbb1c20000 - 0x00007ffbb1c32000 	C:\WINDOWS\System32\winrnr.dll
0x00007ffc2a950000 - 0x00007ffc2a968000 	C:\WINDOWS\SYSTEM32\CRYPTSP.dll
0x00007ffc2a070000 - 0x00007ffc2a0a4000 	C:\WINDOWS\system32\rsaenh.dll
0x00007ffc2af80000 - 0x00007ffc2afae000 	C:\WINDOWS\SYSTEM32\USERENV.dll
0x00007ffc2a970000 - 0x00007ffc2a97c000 	C:\WINDOWS\SYSTEM32\CRYPTBASE.dll
0x00007ffc20010000 - 0x00007ffc2001e000 	C:\Program Files\Java\jdk-20\bin\sunmscapi.dll
0x00007ffc2b6f0000 - 0x00007ffc2b84d000 	C:\WINDOWS\System32\CRYPT32.dll
0x00007ffc2aa70000 - 0x00007ffc2aa97000 	C:\WINDOWS\SYSTEM32\ncrypt.dll
0x00007ffc2aa30000 - 0x00007ffc2aa6b000 	C:\WINDOWS\SYSTEM32\NTASN1.dll
0x00007ffc15980000 - 0x00007ffc15987000 	C:\Program Files\Java\jdk-20\bin\extnet.dll
0x00007ffba5c80000 - 0x00007ffba5c87000 	C:\WINDOWS\system32\wshunix.dll

dbghelp: loaded successfully - version: 4.0.5 - missing functions: none
symbol engine: initialized successfully - sym options: 0x614 - pdb path: .;C:\Program Files\Java\jdk-20\bin;C:\WINDOWS\SYSTEM32;C:\ProgramData\Symantec\Symantec Endpoint Protection\14.3.5413.3000.105\Data\Sysfer\x64;C:\WINDOWS\WinSxS\amd64_microsoft.windows.common-controls_6595b64144ccf1df_6.0.19041.3570_none_60bb2a3971f3e41a;C:\Program Files\Java\jdk-20\bin\server

VM Arguments:
jvm_args: -Dfile.encoding=UTF-8 -Dstdout.encoding=UTF-8 -Dstderr.encoding=UTF-8 -XX:+ShowCodeDetailsInExceptionMessages 
java_command: com.site3.ecommerce.ECommerceApplication
java_class_path (initial): C:\Users\HP\Documents\1- Dev Info\Git_Repos\Ecom-App-BackEnd\e-commerce\target\classes;C:\Users\HP\.m2\repository\org\springframework\boot\spring-boot-starter-actuator\2.7.16\spring-boot-starter-actuator-2.7.16.jar;C:\Users\HP\.m2\repository\org\springframework\boot\spring-boot-starter\2.7.16\spring-boot-starter-2.7.16.jar;C:\Users\HP\.m2\repository\org\springframework\boot\spring-boot-starter-logging\2.7.16\spring-boot-starter-logging-2.7.16.jar;C:\Users\HP\.m2\repository\ch\qos\logback\logback-classic\1.2.12\logback-classic-1.2.12.jar;C:\Users\HP\.m2\repository\ch\qos\logback\logback-core\1.2.12\logback-core-1.2.12.jar;C:\Users\HP\.m2\repository\org\apache\logging\log4j\log4j-to-slf4j\2.17.2\log4j-to-slf4j-2.17.2.jar;C:\Users\HP\.m2\repository\org\apache\logging\log4j\log4j-api\2.17.2\log4j-api-2.17.2.jar;C:\Users\HP\.m2\repository\org\slf4j\jul-to-slf4j\1.7.36\jul-to-slf4j-1.7.36.jar;C:\Users\HP\.m2\repository\jakarta\annotation\jakarta.annotation-api\1.3.5\jakarta.annotation-api-1.3.5.jar;C:\Users\HP\.m2\repository\org\yaml\snakeyaml\1.30\snakeyaml-1.30.jar;C:\Users\HP\.m2\repository\org\springframework\boot\spring-boot-actuator-autoconfigure\2.7.16\spring-boot-actuator-autoconfigure-2.7.16.jar;C:\Users\HP\.m2\repository\org\springframework\boot\spring-boot-actuator\2.7.16\spring-boot-actuator-2.7.16.jar;C:\Users\HP\.m2\repository\com\fasterxml\jackson\datatype\jackson-datatype-jsr310\2.13.5\jackson-datatype-jsr310-2.13.5.jar;C:\Users\HP\.m2\repository\io\micrometer\micrometer-core\1.9.15\micrometer-core-1.9.15.jar;C:\Users\HP\.m2\repository\org\hdrhistogram\HdrHistogram\2.1.12\HdrHistogram-2.1.12.jar;C:\Users\HP\.m2\repository\org\latencyutils\LatencyUtils\2.0.3\LatencyUtils-2.0.3.jar;C:\Users\HP\.m2\repository\org\springframework\boot\spring-boot-starter-data-jpa\2.7.16\spring-boot-starter-data-jpa-2.7.16.jar;C:\Users\HP\.m2\repository\org\springframework\boot\spring-boot-starter-aop\2.7.16\spring-boot-starter-aop-2.7.16.jar;C:\Users\HP\.m2\repository\org\aspectj\aspectjweaver\1.9.7\aspectjweaver-1.9.7.jar;C:\Users\HP\.m2\repository\org\springframework\boot\spring-boot-starter-jdbc\2.7.16\spring-boot-starter-jdbc-2.7.16.jar;C:\Users\HP\.m2\repository\com\zaxxer\HikariCP\4.0.3\HikariCP-4.0.3.jar;C:\Users\HP\.m2\repository\org\springframework\spring-jdbc\5.3.30\spring-jdbc-5.3.30.jar;C:\Users\HP\.m2\repository\jakarta\transaction\jakarta.transaction-api\1.3.3\jakarta.transaction-api-1.3.3.jar;C:\Users\HP\.m2\repository\jakarta\persistence\jakarta.persistence-api\2.2.3\jakarta.persistence-api-2.2.3.jar;C:\Users\HP\.m2\repository\org\hibernate\hibernate-core\5.6.15.Final\hibernate-core-5.6.15.Final.jar;C:\Users\HP\.m2\repository\org\jboss\logging\jboss-logging\3.4.3.Final\jboss-logging-3.4.3.Final.jar;C:\Users\HP\.m2\repository\net\bytebuddy\byte-buddy\1.12.23\byte-buddy-1.12.23.jar;C:\Users\HP\.m2\repository\antlr\antlr\2.7.7\antlr-2.7.7.jar;C:\Users\HP\.m2\repository\org\jboss\jandex\2.4.2.Final\jandex-2.4.2.Final.jar;C:\Users\HP\.m2\repository\com\fasterxml\classmate\1.5.1\classmate-1.5.1.jar;C:\Users\HP\.m2\repository\org\hibernate\common\hibernate-commons-annotations\5.1.2.Final\hibernate-commons-annotations-5.1.2.Final.jar;C:\Users\HP\.m2\repository\org\glassfish\jaxb\jaxb-runtime\2.3.8\jaxb-runtime-2.3.8.jar;C:\Users\HP\.m2\repository\org\glassfish\jaxb\txw2\2.3.8\txw2-2.3.8.jar;C:\Users\HP\.m2\repository\com\sun\istack\istack-commons-runtime\3.0.12\istack-commons-runtime-3.0.12.jar;C:\Users\HP\.m2\repository\com\sun\activation\jakarta.activation\1.2.2\jakarta.activation-1.2.2.jar;C:\Users\HP\.m2\repository\org\springframework\data\spring-data-jpa\2.7.16\spring-data-jpa-2.7.16.jar;C:\Users\HP\.m2\repository\org\springframework\data\spring-data-commons\2.7.16\spring-data-commons-2.7.16.jar;C:\Users\HP\.m2\repository\org\springframework\spring-orm\5.3.30\spring-orm-5.3.30.jar;C:\Users\HP\.m2\repository\org\springframework\spring-context\5.3.30\spring-context-5.3.30.jar;C:\Users\HP\.m2\repository\org\springframework\spring-tx\5.3.30\spring-tx-5.3.30.jar;C:\Users\HP\.m2\repository\org\springframework\spring-beans\5.3.30\spring-beans-5.3.30.jar;C:\Users\HP\.m2\repository\org\slf4j\slf4j-api\1.7.36\slf4j-api-1.7.36.jar;C:\Users\HP\.m2\repository\org\springframework\spring-aspects\5.3.30\spring-aspects-5.3.30.jar;C:\Users\HP\.m2\repository\org\springframework\boot\spring-boot-starter-data-rest\2.7.16\spring-boot-starter-data-rest-2.7.16.jar;C:\Users\HP\.m2\repository\org\springframework\boot\spring-boot-starter-web\2.7.16\spring-boot-starter-web-2.7.16.jar;C:\Users\HP\.m2\repository\org\springframework\boot\spring-boot-starter-json\2.7.16\spring-boot-starter-json-2.7.16.jar;C:\Users\HP\.m2\repository\com\fasterxml\jackson\datatype\jackson-datatype-jdk8\2.13.5\jackson-datatype-jdk8-2.13.5.jar;C:\Users\HP\.m2\repository\com\fasterxml\jackson\module\jackson-module-parameter-names\2.13.5\jackson-module-parameter-names-2.13.5.jar;C:\Users\HP\.m2\repository\org\springframework\boot\spring-boot-starter-tomcat\2.7.16\spring-boot-starter-tomcat-2.7.16.jar;C:\Users\HP\.m2\repository\org\apache\tomcat\embed\tomcat-embed-core\9.0.80\tomcat-embed-core-9.0.80.jar;C:\Users\HP\.m2\repository\org\apache\tomcat\embed\tomcat-embed-el\9.0.80\tomcat-embed-el-9.0.80.jar;C:\Users\HP\.m2\repository\org\apache\tomcat\embed\tomcat-embed-websocket\9.0.80\tomcat-embed-websocket-9.0.80.jar;C:\Users\HP\.m2\repository\org\springframework\spring-web\5.3.30\spring-web-5.3.30.jar;C:\Users\HP\.m2\repository\org\springframework\spring-webmvc\5.3.30\spring-webmvc-5.3.30.jar;C:\Users\HP\.m2\repository\org\springframework\data\spring-data-rest-webmvc\3.7.16\spring-data-rest-webmvc-3.7.16.jar;C:\Users\HP\.m2\repository\org\springframework\data\spring-data-rest-core\3.7.16\spring-data-rest-core-3.7.16.jar;C:\Users\HP\.m2\repository\org\springframework\hateoas\spring-hateoas\1.5.5\spring-hateoas-1.5.5.jar;C:\Users\HP\.m2\repository\org\springframework\plugin\spring-plugin-core\2.0.0.RELEASE\spring-plugin-core-2.0.0.RELEASE.jar;C:\Users\HP\.m2\repository\org\atteo\evo-inflector\1.3\evo-inflector-1.3.jar;C:\Users\HP\.m2\repository\com\fasterxml\jackson\core\jackson-annotations\2.13.5\jackson-annotations-2.13.5.jar;C:\Users\HP\.m2\repository\org\springframework\cloud\spring-cloud-starter-netflix-eureka-client\3.1.7\spring-cloud-starter-netflix-eureka-client-3.1.7.jar;C:\Users\HP\.m2\repository\org\springframework\cloud\spring-cloud-starter\3.1.7\spring-cloud-starter-3.1.7.jar;C:\Users\HP\.m2\repository\org\springframework\cloud\spring-cloud-context\3.1.7\spring-cloud-context-3.1.7.jar;C:\Users\HP\.m2\repository\org\springframework\security\spring-security-crypto\5.7.11\spring-security-crypto-5.7.11.jar;C:\Users\HP\.m2\repository\org\springframework\cloud\spring-cloud-commons\3.1.7\spring-cloud-commons-3.1.7.jar;C:\Users\HP\.m2\repository\org\springframework\security\spring-security-rsa\1.0.11.RELEASE\spring-security-rsa-1.0.11.RELEASE.jar;C:\Users\HP\.m2\repository\org\bouncycastle\bcpkix-jdk15on\1.69\bcpkix-jdk15on-1.69.jar;C:\Users\HP\.m2\repository\org\bouncycastle\bcprov-jdk15on\1.69\bcprov-jdk15on-1.69.jar;C:\Users\HP\.m2\repository\org\bouncycastle\bcutil-jdk15on\1.69\bcutil-jdk15on-1.69.jar;C:\Users\HP\.m2\repository\org\springframework\cloud\spring-cloud-netflix-eureka-client\3.1.7\spring-cloud-netflix-eureka-client-3.1.7.jar;C:\Users\HP\.m2\repository\com\netflix\eureka\eureka-client\1.10.17\eureka-client-1.10.17.jar;C:\Users\HP\.m2\repository\com\netflix\netflix-commons\netflix-eventbus\0.3.0\netflix-eventbus-0.3.0.jar;C:\Users\HP\.m2\repository\com\netflix\netflix-commons\netflix-infix\0.3.0\netflix-infix-0.3.0.jar;C:\Users\HP\.m2\repository\commons-jxpath\commons-jxpath\1.3\commons-jxpath-1.3.jar;C:\Users\HP\.m2\repository\joda-time\joda-time\2.3\joda-time-2.3.jar;C:\Users\HP\.m2\repository\org\antlr\antlr-runtime\3.4\antlr-runtime-3.4.jar;C:\Users\HP\.m2\repository\org\antlr\stringtemplate\3.2.1\stringtemplate-3.2.1.jar;C:\Users\HP\.m2\repository\com\google\code\gson\gson\2.9.1\gson-2.9.1.jar;C:\Users\HP\.m2\repository\org\apache\commons\commons-math\2.2\commons-math-2.2.jar;C:\Users\HP\.m2\repository\com\thoughtworks\xstream\xstream\1.4.18\xstream-1.4.18.jar;C:\Users\HP\.m2\repository\io\github\x-stream\mxparser\1.2.2\mxparser-1.2.2.jar;C:\Users\HP\.m2\repository\xmlpull\xmlpull\1.1.3.1\xmlpull-1.1.3.1.jar;C:\Users\HP\.m2\repository\javax\ws\rs\jsr311-api\1.1.1\jsr311-api-1.1.1.jar;C:\Users\HP\.m2\repository\com\netflix\servo\servo-core\0.12.21\servo-core-0.12.21.jar;C:\Users\HP\.m2\repository\com\google\guava\guava\19.0\guava-19.0.jar;C:\Users\HP\.m2\repository\org\apache\httpcomponents\httpclient\4.5.14\httpclient-4.5.14.jar;C:\Users\HP\.m2\repository\org\apache\httpcomponents\httpcore\4.4.16\httpcore-4.4.16.jar;C:\Users\HP\.m2\repository\commons-codec\commons-codec\1.15\commons-codec-1.15.jar;C:\Users\HP\.m2\repository\commons-configuration\commons-configuration\1.10\commons-configuration-1.10.jar;C:\Users\HP\.m2\repository\commons-lang\commons-lang\2.6\commons-lang-2.6.jar;C:\Users\HP\.m2\repository\com\google\inject\guice\4.1.0\guice-4.1.0.jar;C:\Users\HP\.m2\repository\javax\inject\javax.inject\1\javax.inject-1.jar;C:\Users\HP\.m2\repository\com\fasterxml\jackson\core\jackson-core\2.13.5\jackson-core-2.13.5.jar;C:\Users\HP\.m2\repository\org\codehaus\jettison\jettison\1.4.0\jettison-1.4.0.jar;C:\Users\HP\.m2\repository\com\netflix\eureka\eureka-core\1.10.17\eureka-core-1.10.17.jar;C:\Users\HP\.m2\repository\com\fasterxml\woodstox\woodstox-core\6.2.1\woodstox-core-6.2.1.jar;C:\Users\HP\.m2\repository\org\codehaus\woodstox\stax2-api\4.2.1\stax2-api-4.2.1.jar;C:\Users\HP\.m2\repository\org\springframework\cloud\spring-cloud-starter-loadbalancer\3.1.7\spring-cloud-starter-loadbalancer-3.1.7.jar;C:\Users\HP\.m2\repository\org\springframework\cloud\spring-cloud-loadbalancer\3.1.7\spring-cloud-loadbalancer-3.1.7.jar;C:\Users\HP\.m2\repository\io\projectreactor\reactor-core\3.4.32\reactor-core-3.4.32.jar;C:\Users\HP\.m2\repository\org\reactivestreams\reactive-streams\1.0.4\reactive-streams-1.0.4.jar;C:\Users\HP\.m2\repository\io\projectreactor\addons\reactor-extra\3.4.10\reactor-extra-3.4.10.jar;C:\Users\HP\.m2\repository\org\springframework\boot\spring-boot-starter-cache\2.7.16\spring-boot-starter-cache-2.7.16.jar;C:\Users\HP\.m2\repository\org\springframework\spring-context-support\5.3.30\spring-context-support-5.3.30.jar;C:\Users\HP\.m2\repository\com\stoyanr\evictor\1.0.0\evictor-1.0.0.jar;C:\Users\HP\.m2\repository\org\springframework\boot\spring-boot-devtools\2.7.16\spring-boot-devtools-2.7.16.jar;C:\Users\HP\.m2\repository\org\springframework\boot\spring-boot\2.7.16\spring-boot-2.7.16.jar;C:\Users\HP\.m2\repository\org\springframework\boot\spring-boot-autoconfigure\2.7.16\spring-boot-autoconfigure-2.7.16.jar;C:\Users\HP\.m2\repository\com\mysql\mysql-connector-j\8.0.33\mysql-connector-j-8.0.33.jar;C:\Users\HP\.m2\repository\org\projectlombok\lombok\1.18.30\lombok-1.18.30.jar;C:\Users\HP\.m2\repository\com\jayway\jsonpath\json-path\2.7.0\json-path-2.7.0.jar;C:\Users\HP\.m2\repository\net\minidev\json-smart\2.4.11\json-smart-2.4.11.jar;C:\Users\HP\.m2\repository\net\minidev\accessors-smart\2.4.11\accessors-smart-2.4.11.jar;C:\Users\HP\.m2\repository\org\ow2\asm\asm\9.3\asm-9.3.jar;C:\Users\HP\.m2\repository\jakarta\xml\bind\jakarta.xml.bind-api\2.3.3\jakarta.xml.bind-api-2.3.3.jar;C:\Users\HP\.m2\repository\jakarta\activation\jakarta.activation-api\1.2.2\jakarta.activation-api-1.2.2.jar;C:\Users\HP\.m2\repository\org\springframework\spring-core\5.3.30\spring-core-5.3.30.jar;C:\Users\HP\.m2\repository\org\springframework\spring-jcl\5.3.30\spring-jcl-5.3.30.jar;C:\Users\HP\.m2\repository\org\springdoc\springdoc-openapi-ui\1.7.0\springdoc-openapi-ui-1.7.0.jar;C:\Users\HP\.m2\repository\org\springdoc\springdoc-openapi-webmvc-core\1.7.0\springdoc-openapi-webmvc-core-1.7.0.jar;C:\Users\HP\.m2\repository\org\springdoc\springdoc-openapi-common\1.7.0\springdoc-openapi-common-1.7.0.jar;C:\Users\HP\.m2\repository\io\swagger\core\v3\swagger-core\2.2.9\swagger-core-2.2.9.jar;C:\Users\HP\.m2\repository\org\apache\commons\commons-lang3\3.12.0\commons-lang3-3.12.0.jar;C:\Users\HP\.m2\repository\com\fasterxml\jackson\dataformat\jackson-dataformat-yaml\2.13.5\jackson-dataformat-yaml-2.13.5.jar;C:\Users\HP\.m2\repository\io\swagger\core\v3\swagger-annotations\2.2.9\swagger-annotations-2.2.9.jar;C:\Users\HP\.m2\repository\io\swagger\core\v3\swagger-models\2.2.9\swagger-models-2.2.9.jar;C:\Users\HP\.m2\repository\jakarta\validation\jakarta.validation-api\2.0.2\jakarta.validation-api-2.0.2.jar;C:\Users\HP\.m2\repository\org\webjars\swagger-ui\4.18.2\swagger-ui-4.18.2.jar;C:\Users\HP\.m2\repository\org\springframework\boot\spring-boot-starter-security\2.7.16\spring-boot-starter-security-2.7.16.jar;C:\Users\HP\.m2\repository\org\springframework\spring-aop\5.3.30\spring-aop-5.3.30.jar;C:\Users\HP\.m2\repository\org\springframework\security\spring-security-config\5.7.11\spring-security-config-5.7.11.jar;C:\Users\HP\.m2\repository\org\springframework\security\spring-security-core\5.7.11\spring-security-core-5.7.11.jar;C:\Users\HP\.m2\repository\org\springframework\security\spring-security-web\5.7.11\spring-security-web-5.7.11.jar;C:\Users\HP\.m2\repository\org\springframework\spring-expression\5.3.30\spring-expression-5.3.30.jar;C:\Users\HP\.m2\repository\io\jsonwebtoken\jjwt\0.9.1\jjwt-0.9.1.jar;C:\Users\HP\.m2\repository\com\fasterxml\jackson\core\jackson-databind\2.13.5\jackson-databind-2.13.5.jar;C:\Users\HP\.m2\repository\org\modelmapper\modelmapper\3.0.0\modelmapper-3.0.0.jar
Launcher Type: SUN_STANDARD

[Global flags]
     intx CICompilerCount                          = 4                                         {product} {ergonomic}
     uint ConcGCThreads                            = 2                                         {product} {ergonomic}
     uint G1ConcRefinementThreads                  = 8                                         {product} {ergonomic}
   size_t G1HeapRegionSize                         = 1048576                                   {product} {ergonomic}
    uintx GCDrainStackTargetSize                   = 64                                        {product} {ergonomic}
   size_t InitialHeapSize                          = 132120576                                 {product} {ergonomic}
   size_t MarkStackSize                            = 4194304                                   {product} {ergonomic}
   size_t MaxHeapSize                              = 2090860544                                {product} {ergonomic}
   size_t MaxNewSize                               = 1254096896                                {product} {ergonomic}
   size_t MinHeapDeltaBytes                        = 1048576                                   {product} {ergonomic}
   size_t MinHeapSize                              = 8388608                                   {product} {ergonomic}
    uintx NonNMethodCodeHeapSize                   = 5839372                                {pd product} {ergonomic}
    uintx NonProfiledCodeHeapSize                  = 122909434                              {pd product} {ergonomic}
    uintx ProfiledCodeHeapSize                     = 122909434                              {pd product} {ergonomic}
    uintx ReservedCodeCacheSize                    = 251658240                              {pd product} {ergonomic}
     bool SegmentedCodeCache                       = true                                      {product} {ergonomic}
     bool ShowCodeDetailsInExceptionMessages       = true                                   {manageable} {command line}
   size_t SoftMaxHeapSize                          = 2090860544                             {manageable} {ergonomic}
     bool UseCompressedClassPointers               = true                           {product lp64_product} {ergonomic}
     bool UseCompressedOops                        = true                           {product lp64_product} {ergonomic}
     bool UseG1GC                                  = true                                      {product} {ergonomic}
     bool UseLargePagesIndividualAllocation        = false                                  {pd product} {ergonomic}

Logging:
Log output configuration:
 #0: stdout all=warning uptime,level,tags foldmultilines=false
 #1: stderr all=off uptime,level,tags foldmultilines=false

Environment Variables:
JAVA_HOME=C:\Program Files\Java\jdk-20
PATH=C:\Program Files\Common Files\Oracle\Java\javapath;C:\Python311\Scripts\;C:\Python311\;C:\WINDOWS\system32;C:\WINDOWS;C:\WINDOWS\System32\Wbem;C:\WINDOWS\System32\WindowsPowerShell\v1.0\;C:\WINDOWS\System32\OpenSSH\;C:\xampp\php;C:\ProgramData\ComposerSetup\bin;C:\Program Files\nodejs\;C:\ProgramData\chocolatey\bin;C:\Program Files\Microsoft SQL Server\150\Tools\Binn\;C:\Program Files\Microsoft SQL Server\Client SDK\ODBC\170\Tools\Binn\;C:\Program Files\dotnet\;C:\Program Files\Java\jdk-20\bin;C:\Users\HP\Documents\1- Dev Info\Runtime Env\apache-maven-3.9.4-bin\apache-maven-3.9.4\bin;C:\Program Files\Git\cmd;C:\Users\HP\AppData\Local\Microsoft\WindowsApps;C:\Users\HP\AppData\Local\Programs\Microsoft VS Code\bin;C:\Users\HP\AppData\Roaming\Composer\vendor\bin;C:\Users\HP\AppData\Roaming\npm;C:\Users\HP\.dotnet\tools;C:\Program Files\Java\jdk-20\bin;
USERNAME=HP
OS=Windows_NT
PROCESSOR_IDENTIFIER=Intel64 Family 6 Model 126 Stepping 5, GenuineIntel
TMP=C:\Users\HP\AppData\Local\Temp
TEMP=C:\Users\HP\AppData\Local\Temp




---------------  S Y S T E M  ---------------

OS:
 Windows 10 , 64 bit Build 19041 (10.0.19041.3570)
OS uptime: 17 days 8:32 hours

CPU: total 8 (initial active 8) (4 cores per cpu, 2 threads per core) family 6 model 126 stepping 5 microcode 0xa0, cx8, cmov, fxsr, ht, mmx, 3dnowpref, sse, sse2, sse3, ssse3, sse4.1, sse4.2, popcnt, lzcnt, tsc, tscinvbit, avx, avx2, aes, erms, clmul, bmi1, bmi2, adx, avx512f, avx512dq, avx512cd, avx512bw, avx512vl, sha, fma, vzeroupper, avx512_vpopcntdq, avx512_vpclmulqdq, avx512_vaes, avx512_vnni, clflush, clflushopt, avx512_vbmi2, avx512_vbmi, rdtscp, rdpid, fsrm, gfni, avx512_bitalg, f16c, pku, avx512_ifma

Memory: 4k page, system-wide physical 7973M (285M free)
TotalPageFile size 32549M (AvailPageFile size 0M)
current process WorkingSet (physical memory assigned to process): 113M, peak: 296M
current process commit charge ("private bytes"): 371M, peak: 377M

vm_info: Java HotSpot(TM) 64-Bit Server VM (20.0.2+9-78) for windows-amd64 JRE (20.0.2+9-78), built on 2023-06-14T10:08:48Z by "mach5one" with MS VC++ 17.1 (VS2022)

END.
