#
# There is insufficient memory for the Java Runtime Environment to continue.
# Native memory allocation (malloc) failed to allocate 902368 bytes for Chunk::new
# Possible reasons:
#   The system is out of physical RAM or swap space
#   The process is running with CompressedOops enabled, and the Java Heap may be blocking the growth of the native heap
# Possible solutions:
#   Reduce memory load on the system
#   Increase physical memory or swap space
#   Check if swap backing store is full
#   Decrease Java heap size (-Xmx/-Xms)
#   Decrease number of Java threads
#   Decrease Java thread stack sizes (-Xss)
#   Set larger code cache with -XX:ReservedCodeCacheSize=
#   JVM is running with Unscaled Compressed Oops mode in which the Java heap is
#     placed in the first 4GB address space. The Java Heap base address is the
#     maximum limit for the native heap growth. Please use -XX:HeapBaseMinAddress
#     to set the Java Heap base and to place the Java Heap above 4GB virtual address.
# This output file may be truncated or incomplete.
#
#  Out of Memory Error (arena.cpp:184), pid=37364, tid=30456
#
# JRE version: Java(TM) SE Runtime Environment (20.0.2+9) (build 20.0.2+9-78)
# Java VM: Java HotSpot(TM) 64-Bit Server VM (20.0.2+9-78, mixed mode, sharing, tiered, compressed oops, compressed class ptrs, g1 gc, windows-amd64)
# No core dump will be written. Minidumps are not enabled by default on client versions of Windows
#

---------------  S U M M A R Y ------------

Command Line: -Dfile.encoding=UTF-8 -Dstdout.encoding=UTF-8 -Dstderr.encoding=UTF-8 -XX:+ShowCodeDetailsInExceptionMessages com.site3.ecommerce.ECommerceApplication

Host: Intel(R) Core(TM) i5-1035G1 CPU @ 1.00GHz, 8 cores, 7G,  Windows 10 , 64 bit Build 19041 (10.0.19041.3570)
Time: Tue Oct 31 16:18:01 2023 Paris, Madrid elapsed time: 195.388349 seconds (0d 0h 3m 15s)

---------------  T H R E A D  ---------------

Current thread (0x000002417c011bd0):  JavaThread "C2 CompilerThread0" daemon [_thread_in_native, id=30456, stack(0x000000f118b00000,0x000000f118c00000)]


Current CompileTask:
C2: 195388 11978 %     4       com.mysql.cj.QueryInfo::<init> @ 448 (1618 bytes)

Stack: [0x000000f118b00000,0x000000f118c00000]
Native frames: (J=compiled Java code, j=interpreted, Vv=VM code, C=native code)
V  [jvm.dll+0x6bc25a]
V  [jvm.dll+0x84971a]
V  [jvm.dll+0x84b315]
V  [jvm.dll+0x84ba13]
V  [jvm.dll+0x280e4f]
V  [jvm.dll+0xc2ab1]
V  [jvm.dll+0xc2dd5]
V  [jvm.dll+0x3bb64c]
V  [jvm.dll+0x385b75]
V  [jvm.dll+0x384fea]
V  [jvm.dll+0x24b529]
V  [jvm.dll+0x24a921]
V  [jvm.dll+0x1ce761]
V  [jvm.dll+0x25a0eb]
V  [jvm.dll+0x2587c0]
V  [jvm.dll+0x3f2dd5]
V  [jvm.dll+0x7f5c76]
V  [jvm.dll+0x6baecb]
C  [ucrtbase.dll+0x21bb2]
C  [KERNEL32.DLL+0x17344]
C  [ntdll.dll+0x526b1]


---------------  P R O C E S S  ---------------

Threads class SMR info:
_java_thread_list=0x000002415412df90, length=34, elements={
0x000002417bffae90, 0x000002417bffba90, 0x000002417bfffb10, 0x000002417c001460,
0x000002417c001f40, 0x000002417c00ebe0, 0x000002417c011bd0, 0x000002417c012160,
0x000002417c2a7140, 0x000002417c2ae6d0, 0x000002417dc0ccf0, 0x000002417dc0e780,
0x000002417dc0d240, 0x000002417dc0e230, 0x000002417dc0f770, 0x000002415425f5c0,
0x000002415425fb10, 0x0000024154263ad0, 0x0000024154262040, 0x0000024154261af0,
0x0000024154264570, 0x0000024154264ac0, 0x0000024154260060, 0x000002415425e5d0,
0x0000024154263030, 0x0000024154265010, 0x0000024154262590, 0x0000024154262ae0,
0x000002415425eb20, 0x000002415425f070, 0x0000024154265560, 0x000002417dc0d790,
0x000002417dc0ecd0, 0x00000241542615a0
}

Java Threads: ( => current thread )
  0x000002417bffae90 JavaThread "Reference Handler" daemon [_thread_blocked, id=21552, stack(0x000000f118500000,0x000000f118600000)]
  0x000002417bffba90 JavaThread "Finalizer" daemon [_thread_blocked, id=37092, stack(0x000000f118600000,0x000000f118700000)]
  0x000002417bfffb10 JavaThread "Signal Dispatcher" daemon [_thread_blocked, id=28660, stack(0x000000f118700000,0x000000f118800000)]
  0x000002417c001460 JavaThread "Attach Listener" daemon [_thread_blocked, id=40236, stack(0x000000f118800000,0x000000f118900000)]
  0x000002417c001f40 JavaThread "Service Thread" daemon [_thread_blocked, id=20048, stack(0x000000f118900000,0x000000f118a00000)]
  0x000002417c00ebe0 JavaThread "Monitor Deflation Thread" daemon [_thread_blocked, id=41788, stack(0x000000f118a00000,0x000000f118b00000)]
=>0x000002417c011bd0 JavaThread "C2 CompilerThread0" daemon [_thread_in_native, id=30456, stack(0x000000f118b00000,0x000000f118c00000)]
  0x000002417c012160 JavaThread "C1 CompilerThread0" daemon [_thread_blocked, id=39380, stack(0x000000f118c00000,0x000000f118d00000)]
  0x000002417c2a7140 JavaThread "Notification Thread" daemon [_thread_blocked, id=34672, stack(0x000000f118d00000,0x000000f118e00000)]
  0x000002417c2ae6d0 JavaThread "Common-Cleaner" daemon [_thread_blocked, id=41864, stack(0x000000f118f00000,0x000000f119000000)]
  0x000002417dc0ccf0 JavaThread "mysql-cj-abandoned-connection-cleanup" daemon [_thread_blocked, id=29672, stack(0x000000f119a00000,0x000000f119b00000)]
  0x000002417dc0e780 JavaThread "Catalina-utility-1" [_thread_blocked, id=31928, stack(0x000000f119b00000,0x000000f119c00000)]
  0x000002417dc0d240 JavaThread "Catalina-utility-2" [_thread_blocked, id=27576, stack(0x000000f119c00000,0x000000f119d00000)]
  0x000002417dc0e230 JavaThread "container-0" [_thread_blocked, id=15940, stack(0x000000f119d00000,0x000000f119e00000)]
  0x000002417dc0f770 JavaThread "HikariPool-1 housekeeper" daemon [_thread_blocked, id=39976, stack(0x000000f119f00000,0x000000f11a000000)]
  0x000002415425f5c0 JavaThread "File Watcher" daemon [_thread_blocked, id=37444, stack(0x000000f11a000000,0x000000f11a100000)]
  0x000002415425fb10 JavaThread "Live Reload Server" daemon [_thread_in_native, id=36388, stack(0x000000f11a200000,0x000000f11a300000)]
  0x0000024154263ad0 JavaThread "spring.cloud.inetutils" daemon [_thread_blocked, id=16308, stack(0x000000f11a100000,0x000000f11a200000)]
  0x0000024154262040 JavaThread "http-nio-8090-exec-1" daemon [_thread_blocked, id=36868, stack(0x000000f11a300000,0x000000f11a400000)]
  0x0000024154261af0 JavaThread "http-nio-8090-exec-2" daemon [_thread_blocked, id=38184, stack(0x000000f11a400000,0x000000f11a500000)]
  0x0000024154264570 JavaThread "http-nio-8090-exec-3" daemon [_thread_blocked, id=37832, stack(0x000000f11a500000,0x000000f11a600000)]
  0x0000024154264ac0 JavaThread "http-nio-8090-exec-4" daemon [_thread_blocked, id=20772, stack(0x000000f11a600000,0x000000f11a700000)]
  0x0000024154260060 JavaThread "http-nio-8090-exec-5" daemon [_thread_blocked, id=4504, stack(0x000000f11a700000,0x000000f11a800000)]
  0x000002415425e5d0 JavaThread "http-nio-8090-exec-6" daemon [_thread_blocked, id=36084, stack(0x000000f11a800000,0x000000f11a900000)]
  0x0000024154263030 JavaThread "http-nio-8090-exec-7" daemon [_thread_blocked, id=30148, stack(0x000000f11a900000,0x000000f11aa00000)]
  0x0000024154265010 JavaThread "http-nio-8090-exec-8" daemon [_thread_blocked, id=25540, stack(0x000000f11aa00000,0x000000f11ab00000)]
  0x0000024154262590 JavaThread "http-nio-8090-exec-9" daemon [_thread_blocked, id=9804, stack(0x000000f11ab00000,0x000000f11ac00000)]
  0x0000024154262ae0 JavaThread "http-nio-8090-exec-10" daemon [_thread_blocked, id=32144, stack(0x000000f11ac00000,0x000000f11ad00000)]
  0x000002415425eb20 JavaThread "http-nio-8090-Poller" daemon [_thread_in_native, id=17812, stack(0x000000f11ad00000,0x000000f11ae00000)]
  0x000002415425f070 JavaThread "http-nio-8090-Acceptor" daemon [_thread_in_native, id=36676, stack(0x000000f11ae00000,0x000000f11af00000)]
  0x0000024154265560 JavaThread "DestroyJavaVM" [_thread_blocked, id=7220, stack(0x000000f117e00000,0x000000f117f00000)]
  0x000002417dc0d790 JavaThread "http-nio-8090-exec-11" daemon [_thread_blocked, id=32796, stack(0x000000f117c00000,0x000000f117d00000)]
  0x000002417dc0ecd0 JavaThread "http-nio-8090-exec-12" daemon [_thread_blocked, id=8876, stack(0x000000f117d00000,0x000000f117e00000)]
  0x00000241542615a0 JavaThread "HikariPool-1 connection adder" daemon [_thread_blocked, id=10604, stack(0x000000f119600000,0x000000f119700000)]

Other Threads:
  0x000002417bfdb950 VMThread "VM Thread" [stack: 0x000000f118400000,0x000000f118500000] [id=38092]
  0x000002417c2a8ab0 WatcherThread "VM Periodic Task Thread" [stack: 0x000000f118e00000,0x000000f118f00000] [id=32668]
  0x000002416e712090 WorkerThread "GC Thread#0" [stack: 0x000000f117f00000,0x000000f118000000] [id=32508]
  0x000002417cc3de30 WorkerThread "GC Thread#1" [stack: 0x000000f119000000,0x000000f119100000] [id=41412]
  0x000002417cc3d2f0 WorkerThread "GC Thread#2" [stack: 0x000000f119100000,0x000000f119200000] [id=37112]
  0x000002417cc3e100 WorkerThread "GC Thread#3" [stack: 0x000000f119200000,0x000000f119300000] [id=41000]
  0x000002417cc3e3d0 WorkerThread "GC Thread#4" [stack: 0x000000f119300000,0x000000f119400000] [id=28512]
  0x000002417cc3d5c0 WorkerThread "GC Thread#5" [stack: 0x000000f119400000,0x000000f119500000] [id=26492]
  0x000002417cc3ec40 WorkerThread "GC Thread#6" [stack: 0x000000f119500000,0x000000f119600000] [id=37708]
  0x000002417cc3e970 WorkerThread "GC Thread#7" [stack: 0x000000f119900000,0x000000f119a00000] [id=1968]
  0x000002416e7234f0 ConcurrentGCThread "G1 Main Marker" [stack: 0x000000f118000000,0x000000f118100000] [id=33224]
  0x000002416e723e20 WorkerThread "G1 Conc#0" [stack: 0x000000f118100000,0x000000f118200000] [id=36488]
  0x000002417e3054e0 WorkerThread "G1 Conc#1" [stack: 0x000000f119800000,0x000000f119900000] [id=10736]
  0x000002417be9ba20 ConcurrentGCThread "G1 Refine#0" [stack: 0x000000f118200000,0x000000f118300000] [id=18408]
  0x000002417be9d2e0 ConcurrentGCThread "G1 Service" [stack: 0x000000f118300000,0x000000f118400000] [id=17540]

Threads with active compile tasks:
C2 CompilerThread0   195481 11978 %     4       com.mysql.cj.QueryInfo::<init> @ 448 (1618 bytes)

VM state: not at safepoint (normal execution)

VM Mutex/Monitor currently owned by a thread: None

Heap address: 0x0000000083600000, size: 1994 MB, Compressed Oops mode: 32-bit

CDS archive(s) mapped at: [0x000002410f000000-0x000002410fc60000-0x000002410fc60000), size 12976128, SharedBaseAddress: 0x000002410f000000, ArchiveRelocationMode: 1.
Compressed class space mapped at: 0x0000024110000000-0x0000024150000000, reserved size: 1073741824
Narrow klass base: 0x000002410f000000, Narrow klass shift: 0, Narrow klass range: 0x100000000

GC Precious Log:
 CardTable entry size: 512
 Card Set container configuration: InlinePtr #cards 5 size 8 Array Of Cards #cards 12 size 40 Howl #buckets 4 coarsen threshold 1843 Howl Bitmap #cards 512 size 80 coarsen threshold 460 Card regions per heap region 1 cards per card region 2048
 CPUs: 8 total, 8 available
 Memory: 7973M
 Large Page Support: Disabled
 NUMA Support: Disabled
 Compressed Oops: Enabled (32-bit)
 Heap Region Size: 1M
 Heap Min Capacity: 8M
 Heap Initial Capacity: 126M
 Heap Max Capacity: 1994M
 Pre-touch: Disabled
 Parallel Workers: 8
 Concurrent Workers: 2
 Concurrent Refinement Workers: 8
 Periodic GC: Disabled

Heap:
 garbage-first heap   total 106496K, used 92951K [0x0000000083600000, 0x0000000100000000)
  region size 1024K, 36 young (36864K), 5 survivors (5120K)
 Metaspace       used 81494K, committed 82368K, reserved 1179648K
  class space    used 10680K, committed 11072K, reserved 1048576K

Heap Regions: E=young(eden), S=young(survivor), O=old, HS=humongous(starts), HC=humongous(continues), CS=collection set, F=free, OA=open archive, CA=closed archive, TAMS=top-at-mark-start, PB=parsable bottom
|   0|0x0000000083600000, 0x0000000083700000, 0x0000000083700000|100%|HS|  |TAMS 0x0000000083600000| PB 0x0000000083600000| Complete 
|   1|0x0000000083700000, 0x0000000083800000, 0x0000000083800000|100%| O|  |TAMS 0x0000000083700000| PB 0x0000000083700000| Untracked 
|   2|0x0000000083800000, 0x0000000083900000, 0x0000000083900000|100%| O|  |TAMS 0x0000000083800000| PB 0x0000000083800000| Untracked 
|   3|0x0000000083900000, 0x0000000083a00000, 0x0000000083a00000|100%| O|  |TAMS 0x0000000083900000| PB 0x0000000083900000| Untracked 
|   4|0x0000000083a00000, 0x0000000083b00000, 0x0000000083b00000|100%| O|  |TAMS 0x0000000083a00000| PB 0x0000000083a00000| Untracked 
|   5|0x0000000083b00000, 0x0000000083c00000, 0x0000000083c00000|100%| O|  |TAMS 0x0000000083b00000| PB 0x0000000083b00000| Untracked 
|   6|0x0000000083c00000, 0x0000000083d00000, 0x0000000083d00000|100%| O|  |TAMS 0x0000000083c00000| PB 0x0000000083c00000| Untracked 
|   7|0x0000000083d00000, 0x0000000083e00000, 0x0000000083e00000|100%| O|  |TAMS 0x0000000083d00000| PB 0x0000000083d00000| Untracked 
|   8|0x0000000083e00000, 0x0000000083f00000, 0x0000000083f00000|100%| O|  |TAMS 0x0000000083e00000| PB 0x0000000083e00000| Untracked 
|   9|0x0000000083f00000, 0x0000000084000000, 0x0000000084000000|100%| O|  |TAMS 0x0000000083f00000| PB 0x0000000083f00000| Untracked 
|  10|0x0000000084000000, 0x0000000084100000, 0x0000000084100000|100%| O|  |TAMS 0x0000000084000000| PB 0x0000000084000000| Untracked 
|  11|0x0000000084100000, 0x0000000084200000, 0x0000000084200000|100%| O|  |TAMS 0x0000000084100000| PB 0x0000000084100000| Untracked 
|  12|0x0000000084200000, 0x0000000084300000, 0x0000000084300000|100%| O|  |TAMS 0x0000000084200000| PB 0x0000000084200000| Untracked 
|  13|0x0000000084300000, 0x0000000084400000, 0x0000000084400000|100%| O|  |TAMS 0x0000000084300000| PB 0x0000000084300000| Untracked 
|  14|0x0000000084400000, 0x0000000084500000, 0x0000000084500000|100%| O|  |TAMS 0x0000000084400000| PB 0x0000000084400000| Untracked 
|  15|0x0000000084500000, 0x0000000084600000, 0x0000000084600000|100%| O|  |TAMS 0x0000000084500000| PB 0x0000000084500000| Untracked 
|  16|0x0000000084600000, 0x0000000084600000, 0x0000000084700000|  0%| F|  |TAMS 0x0000000084600000| PB 0x0000000084600000| Untracked 
|  17|0x0000000084700000, 0x0000000084800000, 0x0000000084800000|100%| O|  |TAMS 0x0000000084700000| PB 0x0000000084700000| Untracked 
|  18|0x0000000084800000, 0x0000000084900000, 0x0000000084900000|100%| O|  |TAMS 0x0000000084800000| PB 0x0000000084800000| Untracked 
|  19|0x0000000084900000, 0x0000000084a00000, 0x0000000084a00000|100%| O|  |TAMS 0x0000000084900000| PB 0x0000000084900000| Untracked 
|  20|0x0000000084a00000, 0x0000000084b00000, 0x0000000084b00000|100%| O|  |TAMS 0x0000000084a00000| PB 0x0000000084a00000| Untracked 
|  21|0x0000000084b00000, 0x0000000084c00000, 0x0000000084c00000|100%| O|  |TAMS 0x0000000084b00000| PB 0x0000000084b00000| Untracked 
|  22|0x0000000084c00000, 0x0000000084d00000, 0x0000000084d00000|100%| O|  |TAMS 0x0000000084c00000| PB 0x0000000084c00000| Untracked 
|  23|0x0000000084d00000, 0x0000000084e00000, 0x0000000084e00000|100%| O|  |TAMS 0x0000000084d00000| PB 0x0000000084d00000| Untracked 
|  24|0x0000000084e00000, 0x0000000084f00000, 0x0000000084f00000|100%| O|  |TAMS 0x0000000084e00000| PB 0x0000000084e00000| Untracked 
|  25|0x0000000084f00000, 0x0000000085000000, 0x0000000085000000|100%| O|  |TAMS 0x0000000084f00000| PB 0x0000000084f00000| Untracked 
|  26|0x0000000085000000, 0x0000000085100000, 0x0000000085100000|100%| O|  |TAMS 0x0000000085000000| PB 0x0000000085000000| Untracked 
|  27|0x0000000085100000, 0x0000000085200000, 0x0000000085200000|100%| O|  |TAMS 0x0000000085100000| PB 0x0000000085100000| Untracked 
|  28|0x0000000085200000, 0x0000000085300000, 0x0000000085300000|100%| O|  |TAMS 0x0000000085200000| PB 0x0000000085200000| Untracked 
|  29|0x0000000085300000, 0x0000000085400000, 0x0000000085400000|100%| O|  |TAMS 0x0000000085300000| PB 0x0000000085300000| Untracked 
|  30|0x0000000085400000, 0x0000000085500000, 0x0000000085500000|100%| O|  |TAMS 0x0000000085400000| PB 0x0000000085400000| Untracked 
|  31|0x0000000085500000, 0x0000000085600000, 0x0000000085600000|100%| O|  |TAMS 0x0000000085500000| PB 0x0000000085500000| Untracked 
|  32|0x0000000085600000, 0x0000000085700000, 0x0000000085700000|100%| O|  |TAMS 0x0000000085600000| PB 0x0000000085600000| Untracked 
|  33|0x0000000085700000, 0x0000000085800000, 0x0000000085800000|100%| O|  |TAMS 0x0000000085700000| PB 0x0000000085700000| Complete 
|  34|0x0000000085800000, 0x0000000085900000, 0x0000000085900000|100%| O|  |TAMS 0x0000000085800000| PB 0x0000000085800000| Complete 
|  35|0x0000000085900000, 0x0000000085a00000, 0x0000000085a00000|100%| O|  |TAMS 0x0000000085900000| PB 0x0000000085900000| Untracked 
|  36|0x0000000085a00000, 0x0000000085b00000, 0x0000000085b00000|100%| O|  |TAMS 0x0000000085a00000| PB 0x0000000085a00000| Untracked 
|  37|0x0000000085b00000, 0x0000000085c00000, 0x0000000085c00000|100%| O|  |TAMS 0x0000000085b00000| PB 0x0000000085b00000| Untracked 
|  38|0x0000000085c00000, 0x0000000085d00000, 0x0000000085d00000|100%| O|  |TAMS 0x0000000085c00000| PB 0x0000000085c00000| Untracked 
|  39|0x0000000085d00000, 0x0000000085e00000, 0x0000000085e00000|100%| O|  |TAMS 0x0000000085d00000| PB 0x0000000085d00000| Complete 
|  40|0x0000000085e00000, 0x0000000085f00000, 0x0000000085f00000|100%| O|  |TAMS 0x0000000085e00000| PB 0x0000000085e00000| Untracked 
|  41|0x0000000085f00000, 0x0000000086000000, 0x0000000086000000|100%| O|  |TAMS 0x0000000085f00000| PB 0x0000000085f00000| Untracked 
|  42|0x0000000086000000, 0x0000000086000000, 0x0000000086100000|  0%| F|  |TAMS 0x0000000086000000| PB 0x0000000086000000| Untracked 
|  43|0x0000000086100000, 0x0000000086200000, 0x0000000086200000|100%| O|  |TAMS 0x0000000086100000| PB 0x0000000086100000| Untracked 
|  44|0x0000000086200000, 0x0000000086300000, 0x0000000086300000|100%| O|  |TAMS 0x0000000086200000| PB 0x0000000086200000| Untracked 
|  45|0x0000000086300000, 0x0000000086400000, 0x0000000086400000|100%| O|  |TAMS 0x0000000086300000| PB 0x0000000086300000| Untracked 
|  46|0x0000000086400000, 0x0000000086500000, 0x0000000086500000|100%| O|  |TAMS 0x0000000086400000| PB 0x0000000086400000| Untracked 
|  47|0x0000000086500000, 0x0000000086600000, 0x0000000086600000|100%| O|  |TAMS 0x0000000086500000| PB 0x0000000086500000| Untracked 
|  48|0x0000000086600000, 0x0000000086700000, 0x0000000086700000|100%| O|  |TAMS 0x0000000086600000| PB 0x0000000086600000| Untracked 
|  49|0x0000000086700000, 0x0000000086800000, 0x0000000086800000|100%| O|  |TAMS 0x0000000086700000| PB 0x0000000086700000| Untracked 
|  50|0x0000000086800000, 0x0000000086900000, 0x0000000086900000|100%| O|  |TAMS 0x0000000086800000| PB 0x0000000086800000| Untracked 
|  51|0x0000000086900000, 0x0000000086a00000, 0x0000000086a00000|100%| O|  |TAMS 0x0000000086900000| PB 0x0000000086900000| Untracked 
|  52|0x0000000086a00000, 0x0000000086b00000, 0x0000000086b00000|100%| O|  |TAMS 0x0000000086a00000| PB 0x0000000086a00000| Untracked 
|  53|0x0000000086b00000, 0x0000000086c00000, 0x0000000086c00000|100%| O|  |TAMS 0x0000000086b00000| PB 0x0000000086b00000| Untracked 
|  54|0x0000000086c00000, 0x0000000086d00000, 0x0000000086d00000|100%| O|  |TAMS 0x0000000086c00000| PB 0x0000000086c00000| Untracked 
|  55|0x0000000086d00000, 0x0000000086e00000, 0x0000000086e00000|100%| O|  |TAMS 0x0000000086d00000| PB 0x0000000086d00000| Untracked 
|  56|0x0000000086e00000, 0x0000000086e00000, 0x0000000086f00000|  0%| F|  |TAMS 0x0000000086e00000| PB 0x0000000086e00000| Untracked 
|  57|0x0000000086f00000, 0x0000000086f00000, 0x0000000087000000|  0%| F|  |TAMS 0x0000000086f00000| PB 0x0000000086f00000| Untracked 
|  58|0x0000000087000000, 0x0000000087000000, 0x0000000087100000|  0%| F|  |TAMS 0x0000000087000000| PB 0x0000000087000000| Untracked 
|  59|0x0000000087100000, 0x0000000087100000, 0x0000000087200000|  0%| F|  |TAMS 0x0000000087100000| PB 0x0000000087100000| Untracked 
|  60|0x0000000087200000, 0x0000000087300000, 0x0000000087300000|100%| O|  |TAMS 0x0000000087200000| PB 0x0000000087200000| Untracked 
|  61|0x0000000087300000, 0x0000000087392c00, 0x0000000087400000| 57%| O|  |TAMS 0x0000000087300000| PB 0x0000000087300000| Untracked 
|  62|0x0000000087400000, 0x0000000087400000, 0x0000000087500000|  0%| F|  |TAMS 0x0000000087400000| PB 0x0000000087400000| Untracked 
|  63|0x0000000087500000, 0x0000000087500000, 0x0000000087600000|  0%| F|  |TAMS 0x0000000087500000| PB 0x0000000087500000| Untracked 
|  64|0x0000000087600000, 0x0000000087600000, 0x0000000087700000|  0%| F|  |TAMS 0x0000000087600000| PB 0x0000000087600000| Untracked 
|  65|0x0000000087700000, 0x0000000087700000, 0x0000000087800000|  0%| F|  |TAMS 0x0000000087700000| PB 0x0000000087700000| Untracked 
|  66|0x0000000087800000, 0x0000000087800000, 0x0000000087900000|  0%| F|  |TAMS 0x0000000087800000| PB 0x0000000087800000| Untracked 
|  67|0x0000000087900000, 0x0000000087935428, 0x0000000087a00000| 20%| E|  |TAMS 0x0000000087900000| PB 0x0000000087900000| Complete 
|  68|0x0000000087a00000, 0x0000000087a33090, 0x0000000087b00000| 19%| S|CS|TAMS 0x0000000087a00000| PB 0x0000000087a00000| Complete 
|  69|0x0000000087b00000, 0x0000000087c00000, 0x0000000087c00000|100%| S|CS|TAMS 0x0000000087b00000| PB 0x0000000087b00000| Complete 
|  70|0x0000000087c00000, 0x0000000087d00000, 0x0000000087d00000|100%| S|CS|TAMS 0x0000000087c00000| PB 0x0000000087c00000| Complete 
|  71|0x0000000087d00000, 0x0000000087e00000, 0x0000000087e00000|100%| S|CS|TAMS 0x0000000087d00000| PB 0x0000000087d00000| Complete 
|  72|0x0000000087e00000, 0x0000000087f00000, 0x0000000087f00000|100%| S|CS|TAMS 0x0000000087e00000| PB 0x0000000087e00000| Complete 
|  73|0x0000000087f00000, 0x0000000088000000, 0x0000000088000000|100%| E|CS|TAMS 0x0000000087f00000| PB 0x0000000087f00000| Complete 
|  74|0x0000000088000000, 0x0000000088100000, 0x0000000088100000|100%| E|CS|TAMS 0x0000000088000000| PB 0x0000000088000000| Complete 
|  75|0x0000000088100000, 0x0000000088200000, 0x0000000088200000|100%| E|CS|TAMS 0x0000000088100000| PB 0x0000000088100000| Complete 
|  76|0x0000000088200000, 0x0000000088300000, 0x0000000088300000|100%| E|CS|TAMS 0x0000000088200000| PB 0x0000000088200000| Complete 
|  77|0x0000000088300000, 0x0000000088400000, 0x0000000088400000|100%| E|CS|TAMS 0x0000000088300000| PB 0x0000000088300000| Complete 
|  78|0x0000000088400000, 0x0000000088500000, 0x0000000088500000|100%| E|CS|TAMS 0x0000000088400000| PB 0x0000000088400000| Complete 
|  79|0x0000000088500000, 0x0000000088600000, 0x0000000088600000|100%| E|CS|TAMS 0x0000000088500000| PB 0x0000000088500000| Complete 
|  80|0x0000000088600000, 0x0000000088700000, 0x0000000088700000|100%| E|CS|TAMS 0x0000000088600000| PB 0x0000000088600000| Complete 
|  81|0x0000000088700000, 0x0000000088800000, 0x0000000088800000|100%| E|CS|TAMS 0x0000000088700000| PB 0x0000000088700000| Complete 
|  82|0x0000000088800000, 0x0000000088900000, 0x0000000088900000|100%| E|CS|TAMS 0x0000000088800000| PB 0x0000000088800000| Complete 
|  83|0x0000000088900000, 0x0000000088a00000, 0x0000000088a00000|100%| E|CS|TAMS 0x0000000088900000| PB 0x0000000088900000| Complete 
|  84|0x0000000088a00000, 0x0000000088b00000, 0x0000000088b00000|100%| E|CS|TAMS 0x0000000088a00000| PB 0x0000000088a00000| Complete 
|  85|0x0000000088b00000, 0x0000000088c00000, 0x0000000088c00000|100%| E|CS|TAMS 0x0000000088b00000| PB 0x0000000088b00000| Complete 
|  86|0x0000000088c00000, 0x0000000088d00000, 0x0000000088d00000|100%| E|CS|TAMS 0x0000000088c00000| PB 0x0000000088c00000| Complete 
|  87|0x0000000088d00000, 0x0000000088e00000, 0x0000000088e00000|100%| E|CS|TAMS 0x0000000088d00000| PB 0x0000000088d00000| Complete 
|  88|0x0000000088e00000, 0x0000000088f00000, 0x0000000088f00000|100%| E|CS|TAMS 0x0000000088e00000| PB 0x0000000088e00000| Complete 
|  89|0x0000000088f00000, 0x0000000089000000, 0x0000000089000000|100%| E|CS|TAMS 0x0000000088f00000| PB 0x0000000088f00000| Complete 
|  90|0x0000000089000000, 0x0000000089100000, 0x0000000089100000|100%| E|CS|TAMS 0x0000000089000000| PB 0x0000000089000000| Complete 
|  91|0x0000000089100000, 0x0000000089200000, 0x0000000089200000|100%| E|CS|TAMS 0x0000000089100000| PB 0x0000000089100000| Complete 
|  92|0x0000000089200000, 0x0000000089300000, 0x0000000089300000|100%| E|CS|TAMS 0x0000000089200000| PB 0x0000000089200000| Complete 
|  93|0x0000000089300000, 0x0000000089400000, 0x0000000089400000|100%| E|CS|TAMS 0x0000000089300000| PB 0x0000000089300000| Complete 
|  94|0x0000000089400000, 0x0000000089500000, 0x0000000089500000|100%| E|CS|TAMS 0x0000000089400000| PB 0x0000000089400000| Complete 
|  95|0x0000000089500000, 0x0000000089600000, 0x0000000089600000|100%| E|CS|TAMS 0x0000000089500000| PB 0x0000000089500000| Complete 
|  96|0x0000000089600000, 0x0000000089700000, 0x0000000089700000|100%| E|CS|TAMS 0x0000000089600000| PB 0x0000000089600000| Complete 
|  97|0x0000000089700000, 0x0000000089800000, 0x0000000089800000|100%| E|CS|TAMS 0x0000000089700000| PB 0x0000000089700000| Complete 
|  98|0x0000000089800000, 0x0000000089900000, 0x0000000089900000|100%| E|CS|TAMS 0x0000000089800000| PB 0x0000000089800000| Complete 
|  99|0x0000000089900000, 0x0000000089a00000, 0x0000000089a00000|100%| E|CS|TAMS 0x0000000089900000| PB 0x0000000089900000| Complete 
| 100|0x0000000089a00000, 0x0000000089b00000, 0x0000000089b00000|100%| E|CS|TAMS 0x0000000089a00000| PB 0x0000000089a00000| Complete 
| 125|0x000000008b300000, 0x000000008b400000, 0x000000008b400000|100%| E|CS|TAMS 0x000000008b300000| PB 0x000000008b300000| Complete 
|1992|0x00000000ffe00000, 0x00000000fff00000, 0x00000000fff00000|100%| O|  |TAMS 0x00000000ffe00000| PB 0x00000000ffe00000| Untracked 
|1993|0x00000000fff00000, 0x0000000100000000, 0x0000000100000000|100%| E|CS|TAMS 0x00000000fff00000| PB 0x00000000fff00000| Complete 

Card table byte_map: [0x0000024176e90000,0x0000024177280000] _byte_map_base: 0x0000024176a75000

Marking Bits: (CMBitMap*) 0x000002416e7125c0
 Bits: [0x0000024177670000, 0x0000024179598000)

Polling page: 0x000002416c5b0000

Metaspace:

Usage:
  Non-class:     69.15 MB used.
      Class:     10.43 MB used.
       Both:     79.58 MB used.

Virtual space:
  Non-class space:      128.00 MB reserved,      69.62 MB ( 54%) committed,  2 nodes.
      Class space:        1.00 GB reserved,      10.81 MB (  1%) committed,  1 nodes.
             Both:        1.12 GB reserved,      80.44 MB (  7%) committed. 

Chunk freelists:
   Non-Class:  1.66 MB
       Class:  1.09 MB
        Both:  2.74 MB

MaxMetaspaceSize: unlimited
CompressedClassSpaceSize: 1.00 GB
Initial GC threshold: 21.00 MB
Current GC threshold: 129.94 MB
CDS: on
MetaspaceReclaimPolicy: balanced
 - commit_granule_bytes: 65536.
 - commit_granule_words: 8192.
 - virtual_space_node_default_size: 8388608.
 - enlarge_chunks_in_place: 1.
 - new_chunks_are_fully_committed: 0.
 - uncommit_free_chunks: 1.
 - use_allocation_guard: 0.


Internal statistics:

num_allocs_failed_limit: 11.
num_arena_births: 1308.
num_arena_deaths: 2.
num_vsnodes_births: 3.
num_vsnodes_deaths: 0.
num_space_committed: 1287.
num_space_uncommitted: 0.
num_chunks_returned_to_freelist: 14.
num_chunks_taken_from_freelist: 4328.
num_chunk_merges: 11.
num_chunk_splits: 3036.
num_chunks_enlarged: 2385.
num_inconsistent_stats: 0.

CodeHeap 'non-profiled nmethods': size=120000Kb used=5324Kb max_used=5324Kb free=114675Kb
 bounds [0x0000024107ad0000, 0x0000024108010000, 0x000002410f000000]
CodeHeap 'profiled nmethods': size=120000Kb used=20557Kb max_used=20557Kb free=99443Kb
 bounds [0x0000024100000000, 0x0000024101420000, 0x0000024107530000]
CodeHeap 'non-nmethods': size=5760Kb used=1893Kb max_used=1937Kb free=3866Kb
 bounds [0x0000024107530000, 0x00000241077a0000, 0x0000024107ad0000]
 total_blobs=11438 nmethods=10737 adapters=610
 compilation: enabled
              stopped_count=0, restarted_count=0
 full_count=0

Compilation events (20 events):
Event: 195.332 Thread 0x000002417c012160 12029       3       com.mysql.cj.protocol.a.NativeProtocol::findMysqlType (1037 bytes)
Event: 195.340 Thread 0x000002417c012160 nmethod 12029 0x0000024101405210 code [0x0000024101405940, 0x000002410140aa10]
Event: 195.340 Thread 0x000002417c012160 12033       3       com.mysql.cj.result.Field::getName (8 bytes)
Event: 195.341 Thread 0x000002417c012160 nmethod 12033 0x000002410140b990 code [0x000002410140bb20, 0x000002410140bd08]
Event: 195.341 Thread 0x000002417c012160 12027       3       org.springframework.web.servlet.handler.DispatcherServletWebRequest::<init> (7 bytes)
Event: 195.342 Thread 0x000002417c012160 nmethod 12027 0x000002410140be10 code [0x000002410140bfc0, 0x000002410140c230]
Event: 195.342 Thread 0x000002417c012160 12028   !   3       org.springframework.web.context.request.AbstractRequestAttributes::executeRequestDestructionCallbacks (72 bytes)
Event: 195.343 Thread 0x000002417c012160 nmethod 12028 0x000002410140c390 code [0x000002410140c5a0, 0x000002410140cdf0]
Event: 195.343 Thread 0x000002417c012160 12032       3       org.hibernate.event.internal.DefaultPreLoadEventListener::onPreLoad (45 bytes)
Event: 195.344 Thread 0x000002417c012160 nmethod 12032 0x000002410140d190 code [0x000002410140d360, 0x000002410140d8e8]
Event: 195.344 Thread 0x000002417c012160 12020       3       org.hibernate.engine.spi.CollectionKey::<init> (34 bytes)
Event: 195.345 Thread 0x000002417c012160 nmethod 12020 0x000002410140db90 code [0x000002410140dd40, 0x000002410140e058]
Event: 195.345 Thread 0x000002417c012160 12025       3       org.springframework.security.web.header.writers.CacheControlHeadersWriter::hasHeader (16 bytes)
Event: 195.345 Thread 0x000002417c012160 nmethod 12025 0x000002410140e190 code [0x000002410140e320, 0x000002410140e550]
Event: 195.345 Thread 0x000002417c012160 12021   !   3       org.hibernate.event.internal.AbstractLockUpgradeEventListener::upgradeLock (322 bytes)
Event: 195.349 Thread 0x000002417c012160 nmethod 12021 0x000002410140e610 code [0x000002410140e9c0, 0x0000024101411500]
Event: 195.349 Thread 0x000002417c012160 12022   !   3       org.springframework.util.function.SingletonSupplier::get (77 bytes)
Event: 195.349 Thread 0x000002417c012160 nmethod 12022 0x0000024101412390 code [0x0000024101412540, 0x0000024101412a70]
Event: 195.349 Thread 0x000002417c012160 12018       3       java.util.Calendar::setTimeInMillis (84 bytes)
Event: 195.350 Thread 0x000002417c012160 nmethod 12018 0x0000024101412c10 code [0x0000024101412dc0, 0x00000241014132e8]

GC Heap History (20 events):
Event: 16.775 GC heap before
{Heap before GC invocations=17 (full 0):
 garbage-first heap   total 77824K, used 69420K [0x0000000083600000, 0x0000000100000000)
  region size 1024K, 34 young (34816K), 3 survivors (3072K)
 Metaspace       used 60830K, committed 61312K, reserved 1114112K
  class space    used 7992K, committed 8192K, reserved 1048576K
}
Event: 16.782 GC heap after
{Heap after GC invocations=18 (full 0):
 garbage-first heap   total 77824K, used 39296K [0x0000000083600000, 0x0000000100000000)
  region size 1024K, 3 young (3072K), 3 survivors (3072K)
 Metaspace       used 60830K, committed 61312K, reserved 1114112K
  class space    used 7992K, committed 8192K, reserved 1048576K
}
Event: 17.824 GC heap before
{Heap before GC invocations=18 (full 0):
 garbage-first heap   total 77824K, used 68992K [0x0000000083600000, 0x0000000100000000)
  region size 1024K, 32 young (32768K), 3 survivors (3072K)
 Metaspace       used 62670K, committed 63168K, reserved 1114112K
  class space    used 8259K, committed 8448K, reserved 1048576K
}
Event: 17.834 GC heap after
{Heap after GC invocations=19 (full 0):
 garbage-first heap   total 77824K, used 41984K [0x0000000083600000, 0x0000000100000000)
  region size 1024K, 4 young (4096K), 4 survivors (4096K)
 Metaspace       used 62670K, committed 63168K, reserved 1114112K
  class space    used 8259K, committed 8448K, reserved 1048576K
}
Event: 19.011 GC heap before
{Heap before GC invocations=19 (full 0):
 garbage-first heap   total 77824K, used 68608K [0x0000000083600000, 0x0000000100000000)
  region size 1024K, 30 young (30720K), 4 survivors (4096K)
 Metaspace       used 65248K, committed 65856K, reserved 1114112K
  class space    used 8621K, committed 8896K, reserved 1048576K
}
Event: 19.020 GC heap after
{Heap after GC invocations=20 (full 0):
 garbage-first heap   total 77824K, used 44992K [0x0000000083600000, 0x0000000100000000)
  region size 1024K, 3 young (3072K), 3 survivors (3072K)
 Metaspace       used 65248K, committed 65856K, reserved 1114112K
  class space    used 8621K, committed 8896K, reserved 1048576K
}
Event: 20.001 GC heap before
{Heap before GC invocations=21 (full 0):
 garbage-first heap   total 80896K, used 68544K [0x0000000083600000, 0x0000000100000000)
  region size 1024K, 26 young (26624K), 3 survivors (3072K)
 Metaspace       used 66771K, committed 67456K, reserved 1114112K
  class space    used 8854K, committed 9152K, reserved 1048576K
}
Event: 20.008 GC heap after
{Heap after GC invocations=22 (full 0):
 garbage-first heap   total 80896K, used 47406K [0x0000000083600000, 0x0000000100000000)
  region size 1024K, 3 young (3072K), 3 survivors (3072K)
 Metaspace       used 66771K, committed 67456K, reserved 1114112K
  class space    used 8854K, committed 9152K, reserved 1048576K
}
Event: 21.051 GC heap before
{Heap before GC invocations=22 (full 0):
 garbage-first heap   total 80896K, used 71982K [0x0000000083600000, 0x0000000100000000)
  region size 1024K, 27 young (27648K), 3 survivors (3072K)
 Metaspace       used 68378K, committed 69056K, reserved 1114112K
  class space    used 9072K, committed 9408K, reserved 1048576K
}
Event: 21.062 GC heap after
{Heap after GC invocations=23 (full 0):
 garbage-first heap   total 80896K, used 50199K [0x0000000083600000, 0x0000000100000000)
  region size 1024K, 4 young (4096K), 4 survivors (4096K)
 Metaspace       used 68378K, committed 69056K, reserved 1114112K
  class space    used 9072K, committed 9408K, reserved 1048576K
}
Event: 21.746 GC heap before
{Heap before GC invocations=23 (full 0):
 garbage-first heap   total 80896K, used 70679K [0x0000000083600000, 0x0000000100000000)
  region size 1024K, 24 young (24576K), 4 survivors (4096K)
 Metaspace       used 69461K, committed 70208K, reserved 1114112K
  class space    used 9256K, committed 9600K, reserved 1048576K
}
Event: 21.754 GC heap after
{Heap after GC invocations=24 (full 0):
 garbage-first heap   total 97280K, used 53317K [0x0000000083600000, 0x0000000100000000)
  region size 1024K, 3 young (3072K), 3 survivors (3072K)
 Metaspace       used 69461K, committed 70208K, reserved 1114112K
  class space    used 9256K, committed 9600K, reserved 1048576K
}
Event: 24.045 GC heap before
{Heap before GC invocations=25 (full 0):
 garbage-first heap   total 101376K, used 86085K [0x0000000083600000, 0x0000000100000000)
  region size 1024K, 35 young (35840K), 3 survivors (3072K)
 Metaspace       used 73212K, committed 73984K, reserved 1114112K
  class space    used 9706K, committed 10048K, reserved 1048576K
}
Event: 24.056 GC heap after
{Heap after GC invocations=26 (full 0):
 garbage-first heap   total 101376K, used 56797K [0x0000000083600000, 0x0000000100000000)
  region size 1024K, 4 young (4096K), 4 survivors (4096K)
 Metaspace       used 73212K, committed 73984K, reserved 1114112K
  class space    used 9706K, committed 10048K, reserved 1048576K
}
Event: 142.334 GC heap before
{Heap before GC invocations=26 (full 0):
 garbage-first heap   total 101376K, used 89565K [0x0000000083600000, 0x0000000100000000)
  region size 1024K, 37 young (37888K), 4 survivors (4096K)
 Metaspace       used 77234K, committed 78080K, reserved 1179648K
  class space    used 10238K, committed 10624K, reserved 1048576K
}
Event: 142.413 GC heap after
{Heap after GC invocations=27 (full 0):
 garbage-first heap   total 101376K, used 58206K [0x0000000083600000, 0x0000000100000000)
  region size 1024K, 3 young (3072K), 3 survivors (3072K)
 Metaspace       used 77234K, committed 78080K, reserved 1179648K
  class space    used 10238K, committed 10624K, reserved 1048576K
}
Event: 143.353 GC heap before
{Heap before GC invocations=27 (full 0):
 garbage-first heap   total 101376K, used 90974K [0x0000000083600000, 0x0000000100000000)
  region size 1024K, 35 young (35840K), 3 survivors (3072K)
 Metaspace       used 78885K, committed 79808K, reserved 1179648K
  class space    used 10452K, committed 10880K, reserved 1048576K
}
Event: 143.362 GC heap after
{Heap after GC invocations=28 (full 0):
 garbage-first heap   total 101376K, used 59797K [0x0000000083600000, 0x0000000100000000)
  region size 1024K, 4 young (4096K), 4 survivors (4096K)
 Metaspace       used 78885K, committed 79808K, reserved 1179648K
  class space    used 10452K, committed 10880K, reserved 1048576K
}
Event: 191.181 GC heap before
{Heap before GC invocations=29 (full 0):
 garbage-first heap   total 106496K, used 95637K [0x0000000083600000, 0x0000000100000000)
  region size 1024K, 34 young (34816K), 4 survivors (4096K)
 Metaspace       used 79782K, committed 80704K, reserved 1179648K
  class space    used 10518K, committed 10944K, reserved 1048576K
}
Event: 191.237 GC heap after
{Heap after GC invocations=30 (full 0):
 garbage-first heap   total 106496K, used 62231K [0x0000000083600000, 0x0000000100000000)
  region size 1024K, 5 young (5120K), 5 survivors (5120K)
 Metaspace       used 79782K, committed 80704K, reserved 1179648K
  class space    used 10518K, committed 10944K, reserved 1048576K
}

Dll operation events (11 events):
Event: 0.046 Loaded shared library C:\Program Files\Java\jdk-20\bin\java.dll
Event: 0.116 Loaded shared library C:\Program Files\Java\jdk-20\bin\jsvml.dll
Event: 0.281 Loaded shared library C:\Program Files\Java\jdk-20\bin\net.dll
Event: 0.302 Loaded shared library C:\Program Files\Java\jdk-20\bin\nio.dll
Event: 0.326 Loaded shared library C:\Program Files\Java\jdk-20\bin\zip.dll
Event: 0.676 Loaded shared library C:\Program Files\Java\jdk-20\bin\verify.dll
Event: 0.686 Loaded shared library C:\Program Files\Java\jdk-20\bin\jimage.dll
Event: 1.187 Loaded shared library C:\Program Files\Java\jdk-20\bin\management.dll
Event: 1.208 Loaded shared library C:\Program Files\Java\jdk-20\bin\management_ext.dll
Event: 6.529 Loaded shared library C:\Program Files\Java\jdk-20\bin\sunmscapi.dll
Event: 10.282 Loaded shared library C:\Program Files\Java\jdk-20\bin\extnet.dll

Deoptimization events (20 events):
Event: 191.033 Thread 0x0000024154261af0 DEOPT PACKING pc=0x0000024107e558ac sp=0x000000f11a4f7230
Event: 191.033 Thread 0x0000024154261af0 DEOPT UNPACKING pc=0x000002410754d2a2 sp=0x000000f11a4f71c8 mode 2
Event: 191.890 Thread 0x0000024154261af0 Uncommon trap: trap_request=0xffffffc6 fr.pc=0x0000024107d58104 relative=0x0000000000003044
Event: 191.890 Thread 0x0000024154261af0 Uncommon trap: reason=bimorphic_or_optimized_type_check action=maybe_recompile pc=0x0000024107d58104 method=java.net.URL.<init>(Ljava/net/URL;Ljava/lang/String;Ljava/net/URLStreamHandler;)V @ 504 c2
Event: 191.890 Thread 0x0000024154261af0 DEOPT PACKING pc=0x0000024107d58104 sp=0x000000f11a4fc310
Event: 191.890 Thread 0x0000024154261af0 DEOPT UNPACKING pc=0x000002410754d2a2 sp=0x000000f11a4fc290 mode 2
Event: 191.890 Thread 0x0000024154261af0 Uncommon trap: trap_request=0xffffff45 fr.pc=0x0000024107e3c578 relative=0x0000000000000e58
Event: 191.890 Thread 0x0000024154261af0 Uncommon trap: reason=unstable_if action=reinterpret pc=0x0000024107e3c578 method=java.net.URLStreamHandler.parseURL(Ljava/net/URL;Ljava/lang/String;II)V @ 145 c2
Event: 191.890 Thread 0x0000024154261af0 DEOPT PACKING pc=0x0000024107e3c578 sp=0x000000f11a4fc200
Event: 191.890 Thread 0x0000024154261af0 DEOPT UNPACKING pc=0x000002410754d2a2 sp=0x000000f11a4fc1b8 mode 2
Event: 191.890 Thread 0x0000024154261af0 Uncommon trap: trap_request=0xffffff45 fr.pc=0x0000024107bee980 relative=0x00000000000009c0
Event: 191.890 Thread 0x0000024154261af0 Uncommon trap: reason=unstable_if action=reinterpret pc=0x0000024107bee980 method=sun.net.util.IPAddressUtil.scan(Ljava/lang/String;JJ[C)I @ 14 c2
Event: 191.891 Thread 0x0000024154261af0 DEOPT PACKING pc=0x0000024107bee980 sp=0x000000f11a4fc110
Event: 191.891 Thread 0x0000024154261af0 DEOPT UNPACKING pc=0x000002410754d2a2 sp=0x000000f11a4fbf58 mode 2
Event: 193.021 Thread 0x0000024154262040 DEOPT PACKING pc=0x00000241003ea222 sp=0x000000f11a3fc920
Event: 193.021 Thread 0x0000024154262040 DEOPT UNPACKING pc=0x000002410759e462 sp=0x000000f11a3fbdc8 mode 0
Event: 193.191 Thread 0x0000024154262ae0 DEOPT PACKING pc=0x0000024100f326c8 sp=0x000000f11acf9420
Event: 193.191 Thread 0x0000024154262ae0 DEOPT UNPACKING pc=0x000002410759e462 sp=0x000000f11acf88f8 mode 0
Event: 193.756 Thread 0x0000024154262ae0 DEOPT PACKING pc=0x0000024100f66e22 sp=0x000000f11acfc520
Event: 193.757 Thread 0x0000024154262ae0 DEOPT UNPACKING pc=0x000002410759e462 sp=0x000000f11acfba40 mode 0

Classes loaded (20 events):
Event: 191.894 Loading class javax/crypto/ProviderVerifier$1
Event: 191.894 Loading class javax/crypto/ProviderVerifier$1 done
Event: 191.897 Loading class com/sun/crypto/provider/HmacCore$HmacSHA512
Event: 191.898 Loading class com/sun/crypto/provider/HmacCore
Event: 191.898 Loading class javax/crypto/MacSpi
Event: 191.899 Loading class javax/crypto/MacSpi done
Event: 191.899 Loading class com/sun/crypto/provider/HmacCore done
Event: 191.899 Loading class com/sun/crypto/provider/HmacCore$HmacSHA512 done
Event: 191.899 Loading class sun/security/provider/SHA5$SHA512
Event: 191.900 Loading class sun/security/provider/SHA5
Event: 191.900 Loading class sun/security/provider/SHA5 done
Event: 191.900 Loading class sun/security/provider/SHA5$SHA512 done
Event: 191.906 Loading class java/io/PrintWriter$1
Event: 191.906 Loading class java/io/PrintWriter$1 done
Event: 191.909 Loading class sun/nio/cs/ISO_8859_1$Encoder
Event: 191.910 Loading class sun/nio/cs/ISO_8859_1$Encoder done
Event: 191.910 Loading class sun/nio/cs/Surrogate$Parser
Event: 191.910 Loading class sun/nio/cs/Surrogate$Parser done
Event: 191.910 Loading class sun/nio/cs/Surrogate
Event: 191.910 Loading class sun/nio/cs/Surrogate done

Classes unloaded (1 events):
Event: 21.855 Thread 0x000002417bfdb950 Unloading class 0x0000024110854000 'jdk/internal/reflect/GeneratedSerializationConstructorAccessor1'

Classes redefined (0 events):
No events

Internal exceptions (20 events):
Event: 142.809 Thread 0x0000024154264570 Exception <a 'java/lang/ClassNotFoundException'{0x0000000088830b68}: com/fasterxml/jackson/databind/jsonschema/SchemaAwareCustomizer> (0x0000000088830b68) 
thrown [s\open\src\hotspot\share\classfile\systemDictionary.cpp, line 305]
Event: 142.810 Thread 0x0000024154264ac0 Exception <a 'java/lang/ClassNotFoundException'{0x0000000088809498}: com/fasterxml/jackson/databind/jsonFormatVisitors/JsonFormatVisitableCustomizer> (0x0000000088809498) 
thrown [s\open\src\hotspot\share\classfile\systemDictionary.cpp, line 305]
Event: 142.811 Thread 0x0000024154261af0 Exception <a 'java/lang/ClassNotFoundException'{0x000000008884d4d0}: org/springframework/hateoas/mediatype/hal/Jackson2HalModule$TrueOnlyBooleanSerializerCustomizer> (0x000000008884d4d0) 
thrown [s\open\src\hotspot\share\classfile\systemDictionary.cpp, line 305]
Event: 142.812 Thread 0x0000024154260060 Exception <a 'java/lang/ClassNotFoundException'{0x00000000888461a8}: com/fasterxml/jackson/databind/jsonFormatVisitors/JsonFormatVisitableCustomizer> (0x00000000888461a8) 
thrown [s\open\src\hotspot\share\classfile\systemDictionary.cpp, line 305]
Event: 142.813 Thread 0x0000024154264ac0 Exception <a 'java/lang/ClassNotFoundException'{0x000000008885bc88}: com/fasterxml/jackson/databind/jsonschema/SchemaAwareCustomizer> (0x000000008885bc88) 
thrown [s\open\src\hotspot\share\classfile\systemDictionary.cpp, line 305]
Event: 142.814 Thread 0x0000024154261af0 Exception <a 'java/lang/ClassNotFoundException'{0x00000000888711e8}: com/fasterxml/jackson/databind/jsonFormatVisitors/JsonFormatVisitableCustomizer> (0x00000000888711e8) 
thrown [s\open\src\hotspot\share\classfile\systemDictionary.cpp, line 305]
Event: 142.815 Thread 0x0000024154260060 Exception <a 'java/lang/ClassNotFoundException'{0x000000008887b5e8}: com/fasterxml/jackson/databind/jsonschema/SchemaAwareCustomizer> (0x000000008887b5e8) 
thrown [s\open\src\hotspot\share\classfile\systemDictionary.cpp, line 305]
Event: 142.815 Thread 0x0000024154264ac0 Exception <a 'java/lang/ClassNotFoundException'{0x0000000088892290}: com/fasterxml/jackson/databind/jsonFormatVisitors/JsonFormatVisitableCustomizer> (0x0000000088892290) 
thrown [s\open\src\hotspot\share\classfile\systemDictionary.cpp, line 305]
Event: 142.817 Thread 0x0000024154261af0 Exception <a 'java/lang/ClassNotFoundException'{0x000000008888a938}: com/fasterxml/jackson/databind/jsonschema/SchemaAwareCustomizer> (0x000000008888a938) 
thrown [s\open\src\hotspot\share\classfile\systemDictionary.cpp, line 305]
Event: 142.817 Thread 0x0000024154264570 Exception <a 'java/lang/ClassNotFoundException'{0x00000000888a1568}: com/fasterxml/jackson/databind/jsonFormatVisitors/JsonFormatVisitableCustomizer> (0x00000000888a1568) 
thrown [s\open\src\hotspot\share\classfile\systemDictionary.cpp, line 305]
Event: 142.820 Thread 0x0000024154260060 Exception <a 'java/lang/ClassNotFoundException'{0x00000000888c1218}: com/fasterxml/jackson/databind/jsonFormatVisitors/JsonFormatVisitableCustomizer> (0x00000000888c1218) 
thrown [s\open\src\hotspot\share\classfile\systemDictionary.cpp, line 305]
Event: 142.823 Thread 0x0000024154261af0 Exception <a 'java/lang/ClassNotFoundException'{0x00000000888dfa40}: com/fasterxml/jackson/databind/jsonFormatVisitors/JsonFormatVisitableCustomizer> (0x00000000888dfa40) 
thrown [s\open\src\hotspot\share\classfile\systemDictionary.cpp, line 305]
Event: 142.916 Thread 0x0000024154265010 Exception <a 'java/lang/NoSuchMethodError'{0x0000000088345910}: 'java.lang.Object java.lang.invoke.DirectMethodHandle$Holder.invokeInterface(java.lang.Object, java.lang.Object, java.lang.Object, java.lang.Object, java.lang.Object)'> (0x0000000088345910) 
thrown [s\open\src\hotspot\share\interpreter\linkResolver.cpp, line 773]
Event: 142.916 Thread 0x0000024154263030 Exception <a 'java/lang/NoSuchMethodError'{0x000000008830bd68}: 'java.lang.Object java.lang.invoke.DirectMethodHandle$Holder.invokeInterface(java.lang.Object, java.lang.Object, java.lang.Object, java.lang.Object, java.lang.Object)'> (0x000000008830bd68) 
thrown [s\open\src\hotspot\share\interpreter\linkResolver.cpp, line 773]
Event: 189.365 Thread 0x0000024154261af0 Exception <a 'java/lang/NoSuchMethodError'{0x0000000088e427d8}: 'java.lang.Object java.lang.invoke.DirectMethodHandle$Holder.invokeStatic(java.lang.Object, int, int)'> (0x0000000088e427d8) 
thrown [s\open\src\hotspot\share\interpreter\linkResolver.cpp, line 773]
Event: 190.010 Thread 0x0000024154261af0 Exception <a 'java/lang/IncompatibleClassChangeError'{0x0000000088c57150}: Found class java.lang.Object, but interface was expected> (0x0000000088c57150) 
thrown [s\open\src\hotspot\share\interpreter\linkResolver.cpp, line 840]
Event: 190.421 Thread 0x0000024154261af0 Exception <a 'java/lang/ClassNotFoundException'{0x0000000088ca31a0}: java/lang/ObjectCustomizer> (0x0000000088ca31a0) 
thrown [s\open\src\hotspot\share\classfile\systemDictionary.cpp, line 305]
Event: 190.442 Thread 0x0000024154261af0 Exception <a 'java/lang/ClassNotFoundException'{0x0000000088cad6b8}: com/site3/ecommerce/dto/UserDtoCustomizer> (0x0000000088cad6b8) 
thrown [s\open\src\hotspot\share\classfile\systemDictionary.cpp, line 305]
Event: 190.509 Thread 0x0000024154261af0 Implicit null exception at 0x0000024107e6bb53 to 0x0000024107e6bc58
Event: 191.778 Thread 0x0000024154261af0 Exception <a 'sun/nio/fs/WindowsException'{0x00000000896046b8}> (0x00000000896046b8) 
thrown [s\open\src\hotspot\share\prims\jni.cpp, line 519]

VM Operations (20 events):
Event: 168.893 Executing VM operation: Cleanup
Event: 168.893 Executing VM operation: Cleanup done
Event: 178.983 Executing VM operation: Cleanup
Event: 178.983 Executing VM operation: Cleanup done
Event: 180.425 Executing VM operation: HandshakeAllThreads
Event: 180.425 Executing VM operation: HandshakeAllThreads done
Event: 189.505 Executing VM operation: Cleanup
Event: 189.521 Executing VM operation: Cleanup done
Event: 190.531 Executing VM operation: Cleanup
Event: 190.546 Executing VM operation: Cleanup done
Event: 191.180 Executing VM operation: G1CollectForAllocation
Event: 191.237 Executing VM operation: G1CollectForAllocation done
Event: 191.889 Executing VM operation: HandshakeAllThreads
Event: 191.889 Executing VM operation: HandshakeAllThreads done
Event: 192.890 Executing VM operation: Cleanup
Event: 192.890 Executing VM operation: Cleanup done
Event: 193.893 Executing VM operation: Cleanup
Event: 193.894 Executing VM operation: Cleanup done
Event: 194.905 Executing VM operation: Cleanup
Event: 194.907 Executing VM operation: Cleanup done

Events (20 events):
Event: 143.631 Thread 0x000002417bfdb950 flushing nmethod 0x0000024107c98490
Event: 143.631 Thread 0x000002417bfdb950 flushing nmethod 0x0000024107c40c90
Event: 143.631 Thread 0x000002417bfdb950 flushing nmethod 0x0000024107bfca10
Event: 143.631 Thread 0x000002417bfdb950 flushing nmethod 0x0000024107c23510
Event: 143.631 Thread 0x000002417bfdb950 flushing nmethod 0x0000024107b79810
Event: 143.631 Thread 0x000002417bfdb950 flushing nmethod 0x0000024107bc1490
Event: 143.631 Thread 0x000002417bfdb950 flushing nmethod 0x0000024107b08790
Event: 143.631 Thread 0x000002417bfdb950 flushing nmethod 0x0000024107adc990
Event: 145.448 Thread 0x000002417dc0d790 Thread added: 0x000002417dc0d790
Event: 145.448 Thread 0x000002417dc0ecd0 Thread added: 0x000002417dc0ecd0
Event: 147.469 Thread 0x00000241542615a0 Thread exited: 0x00000241542615a0
Event: 189.320 Thread 0x000002417cabcfa0 Thread added: 0x000002417cabcfa0
Event: 189.475 Thread 0x000002417cabcfa0 Thread exited: 0x000002417cabcfa0
Event: 189.931 Thread 0x000002417cabd530 Thread added: 0x000002417cabd530
Event: 190.322 Thread 0x000002417cabd530 Thread exited: 0x000002417cabd530
Event: 190.907 Thread 0x000002417cabd530 Thread added: 0x000002417cabd530
Event: 191.902 Thread 0x000002417cabd530 Thread exited: 0x000002417cabd530
Event: 192.887 Thread 0x000002417cabbef0 Thread added: 0x000002417cabbef0
Event: 193.685 Thread 0x00000241542615a0 Thread added: 0x00000241542615a0
Event: 194.865 Thread 0x000002417cabbef0 Thread exited: 0x000002417cabbef0


Dynamic libraries:
0x00007ff6a2060000 - 0x00007ff6a2070000 	C:\Program Files\Java\jdk-20\bin\javaw.exe
0x00007ffc2d9b0000 - 0x00007ffc2dba7000 	C:\WINDOWS\SYSTEM32\ntdll.dll
0x00007ffc2bb40000 - 0x00007ffc2bbfd000 	C:\WINDOWS\System32\KERNEL32.DLL
0x00007ffc2b100000 - 0x00007ffc2b3f6000 	C:\WINDOWS\System32\KERNELBASE.dll
0x000000006a150000 - 0x000000006a1ff000 	C:\ProgramData\Symantec\Symantec Endpoint Protection\14.3.5413.3000.105\Data\Sysfer\x64\sysfer.dll
0x00007ffc2b550000 - 0x00007ffc2b650000 	C:\WINDOWS\System32\ucrtbase.dll
0x00007ffc21390000 - 0x00007ffc213ab000 	C:\Program Files\Java\jdk-20\bin\VCRUNTIME140.dll
0x00007ffc20430000 - 0x00007ffc20449000 	C:\Program Files\Java\jdk-20\bin\jli.dll
0x00007ffc2c1a0000 - 0x00007ffc2c24e000 	C:\WINDOWS\System32\ADVAPI32.dll
0x00007ffc2c780000 - 0x00007ffc2c81e000 	C:\WINDOWS\System32\msvcrt.dll
0x00007ffc2d730000 - 0x00007ffc2d7cc000 	C:\WINDOWS\System32\sechost.dll
0x00007ffc2ba10000 - 0x00007ffc2bb36000 	C:\WINDOWS\System32\RPCRT4.dll
0x00007ffc2d7d0000 - 0x00007ffc2d96e000 	C:\WINDOWS\System32\USER32.dll
0x00007ffc2b930000 - 0x00007ffc2b952000 	C:\WINDOWS\System32\win32u.dll
0x00007ffc2d3c0000 - 0x00007ffc2d3ec000 	C:\WINDOWS\System32\GDI32.dll
0x00007ffc15080000 - 0x00007ffc1531a000 	C:\WINDOWS\WinSxS\amd64_microsoft.windows.common-controls_6595b64144ccf1df_6.0.19041.3570_none_60bb2a3971f3e41a\COMCTL32.dll
0x00007ffc2b430000 - 0x00007ffc2b54a000 	C:\WINDOWS\System32\gdi32full.dll
0x00007ffc2b650000 - 0x00007ffc2b6ed000 	C:\WINDOWS\System32\msvcp_win.dll
0x00007ffc23370000 - 0x00007ffc2337a000 	C:\WINDOWS\SYSTEM32\VERSION.dll
0x00007ffc2d390000 - 0x00007ffc2d3c0000 	C:\WINDOWS\System32\IMM32.DLL
0x00007ffc21380000 - 0x00007ffc2138c000 	C:\Program Files\Java\jdk-20\bin\vcruntime140_1.dll
0x00007ffc17d40000 - 0x00007ffc17dce000 	C:\Program Files\Java\jdk-20\bin\msvcp140.dll
0x00007ffb998d0000 - 0x00007ffb9a568000 	C:\Program Files\Java\jdk-20\bin\server\jvm.dll
0x00007ffba55c0000 - 0x00007ffba55c9000 	C:\WINDOWS\SYSTEM32\WSOCK32.dll
0x00007ffc2d590000 - 0x00007ffc2d5fb000 	C:\WINDOWS\System32\WS2_32.dll
0x00007ffc084f0000 - 0x00007ffc08517000 	C:\WINDOWS\SYSTEM32\WINMM.dll
0x00007ffc29910000 - 0x00007ffc29922000 	C:\WINDOWS\SYSTEM32\kernel.appcore.dll
0x00007ffc21340000 - 0x00007ffc2134a000 	C:\Program Files\Java\jdk-20\bin\jimage.dll
0x00007ffc252f0000 - 0x00007ffc254d4000 	C:\WINDOWS\SYSTEM32\DBGHELP.DLL
0x00007ffc18840000 - 0x00007ffc18874000 	C:\WINDOWS\SYSTEM32\dbgcore.DLL
0x00007ffc2b8a0000 - 0x00007ffc2b922000 	C:\WINDOWS\System32\bcryptPrimitives.dll
0x00007ffc17d10000 - 0x00007ffc17d36000 	C:\Program Files\Java\jdk-20\bin\java.dll
0x00007ffc17a80000 - 0x00007ffc17b57000 	C:\Program Files\Java\jdk-20\bin\jsvml.dll
0x00007ffc2c880000 - 0x00007ffc2cfc4000 	C:\WINDOWS\System32\SHELL32.dll
0x00007ffc290e0000 - 0x00007ffc2987b000 	C:\WINDOWS\SYSTEM32\windows.storage.dll
0x00007ffc2c250000 - 0x00007ffc2c5a4000 	C:\WINDOWS\System32\combase.dll
0x00007ffc2aa00000 - 0x00007ffc2aa2d000 	C:\WINDOWS\SYSTEM32\Wldp.dll
0x00007ffc2bc80000 - 0x00007ffc2bd2d000 	C:\WINDOWS\System32\SHCORE.dll
0x00007ffc2d6d0000 - 0x00007ffc2d725000 	C:\WINDOWS\System32\shlwapi.dll
0x00007ffc2afc0000 - 0x00007ffc2afe5000 	C:\WINDOWS\SYSTEM32\profapi.dll
0x00007ffc17a60000 - 0x00007ffc17a73000 	C:\Program Files\Java\jdk-20\bin\net.dll
0x00007ffc1c070000 - 0x00007ffc1c17a000 	C:\WINDOWS\SYSTEM32\WINHTTP.dll
0x00007ffc2a760000 - 0x00007ffc2a7ca000 	C:\WINDOWS\system32\mswsock.dll
0x00007ffc17a40000 - 0x00007ffc17a56000 	C:\Program Files\Java\jdk-20\bin\nio.dll
0x00007ffc17cf0000 - 0x00007ffc17d08000 	C:\Program Files\Java\jdk-20\bin\zip.dll
0x00007ffc21110000 - 0x00007ffc21120000 	C:\Program Files\Java\jdk-20\bin\verify.dll
0x00007ffc17930000 - 0x00007ffc1793a000 	C:\Program Files\Java\jdk-20\bin\management.dll
0x00007ffc15990000 - 0x00007ffc1599b000 	C:\Program Files\Java\jdk-20\bin\management_ext.dll
0x00007ffc2d290000 - 0x00007ffc2d298000 	C:\WINDOWS\System32\PSAPI.DLL
0x00007ffc2a450000 - 0x00007ffc2a48b000 	C:\WINDOWS\SYSTEM32\IPHLPAPI.DLL
0x00007ffc2c5b0000 - 0x00007ffc2c5b8000 	C:\WINDOWS\System32\NSI.dll
0x00007ffc1df40000 - 0x00007ffc1df57000 	C:\WINDOWS\SYSTEM32\dhcpcsvc6.DLL
0x00007ffc1e140000 - 0x00007ffc1e15d000 	C:\WINDOWS\SYSTEM32\dhcpcsvc.DLL
0x00007ffc2a4a0000 - 0x00007ffc2a56a000 	C:\WINDOWS\SYSTEM32\DNSAPI.dll
0x00007ffc202f0000 - 0x00007ffc202fa000 	C:\Windows\System32\rasadhlp.dll
0x00007ffc13fb0000 - 0x00007ffc14032000 	C:\WINDOWS\System32\fwpuclnt.dll
0x00007ffc2b400000 - 0x00007ffc2b427000 	C:\WINDOWS\System32\bcrypt.dll
0x00007ffbeaa00000 - 0x00007ffbeaa17000 	C:\WINDOWS\system32\napinsp.dll
0x00007ffbb1c40000 - 0x00007ffbb1c5b000 	C:\WINDOWS\system32\pnrpnsp.dll
0x00007ffc242b0000 - 0x00007ffc242c5000 	C:\WINDOWS\system32\wshbth.dll
0x00007ffc202c0000 - 0x00007ffc202dd000 	C:\WINDOWS\system32\NLAapi.dll
0x00007ffbb1c20000 - 0x00007ffbb1c32000 	C:\WINDOWS\System32\winrnr.dll
0x00007ffc2a950000 - 0x00007ffc2a968000 	C:\WINDOWS\SYSTEM32\CRYPTSP.dll
0x00007ffc2a070000 - 0x00007ffc2a0a4000 	C:\WINDOWS\system32\rsaenh.dll
0x00007ffc2af80000 - 0x00007ffc2afae000 	C:\WINDOWS\SYSTEM32\USERENV.dll
0x00007ffc2a970000 - 0x00007ffc2a97c000 	C:\WINDOWS\SYSTEM32\CRYPTBASE.dll
0x00007ffc20010000 - 0x00007ffc2001e000 	C:\Program Files\Java\jdk-20\bin\sunmscapi.dll
0x00007ffc2b6f0000 - 0x00007ffc2b84d000 	C:\WINDOWS\System32\CRYPT32.dll
0x00007ffc2aa70000 - 0x00007ffc2aa97000 	C:\WINDOWS\SYSTEM32\ncrypt.dll
0x00007ffc2aa30000 - 0x00007ffc2aa6b000 	C:\WINDOWS\SYSTEM32\NTASN1.dll
0x00007ffc15980000 - 0x00007ffc15987000 	C:\Program Files\Java\jdk-20\bin\extnet.dll
0x00007ffba5c80000 - 0x00007ffba5c87000 	C:\WINDOWS\system32\wshunix.dll

dbghelp: loaded successfully - version: 4.0.5 - missing functions: none
symbol engine: initialized successfully - sym options: 0x614 - pdb path: .;C:\Program Files\Java\jdk-20\bin;C:\WINDOWS\SYSTEM32;C:\ProgramData\Symantec\Symantec Endpoint Protection\14.3.5413.3000.105\Data\Sysfer\x64;C:\WINDOWS\WinSxS\amd64_microsoft.windows.common-controls_6595b64144ccf1df_6.0.19041.3570_none_60bb2a3971f3e41a;C:\Program Files\Java\jdk-20\bin\server

VM Arguments:
jvm_args: -Dfile.encoding=UTF-8 -Dstdout.encoding=UTF-8 -Dstderr.encoding=UTF-8 -XX:+ShowCodeDetailsInExceptionMessages 
java_command: com.site3.ecommerce.ECommerceApplication
java_class_path (initial): C:\Users\HP\Documents\1- Dev Info\Git_Repos\Ecom-App-BackEnd\e-commerce\target\classes;C:\Users\HP\.m2\repository\org\springframework\boot\spring-boot-starter-actuator\2.7.16\spring-boot-starter-actuator-2.7.16.jar;C:\Users\HP\.m2\repository\org\springframework\boot\spring-boot-starter\2.7.16\spring-boot-starter-2.7.16.jar;C:\Users\HP\.m2\repository\org\springframework\boot\spring-boot-starter-logging\2.7.16\spring-boot-starter-logging-2.7.16.jar;C:\Users\HP\.m2\repository\ch\qos\logback\logback-classic\1.2.12\logback-classic-1.2.12.jar;C:\Users\HP\.m2\repository\ch\qos\logback\logback-core\1.2.12\logback-core-1.2.12.jar;C:\Users\HP\.m2\repository\org\apache\logging\log4j\log4j-to-slf4j\2.17.2\log4j-to-slf4j-2.17.2.jar;C:\Users\HP\.m2\repository\org\apache\logging\log4j\log4j-api\2.17.2\log4j-api-2.17.2.jar;C:\Users\HP\.m2\repository\org\slf4j\jul-to-slf4j\1.7.36\jul-to-slf4j-1.7.36.jar;C:\Users\HP\.m2\repository\jakarta\annotation\jakarta.annotation-api\1.3.5\jakarta.annotation-api-1.3.5.jar;C:\Users\HP\.m2\repository\org\yaml\snakeyaml\1.30\snakeyaml-1.30.jar;C:\Users\HP\.m2\repository\org\springframework\boot\spring-boot-actuator-autoconfigure\2.7.16\spring-boot-actuator-autoconfigure-2.7.16.jar;C:\Users\HP\.m2\repository\org\springframework\boot\spring-boot-actuator\2.7.16\spring-boot-actuator-2.7.16.jar;C:\Users\HP\.m2\repository\com\fasterxml\jackson\datatype\jackson-datatype-jsr310\2.13.5\jackson-datatype-jsr310-2.13.5.jar;C:\Users\HP\.m2\repository\io\micrometer\micrometer-core\1.9.15\micrometer-core-1.9.15.jar;C:\Users\HP\.m2\repository\org\hdrhistogram\HdrHistogram\2.1.12\HdrHistogram-2.1.12.jar;C:\Users\HP\.m2\repository\org\latencyutils\LatencyUtils\2.0.3\LatencyUtils-2.0.3.jar;C:\Users\HP\.m2\repository\org\springframework\boot\spring-boot-starter-data-jpa\2.7.16\spring-boot-starter-data-jpa-2.7.16.jar;C:\Users\HP\.m2\repository\org\springframework\boot\spring-boot-starter-aop\2.7.16\spring-boot-starter-aop-2.7.16.jar;C:\Users\HP\.m2\repository\org\aspectj\aspectjweaver\1.9.7\aspectjweaver-1.9.7.jar;C:\Users\HP\.m2\repository\org\springframework\boot\spring-boot-starter-jdbc\2.7.16\spring-boot-starter-jdbc-2.7.16.jar;C:\Users\HP\.m2\repository\com\zaxxer\HikariCP\4.0.3\HikariCP-4.0.3.jar;C:\Users\HP\.m2\repository\org\springframework\spring-jdbc\5.3.30\spring-jdbc-5.3.30.jar;C:\Users\HP\.m2\repository\jakarta\transaction\jakarta.transaction-api\1.3.3\jakarta.transaction-api-1.3.3.jar;C:\Users\HP\.m2\repository\jakarta\persistence\jakarta.persistence-api\2.2.3\jakarta.persistence-api-2.2.3.jar;C:\Users\HP\.m2\repository\org\hibernate\hibernate-core\5.6.15.Final\hibernate-core-5.6.15.Final.jar;C:\Users\HP\.m2\repository\org\jboss\logging\jboss-logging\3.4.3.Final\jboss-logging-3.4.3.Final.jar;C:\Users\HP\.m2\repository\net\bytebuddy\byte-buddy\1.12.23\byte-buddy-1.12.23.jar;C:\Users\HP\.m2\repository\antlr\antlr\2.7.7\antlr-2.7.7.jar;C:\Users\HP\.m2\repository\org\jboss\jandex\2.4.2.Final\jandex-2.4.2.Final.jar;C:\Users\HP\.m2\repository\com\fasterxml\classmate\1.5.1\classmate-1.5.1.jar;C:\Users\HP\.m2\repository\org\hibernate\common\hibernate-commons-annotations\5.1.2.Final\hibernate-commons-annotations-5.1.2.Final.jar;C:\Users\HP\.m2\repository\org\glassfish\jaxb\jaxb-runtime\2.3.8\jaxb-runtime-2.3.8.jar;C:\Users\HP\.m2\repository\org\glassfish\jaxb\txw2\2.3.8\txw2-2.3.8.jar;C:\Users\HP\.m2\repository\com\sun\istack\istack-commons-runtime\3.0.12\istack-commons-runtime-3.0.12.jar;C:\Users\HP\.m2\repository\com\sun\activation\jakarta.activation\1.2.2\jakarta.activation-1.2.2.jar;C:\Users\HP\.m2\repository\org\springframework\data\spring-data-jpa\2.7.16\spring-data-jpa-2.7.16.jar;C:\Users\HP\.m2\repository\org\springframework\data\spring-data-commons\2.7.16\spring-data-commons-2.7.16.jar;C:\Users\HP\.m2\repository\org\springframework\spring-orm\5.3.30\spring-orm-5.3.30.jar;C:\Users\HP\.m2\repository\org\springframework\spring-context\5.3.30\spring-context-5.3.30.jar;C:\Users\HP\.m2\repository\org\springframework\spring-tx\5.3.30\spring-tx-5.3.30.jar;C:\Users\HP\.m2\repository\org\springframework\spring-beans\5.3.30\spring-beans-5.3.30.jar;C:\Users\HP\.m2\repository\org\slf4j\slf4j-api\1.7.36\slf4j-api-1.7.36.jar;C:\Users\HP\.m2\repository\org\springframework\spring-aspects\5.3.30\spring-aspects-5.3.30.jar;C:\Users\HP\.m2\repository\org\springframework\boot\spring-boot-starter-data-rest\2.7.16\spring-boot-starter-data-rest-2.7.16.jar;C:\Users\HP\.m2\repository\org\springframework\boot\spring-boot-starter-web\2.7.16\spring-boot-starter-web-2.7.16.jar;C:\Users\HP\.m2\repository\org\springframework\boot\spring-boot-starter-json\2.7.16\spring-boot-starter-json-2.7.16.jar;C:\Users\HP\.m2\repository\com\fasterxml\jackson\datatype\jackson-datatype-jdk8\2.13.5\jackson-datatype-jdk8-2.13.5.jar;C:\Users\HP\.m2\repository\com\fasterxml\jackson\module\jackson-module-parameter-names\2.13.5\jackson-module-parameter-names-2.13.5.jar;C:\Users\HP\.m2\repository\org\springframework\boot\spring-boot-starter-tomcat\2.7.16\spring-boot-starter-tomcat-2.7.16.jar;C:\Users\HP\.m2\repository\org\apache\tomcat\embed\tomcat-embed-core\9.0.80\tomcat-embed-core-9.0.80.jar;C:\Users\HP\.m2\repository\org\apache\tomcat\embed\tomcat-embed-el\9.0.80\tomcat-embed-el-9.0.80.jar;C:\Users\HP\.m2\repository\org\apache\tomcat\embed\tomcat-embed-websocket\9.0.80\tomcat-embed-websocket-9.0.80.jar;C:\Users\HP\.m2\repository\org\springframework\spring-web\5.3.30\spring-web-5.3.30.jar;C:\Users\HP\.m2\repository\org\springframework\spring-webmvc\5.3.30\spring-webmvc-5.3.30.jar;C:\Users\HP\.m2\repository\org\springframework\data\spring-data-rest-webmvc\3.7.16\spring-data-rest-webmvc-3.7.16.jar;C:\Users\HP\.m2\repository\org\springframework\data\spring-data-rest-core\3.7.16\spring-data-rest-core-3.7.16.jar;C:\Users\HP\.m2\repository\org\springframework\hateoas\spring-hateoas\1.5.5\spring-hateoas-1.5.5.jar;C:\Users\HP\.m2\repository\org\springframework\plugin\spring-plugin-core\2.0.0.RELEASE\spring-plugin-core-2.0.0.RELEASE.jar;C:\Users\HP\.m2\repository\org\atteo\evo-inflector\1.3\evo-inflector-1.3.jar;C:\Users\HP\.m2\repository\com\fasterxml\jackson\core\jackson-annotations\2.13.5\jackson-annotations-2.13.5.jar;C:\Users\HP\.m2\repository\org\springframework\cloud\spring-cloud-starter-netflix-eureka-client\3.1.7\spring-cloud-starter-netflix-eureka-client-3.1.7.jar;C:\Users\HP\.m2\repository\org\springframework\cloud\spring-cloud-starter\3.1.7\spring-cloud-starter-3.1.7.jar;C:\Users\HP\.m2\repository\org\springframework\cloud\spring-cloud-context\3.1.7\spring-cloud-context-3.1.7.jar;C:\Users\HP\.m2\repository\org\springframework\security\spring-security-crypto\5.7.11\spring-security-crypto-5.7.11.jar;C:\Users\HP\.m2\repository\org\springframework\cloud\spring-cloud-commons\3.1.7\spring-cloud-commons-3.1.7.jar;C:\Users\HP\.m2\repository\org\springframework\security\spring-security-rsa\1.0.11.RELEASE\spring-security-rsa-1.0.11.RELEASE.jar;C:\Users\HP\.m2\repository\org\bouncycastle\bcpkix-jdk15on\1.69\bcpkix-jdk15on-1.69.jar;C:\Users\HP\.m2\repository\org\bouncycastle\bcprov-jdk15on\1.69\bcprov-jdk15on-1.69.jar;C:\Users\HP\.m2\repository\org\bouncycastle\bcutil-jdk15on\1.69\bcutil-jdk15on-1.69.jar;C:\Users\HP\.m2\repository\org\springframework\cloud\spring-cloud-netflix-eureka-client\3.1.7\spring-cloud-netflix-eureka-client-3.1.7.jar;C:\Users\HP\.m2\repository\com\netflix\eureka\eureka-client\1.10.17\eureka-client-1.10.17.jar;C:\Users\HP\.m2\repository\com\netflix\netflix-commons\netflix-eventbus\0.3.0\netflix-eventbus-0.3.0.jar;C:\Users\HP\.m2\repository\com\netflix\netflix-commons\netflix-infix\0.3.0\netflix-infix-0.3.0.jar;C:\Users\HP\.m2\repository\commons-jxpath\commons-jxpath\1.3\commons-jxpath-1.3.jar;C:\Users\HP\.m2\repository\joda-time\joda-time\2.3\joda-time-2.3.jar;C:\Users\HP\.m2\repository\org\antlr\antlr-runtime\3.4\antlr-runtime-3.4.jar;C:\Users\HP\.m2\repository\org\antlr\stringtemplate\3.2.1\stringtemplate-3.2.1.jar;C:\Users\HP\.m2\repository\com\google\code\gson\gson\2.9.1\gson-2.9.1.jar;C:\Users\HP\.m2\repository\org\apache\commons\commons-math\2.2\commons-math-2.2.jar;C:\Users\HP\.m2\repository\com\thoughtworks\xstream\xstream\1.4.18\xstream-1.4.18.jar;C:\Users\HP\.m2\repository\io\github\x-stream\mxparser\1.2.2\mxparser-1.2.2.jar;C:\Users\HP\.m2\repository\xmlpull\xmlpull\1.1.3.1\xmlpull-1.1.3.1.jar;C:\Users\HP\.m2\repository\javax\ws\rs\jsr311-api\1.1.1\jsr311-api-1.1.1.jar;C:\Users\HP\.m2\repository\com\netflix\servo\servo-core\0.12.21\servo-core-0.12.21.jar;C:\Users\HP\.m2\repository\com\google\guava\guava\19.0\guava-19.0.jar;C:\Users\HP\.m2\repository\org\apache\httpcomponents\httpclient\4.5.14\httpclient-4.5.14.jar;C:\Users\HP\.m2\repository\org\apache\httpcomponents\httpcore\4.4.16\httpcore-4.4.16.jar;C:\Users\HP\.m2\repository\commons-codec\commons-codec\1.15\commons-codec-1.15.jar;C:\Users\HP\.m2\repository\commons-configuration\commons-configuration\1.10\commons-configuration-1.10.jar;C:\Users\HP\.m2\repository\commons-lang\commons-lang\2.6\commons-lang-2.6.jar;C:\Users\HP\.m2\repository\com\google\inject\guice\4.1.0\guice-4.1.0.jar;C:\Users\HP\.m2\repository\javax\inject\javax.inject\1\javax.inject-1.jar;C:\Users\HP\.m2\repository\com\fasterxml\jackson\core\jackson-core\2.13.5\jackson-core-2.13.5.jar;C:\Users\HP\.m2\repository\org\codehaus\jettison\jettison\1.4.0\jettison-1.4.0.jar;C:\Users\HP\.m2\repository\com\netflix\eureka\eureka-core\1.10.17\eureka-core-1.10.17.jar;C:\Users\HP\.m2\repository\com\fasterxml\woodstox\woodstox-core\6.2.1\woodstox-core-6.2.1.jar;C:\Users\HP\.m2\repository\org\codehaus\woodstox\stax2-api\4.2.1\stax2-api-4.2.1.jar;C:\Users\HP\.m2\repository\org\springframework\cloud\spring-cloud-starter-loadbalancer\3.1.7\spring-cloud-starter-loadbalancer-3.1.7.jar;C:\Users\HP\.m2\repository\org\springframework\cloud\spring-cloud-loadbalancer\3.1.7\spring-cloud-loadbalancer-3.1.7.jar;C:\Users\HP\.m2\repository\io\projectreactor\reactor-core\3.4.32\reactor-core-3.4.32.jar;C:\Users\HP\.m2\repository\org\reactivestreams\reactive-streams\1.0.4\reactive-streams-1.0.4.jar;C:\Users\HP\.m2\repository\io\projectreactor\addons\reactor-extra\3.4.10\reactor-extra-3.4.10.jar;C:\Users\HP\.m2\repository\org\springframework\boot\spring-boot-starter-cache\2.7.16\spring-boot-starter-cache-2.7.16.jar;C:\Users\HP\.m2\repository\org\springframework\spring-context-support\5.3.30\spring-context-support-5.3.30.jar;C:\Users\HP\.m2\repository\com\stoyanr\evictor\1.0.0\evictor-1.0.0.jar;C:\Users\HP\.m2\repository\org\springframework\boot\spring-boot-devtools\2.7.16\spring-boot-devtools-2.7.16.jar;C:\Users\HP\.m2\repository\org\springframework\boot\spring-boot\2.7.16\spring-boot-2.7.16.jar;C:\Users\HP\.m2\repository\org\springframework\boot\spring-boot-autoconfigure\2.7.16\spring-boot-autoconfigure-2.7.16.jar;C:\Users\HP\.m2\repository\com\mysql\mysql-connector-j\8.0.33\mysql-connector-j-8.0.33.jar;C:\Users\HP\.m2\repository\org\projectlombok\lombok\1.18.30\lombok-1.18.30.jar;C:\Users\HP\.m2\repository\com\jayway\jsonpath\json-path\2.7.0\json-path-2.7.0.jar;C:\Users\HP\.m2\repository\net\minidev\json-smart\2.4.11\json-smart-2.4.11.jar;C:\Users\HP\.m2\repository\net\minidev\accessors-smart\2.4.11\accessors-smart-2.4.11.jar;C:\Users\HP\.m2\repository\org\ow2\asm\asm\9.3\asm-9.3.jar;C:\Users\HP\.m2\repository\jakarta\xml\bind\jakarta.xml.bind-api\2.3.3\jakarta.xml.bind-api-2.3.3.jar;C:\Users\HP\.m2\repository\jakarta\activation\jakarta.activation-api\1.2.2\jakarta.activation-api-1.2.2.jar;C:\Users\HP\.m2\repository\org\springframework\spring-core\5.3.30\spring-core-5.3.30.jar;C:\Users\HP\.m2\repository\org\springframework\spring-jcl\5.3.30\spring-jcl-5.3.30.jar;C:\Users\HP\.m2\repository\org\springdoc\springdoc-openapi-ui\1.7.0\springdoc-openapi-ui-1.7.0.jar;C:\Users\HP\.m2\repository\org\springdoc\springdoc-openapi-webmvc-core\1.7.0\springdoc-openapi-webmvc-core-1.7.0.jar;C:\Users\HP\.m2\repository\org\springdoc\springdoc-openapi-common\1.7.0\springdoc-openapi-common-1.7.0.jar;C:\Users\HP\.m2\repository\io\swagger\core\v3\swagger-core\2.2.9\swagger-core-2.2.9.jar;C:\Users\HP\.m2\repository\org\apache\commons\commons-lang3\3.12.0\commons-lang3-3.12.0.jar;C:\Users\HP\.m2\repository\com\fasterxml\jackson\dataformat\jackson-dataformat-yaml\2.13.5\jackson-dataformat-yaml-2.13.5.jar;C:\Users\HP\.m2\repository\io\swagger\core\v3\swagger-annotations\2.2.9\swagger-annotations-2.2.9.jar;C:\Users\HP\.m2\repository\io\swagger\core\v3\swagger-models\2.2.9\swagger-models-2.2.9.jar;C:\Users\HP\.m2\repository\jakarta\validation\jakarta.validation-api\2.0.2\jakarta.validation-api-2.0.2.jar;C:\Users\HP\.m2\repository\org\webjars\swagger-ui\4.18.2\swagger-ui-4.18.2.jar;C:\Users\HP\.m2\repository\org\springframework\boot\spring-boot-starter-security\2.7.16\spring-boot-starter-security-2.7.16.jar;C:\Users\HP\.m2\repository\org\springframework\spring-aop\5.3.30\spring-aop-5.3.30.jar;C:\Users\HP\.m2\repository\org\springframework\security\spring-security-config\5.7.11\spring-security-config-5.7.11.jar;C:\Users\HP\.m2\repository\org\springframework\security\spring-security-core\5.7.11\spring-security-core-5.7.11.jar;C:\Users\HP\.m2\repository\org\springframework\security\spring-security-web\5.7.11\spring-security-web-5.7.11.jar;C:\Users\HP\.m2\repository\org\springframework\spring-expression\5.3.30\spring-expression-5.3.30.jar;C:\Users\HP\.m2\repository\io\jsonwebtoken\jjwt\0.9.1\jjwt-0.9.1.jar;C:\Users\HP\.m2\repository\com\fasterxml\jackson\core\jackson-databind\2.13.5\jackson-databind-2.13.5.jar;C:\Users\HP\.m2\repository\org\modelmapper\modelmapper\3.0.0\modelmapper-3.0.0.jar
Launcher Type: SUN_STANDARD

[Global flags]
     intx CICompilerCount                          = 4                                         {product} {ergonomic}
     uint ConcGCThreads                            = 2                                         {product} {ergonomic}
     uint G1ConcRefinementThreads                  = 8                                         {product} {ergonomic}
   size_t G1HeapRegionSize                         = 1048576                                   {product} {ergonomic}
    uintx GCDrainStackTargetSize                   = 64                                        {product} {ergonomic}
   size_t InitialHeapSize                          = 132120576                                 {product} {ergonomic}
   size_t MarkStackSize                            = 4194304                                   {product} {ergonomic}
   size_t MaxHeapSize                              = 2090860544                                {product} {ergonomic}
   size_t MaxNewSize                               = 1254096896                                {product} {ergonomic}
   size_t MinHeapDeltaBytes                        = 1048576                                   {product} {ergonomic}
   size_t MinHeapSize                              = 8388608                                   {product} {ergonomic}
    uintx NonNMethodCodeHeapSize                   = 5839372                                {pd product} {ergonomic}
    uintx NonProfiledCodeHeapSize                  = 122909434                              {pd product} {ergonomic}
    uintx ProfiledCodeHeapSize                     = 122909434                              {pd product} {ergonomic}
    uintx ReservedCodeCacheSize                    = 251658240                              {pd product} {ergonomic}
     bool SegmentedCodeCache                       = true                                      {product} {ergonomic}
     bool ShowCodeDetailsInExceptionMessages       = true                                   {manageable} {command line}
   size_t SoftMaxHeapSize                          = 2090860544                             {manageable} {ergonomic}
     bool UseCompressedClassPointers               = true                           {product lp64_product} {ergonomic}
     bool UseCompressedOops                        = true                           {product lp64_product} {ergonomic}
     bool UseG1GC                                  = true                                      {product} {ergonomic}
     bool UseLargePagesIndividualAllocation        = false                                  {pd product} {ergonomic}

Logging:
Log output configuration:
 #0: stdout all=warning uptime,level,tags foldmultilines=false
 #1: stderr all=off uptime,level,tags foldmultilines=false

Environment Variables:
JAVA_HOME=C:\Program Files\Java\jdk-20
PATH=C:\Program Files\Common Files\Oracle\Java\javapath;C:\Python311\Scripts\;C:\Python311\;C:\WINDOWS\system32;C:\WINDOWS;C:\WINDOWS\System32\Wbem;C:\WINDOWS\System32\WindowsPowerShell\v1.0\;C:\WINDOWS\System32\OpenSSH\;C:\xampp\php;C:\ProgramData\ComposerSetup\bin;C:\Program Files\nodejs\;C:\ProgramData\chocolatey\bin;C:\Program Files\Microsoft SQL Server\150\Tools\Binn\;C:\Program Files\Microsoft SQL Server\Client SDK\ODBC\170\Tools\Binn\;C:\Program Files\dotnet\;C:\Program Files\Java\jdk-20\bin;C:\Users\HP\Documents\1- Dev Info\Runtime Env\apache-maven-3.9.4-bin\apache-maven-3.9.4\bin;C:\Program Files\Git\cmd;C:\Users\HP\AppData\Local\Microsoft\WindowsApps;C:\Users\HP\AppData\Local\Programs\Microsoft VS Code\bin;C:\Users\HP\AppData\Roaming\Composer\vendor\bin;C:\Users\HP\AppData\Roaming\npm;C:\Users\HP\.dotnet\tools;C:\Program Files\Java\jdk-20\bin;
USERNAME=HP
OS=Windows_NT
PROCESSOR_IDENTIFIER=Intel64 Family 6 Model 126 Stepping 5, GenuineIntel
TMP=C:\Users\HP\AppData\Local\Temp
TEMP=C:\Users\HP\AppData\Local\Temp




---------------  S Y S T E M  ---------------

OS:
 Windows 10 , 64 bit Build 19041 (10.0.19041.3570)
OS uptime: 18 days 12:35 hours

CPU: total 8 (initial active 8) (4 cores per cpu, 2 threads per core) family 6 model 126 stepping 5 microcode 0xa0, cx8, cmov, fxsr, ht, mmx, 3dnowpref, sse, sse2, sse3, ssse3, sse4.1, sse4.2, popcnt, lzcnt, tsc, tscinvbit, avx, avx2, aes, erms, clmul, bmi1, bmi2, adx, avx512f, avx512dq, avx512cd, avx512bw, avx512vl, sha, fma, vzeroupper, avx512_vpopcntdq, avx512_vpclmulqdq, avx512_vaes, avx512_vnni, clflush, clflushopt, avx512_vbmi2, avx512_vbmi, rdtscp, rdpid, fsrm, gfni, avx512_bitalg, f16c, pku, avx512_ifma

Memory: 4k page, system-wide physical 7973M (308M free)
TotalPageFile size 32549M (AvailPageFile size 115M)
current process WorkingSet (physical memory assigned to process): 217M, peak: 302M
current process commit charge ("private bytes"): 367M, peak: 368M

vm_info: Java HotSpot(TM) 64-Bit Server VM (20.0.2+9-78) for windows-amd64 JRE (20.0.2+9-78), built on 2023-06-14T10:08:48Z by "mach5one" with MS VC++ 17.1 (VS2022)

END.
